<?xml version="1.0" encoding="UTF-8"?>
<testsuite xmlns:xsi="http://www.w3.org/2001/XMLSchema-instance" xsi:noNamespaceSchemaLocation="https://maven.apache.org/surefire/maven-surefire-plugin/xsd/surefire-test-report-3.0.xsd" version="3.0" name="org.vfeeg.eegfaktura.billing.EegfakturaBillingApplicationTests" time="21.099" tests="13" errors="0" skipped="0" failures="0">
  <properties>
[...]
</properties>
  <testcase name="testBillingDocumentNumberGenerator_YearMix" classname="org.vfeeg.eegfaktura.billing.EegfakturaBillingApplicationTests" time="1.481">
    <system-out><![CDATA[22:25:30.590 [main] INFO org.springframework.test.context.support.AnnotationConfigContextLoaderUtils -- Could not detect default configuration classes for test class [org.vfeeg.eegfaktura.billing.EegfakturaBillingApplicationTests]: EegfakturaBillingApplicationTests does not declare any static, non-private, non-final, nested classes annotated with @Configuration.
22:25:30.724 [main] INFO org.springframework.boot.test.context.SpringBootTestContextBootstrapper -- Found @SpringBootConfiguration org.vfeeg.eegfaktura.billing.EegfakturaBillingApplication for test class org.vfeeg.eegfaktura.billing.EegfakturaBillingApplicationTests
22:25:30.883 [main] INFO org.testcontainers.utility.ImageNameSubstitutor -- Image name substitution will be performed by: DefaultImageNameSubstitutor (composite of 'ConfigurationFileImageNameSubstitutor' and 'PrefixingImageNameSubstitutor')
22:25:31.193 [main] INFO org.testcontainers.dockerclient.DockerClientProviderStrategy -- Loaded org.testcontainers.dockerclient.UnixSocketClientProviderStrategy from ~/.testcontainers.properties, will try it first
22:25:31.489 [main] INFO org.testcontainers.dockerclient.DockerClientProviderStrategy -- Found Docker environment with local Unix socket (unix:///var/run/docker.sock)
22:25:31.491 [main] INFO org.testcontainers.DockerClientFactory -- Docker host IP address is localhost
22:25:31.511 [main] INFO org.testcontainers.DockerClientFactory -- Connected to docker: 
  Server Version: 23.0.6
  API Version: 1.42
  Operating System: Alpine Linux v3.18
  Total Memory: 5937 MB
22:25:31.554 [main] INFO tc.testcontainers/ryuk:0.5.1 -- Creating container for image: testcontainers/ryuk:0.5.1
22:25:31.579 [main] INFO org.testcontainers.utility.RegistryAuthLocator -- Credential helper/store (docker-credential-pass) does not have credentials for https://index.docker.io/v1/
22:25:31.696 [main] INFO tc.testcontainers/ryuk:0.5.1 -- Container testcontainers/ryuk:0.5.1 is starting: 6673236ccdf54a969da5ee5b7371dc0e04f4382b080ccaf9686574a6794e3dea
22:25:32.220 [main] INFO tc.testcontainers/ryuk:0.5.1 -- Container testcontainers/ryuk:0.5.1 started in PT0.699133157S
22:25:32.228 [main] INFO org.testcontainers.utility.RyukResourceReaper -- Ryuk started - will monitor and terminate Testcontainers containers on JVM exit
22:25:32.229 [main] INFO org.testcontainers.DockerClientFactory -- Checking the system...
22:25:32.229 [main] INFO org.testcontainers.DockerClientFactory -- ✔︎ Docker server version should be at least 1.6.0
22:25:32.230 [main] INFO tc.postgres:15-alpine -- Creating container for image: postgres:15-alpine
22:25:32.231 [main] WARN tc.postgres:15-alpine -- Reuse was requested but the environment does not support the reuse of containers
To enable reuse of containers, you must set 'testcontainers.reuse.enable=true' in a file located at /home/hla/.testcontainers.properties
22:25:32.257 [main] INFO tc.postgres:15-alpine -- Container postgres:15-alpine is starting: df9812acab6da4e0689c861be12a6d72245b182079019c4820cea01e5110903b
22:25:34.350 [main] INFO tc.postgres:15-alpine -- Container postgres:15-alpine started in PT2.12059919S
22:25:34.352 [main] INFO tc.postgres:15-alpine -- Container is started (JDBC URL: jdbc:postgresql://localhost:32773/test?loggerLevel=OFF)
22:25:34.419 [main] INFO org.springframework.boot.devtools.restart.RestartApplicationListener -- Restart disabled due to context in which it is running

  .   ____          _            __ _ _
 /\\ / ___'_ __ _ _(_)_ __  __ _ \ \ \ \
( ( )\___ | '_ | '_| | '_ \/ _` | \ \ \ \
 \\/  ___)| |_)| | | | | || (_| |  ) ) ) )
  '  |____| .__|_| |_|_| |_\__, | / / / /
 =========|_|==============|___/=/_/_/_/
 :: Spring Boot ::                (v3.1.7)

2024-02-22T22:25:34.844+01:00  WARN 17465 --- [           main] ory$DuplicateJsonObjectContextCustomizer : 

Found multiple occurrences of org.json.JSONObject on the class path:

	jar:file:/home/hla/.m2/repository/com/vaadin/external/google/android-json/0.0.20131108.vaadin1/android-json-0.0.20131108.vaadin1.jar!/org/json/JSONObject.class
	jar:file:/home/hla/.m2/repository/org/json/json/20231013/json-20231013.jar!/org/json/JSONObject.class

You may wish to exclude one of them to ensure predictable runtime behavior

2024-02-22T22:25:34.883+01:00  INFO 17465 --- [           main] .v.e.b.EegfakturaBillingApplicationTests : Starting EegfakturaBillingApplicationTests using Java 17.0.9 with PID 17465 (started by hla in /home/hla/IdeaProjects/eegfaktura-billing)
2024-02-22T22:25:34.886+01:00  INFO 17465 --- [           main] .v.e.b.EegfakturaBillingApplicationTests : No active profile set, falling back to 1 default profile: "default"
2024-02-22T22:25:35.960+01:00  INFO 17465 --- [           main] .s.d.r.c.RepositoryConfigurationDelegate : Bootstrapping Spring Data JPA repositories in DEFAULT mode.
2024-02-22T22:25:36.135+01:00  INFO 17465 --- [           main] .s.d.r.c.RepositoryConfigurationDelegate : Finished Spring Data repository scanning in 163 ms. Found 8 JPA repository interfaces.
2024-02-22T22:25:37.302+01:00  INFO 17465 --- [           main] o.f.c.internal.license.VersionPrinter    : Flyway Community Edition 9.16.3 by Redgate
2024-02-22T22:25:37.302+01:00  INFO 17465 --- [           main] o.f.c.internal.license.VersionPrinter    : See release notes here: https://rd.gt/416ObMi
2024-02-22T22:25:37.302+01:00  INFO 17465 --- [           main] o.f.c.internal.license.VersionPrinter    : 
2024-02-22T22:25:37.306+01:00 DEBUG 17465 --- [           main] o.f.c.i.s.classpath.ClassPathScanner     : Scanning for classpath resources at 'classpath:db/callback' ...
2024-02-22T22:25:37.306+01:00 DEBUG 17465 --- [           main] o.f.c.i.s.classpath.ClassPathScanner     : Determining location urls for classpath:db/callback using ClassLoader jdk.internal.loader.ClassLoaders$AppClassLoader@d9264a4a ...
2024-02-22T22:25:37.306+01:00 DEBUG 17465 --- [           main] o.f.c.i.s.classpath.ClassPathScanner     : Unable to resolve location classpath:db/callback.
2024-02-22T22:25:37.307+01:00 DEBUG 17465 --- [           main] o.f.c.i.s.classpath.ClassPathScanner     : Scanning for classpath resources at 'classpath:db/migration' ...
2024-02-22T22:25:37.307+01:00 DEBUG 17465 --- [           main] o.f.c.i.s.classpath.ClassPathScanner     : Determining location urls for classpath:db/migration using ClassLoader jdk.internal.loader.ClassLoaders$AppClassLoader@d9264a4a ...
2024-02-22T22:25:37.307+01:00 DEBUG 17465 --- [           main] o.f.c.i.s.classpath.ClassPathScanner     : Scanning URL: file:/home/hla/IdeaProjects/eegfaktura-billing/target/classes/db/migration
2024-02-22T22:25:37.309+01:00 DEBUG 17465 --- [           main] i.s.c.FileSystemClassPathLocationScanner : Scanning starting at classpath root in filesystem: /home/hla/IdeaProjects/eegfaktura-billing/target/classes/
2024-02-22T22:25:37.309+01:00 DEBUG 17465 --- [           main] i.s.c.FileSystemClassPathLocationScanner : Scanning for resources in path: /home/hla/IdeaProjects/eegfaktura-billing/target/classes/db/migration (db/migration)
2024-02-22T22:25:37.310+01:00 DEBUG 17465 --- [           main] o.f.c.i.s.classpath.ClassPathScanner     : Found resource: db/migration/V1_0__init_schema.sql
2024-02-22T22:25:37.310+01:00 DEBUG 17465 --- [           main] o.f.c.i.s.classpath.ClassPathScanner     : Found resource: db/migration/V1_1__migration.sql
2024-02-22T22:25:37.311+01:00 DEBUG 17465 --- [           main] o.f.c.i.s.classpath.ClassPathScanner     : Found resource: db/migration/V1_2__migration.sql
2024-02-22T22:25:37.311+01:00 DEBUG 17465 --- [           main] o.f.c.i.s.classpath.ClassPathScanner     : Found resource: db/migration/V1_3__migration.sql
2024-02-22T22:25:37.311+01:00 DEBUG 17465 --- [           main] o.f.c.i.s.classpath.ClassPathScanner     : Found resource: db/migration/V1_4__migration.sql
2024-02-22T22:25:37.311+01:00 DEBUG 17465 --- [           main] o.f.c.i.s.classpath.ClassPathScanner     : Found resource: db/migration/V1_5__migration.sql
2024-02-22T22:25:37.311+01:00 DEBUG 17465 --- [           main] o.f.c.i.s.classpath.ClassPathScanner     : Found resource: db/migration/V1_6__migration.sql
2024-02-22T22:25:37.311+01:00 DEBUG 17465 --- [           main] o.f.c.i.s.classpath.ClassPathScanner     : Found resource: db/migration/V1_7__migration.sql
2024-02-22T22:25:37.312+01:00 DEBUG 17465 --- [           main] o.f.c.i.s.classpath.ClassPathScanner     : Found resource: db/migration/V1_8__migration.sql
2024-02-22T22:25:37.312+01:00 DEBUG 17465 --- [           main] o.f.c.i.s.classpath.ClassPathScanner     : Scanning for classes at classpath:db/migration
2024-02-22T22:25:37.316+01:00 DEBUG 17465 --- [           main] o.f.c.i.resource.ResourceNameValidator   : Validating V1_6__migration.sql
2024-02-22T22:25:37.317+01:00 DEBUG 17465 --- [           main] o.f.c.i.resource.ResourceNameValidator   : Validating V1_2__migration.sql
2024-02-22T22:25:37.317+01:00 DEBUG 17465 --- [           main] o.f.c.i.resource.ResourceNameValidator   : Validating V1_8__migration.sql
2024-02-22T22:25:37.317+01:00 DEBUG 17465 --- [           main] o.f.c.i.resource.ResourceNameValidator   : Validating V1_0__init_schema.sql
2024-02-22T22:25:37.317+01:00 DEBUG 17465 --- [           main] o.f.c.i.resource.ResourceNameValidator   : Validating V1_7__migration.sql
2024-02-22T22:25:37.318+01:00 DEBUG 17465 --- [           main] o.f.c.i.resource.ResourceNameValidator   : Validating V1_1__migration.sql
2024-02-22T22:25:37.318+01:00 DEBUG 17465 --- [           main] o.f.c.i.resource.ResourceNameValidator   : Validating V1_4__migration.sql
2024-02-22T22:25:37.318+01:00 DEBUG 17465 --- [           main] o.f.c.i.resource.ResourceNameValidator   : Validating V1_5__migration.sql
2024-02-22T22:25:37.318+01:00 DEBUG 17465 --- [           main] o.f.c.i.resource.ResourceNameValidator   : Validating V1_3__migration.sql
2024-02-22T22:25:37.321+01:00  INFO 17465 --- [           main] com.zaxxer.hikari.HikariDataSource       : HikariPool-1 - Starting...
2024-02-22T22:25:37.479+01:00  INFO 17465 --- [           main] com.zaxxer.hikari.pool.HikariPool        : HikariPool-1 - Added connection org.postgresql.jdbc.PgConnection@750965ed
2024-02-22T22:25:37.480+01:00  INFO 17465 --- [           main] com.zaxxer.hikari.HikariDataSource       : HikariPool-1 - Start completed.
2024-02-22T22:25:37.498+01:00  INFO 17465 --- [           main] o.f.c.i.database.base.BaseDatabaseType   : Database: jdbc:postgresql://localhost:32773/test (PostgreSQL 15.5)
2024-02-22T22:25:37.499+01:00 DEBUG 17465 --- [           main] o.f.c.i.database.base.BaseDatabaseType   : Driver  : PostgreSQL JDBC Driver 42.6.0
2024-02-22T22:25:37.502+01:00 DEBUG 17465 --- [           main] org.flywaydb.core.FlywayExecutor         : DDL Transactions Supported: true
2024-02-22T22:25:37.503+01:00 DEBUG 17465 --- [           main] o.f.c.i.s.SchemaHistoryFactory           : Schemas: 
2024-02-22T22:25:37.504+01:00 DEBUG 17465 --- [           main] o.f.c.i.s.SchemaHistoryFactory           : Default schema: null
2024-02-22T22:25:37.519+01:00 DEBUG 17465 --- [           main] o.f.c.i.c.SqlScriptCallbackFactory       : Scanning for SQL callbacks ...
2024-02-22T22:25:37.533+01:00 DEBUG 17465 --- [           main] o.f.core.internal.command.DbValidate     : Validating migrations ...
2024-02-22T22:25:37.548+01:00 DEBUG 17465 --- [           main] o.f.core.internal.scanner.Scanner        : Filtering out resource: db/migration/V1_6__migration.sql (filename: V1_6__migration.sql)
2024-02-22T22:25:37.548+01:00 DEBUG 17465 --- [           main] o.f.core.internal.scanner.Scanner        : Filtering out resource: db/migration/V1_2__migration.sql (filename: V1_2__migration.sql)
2024-02-22T22:25:37.549+01:00 DEBUG 17465 --- [           main] o.f.core.internal.scanner.Scanner        : Filtering out resource: db/migration/V1_8__migration.sql (filename: V1_8__migration.sql)
2024-02-22T22:25:37.549+01:00 DEBUG 17465 --- [           main] o.f.core.internal.scanner.Scanner        : Filtering out resource: db/migration/V1_0__init_schema.sql (filename: V1_0__init_schema.sql)
2024-02-22T22:25:37.549+01:00 DEBUG 17465 --- [           main] o.f.core.internal.scanner.Scanner        : Filtering out resource: db/migration/V1_7__migration.sql (filename: V1_7__migration.sql)
2024-02-22T22:25:37.549+01:00 DEBUG 17465 --- [           main] o.f.core.internal.scanner.Scanner        : Filtering out resource: db/migration/V1_1__migration.sql (filename: V1_1__migration.sql)
2024-02-22T22:25:37.549+01:00 DEBUG 17465 --- [           main] o.f.core.internal.scanner.Scanner        : Filtering out resource: db/migration/V1_4__migration.sql (filename: V1_4__migration.sql)
2024-02-22T22:25:37.549+01:00 DEBUG 17465 --- [           main] o.f.core.internal.scanner.Scanner        : Filtering out resource: db/migration/V1_5__migration.sql (filename: V1_5__migration.sql)
2024-02-22T22:25:37.549+01:00 DEBUG 17465 --- [           main] o.f.core.internal.scanner.Scanner        : Filtering out resource: db/migration/V1_3__migration.sql (filename: V1_3__migration.sql)
2024-02-22T22:25:37.556+01:00  INFO 17465 --- [           main] o.f.c.i.s.JdbcTableSchemaHistory         : Schema history table "public"."flyway_schema_history" does not exist yet
2024-02-22T22:25:37.561+01:00  INFO 17465 --- [           main] o.f.core.internal.command.DbValidate     : Successfully validated 9 migrations (execution time 00:00.026s)
2024-02-22T22:25:37.565+01:00 DEBUG 17465 --- [           main] o.f.core.internal.command.DbSchemas      : Skipping creation of existing schema: "public"
2024-02-22T22:25:37.591+01:00  INFO 17465 --- [           main] o.f.c.i.s.JdbcTableSchemaHistory         : Creating Schema History table "public"."flyway_schema_history" ...
2024-02-22T22:25:37.596+01:00 DEBUG 17465 --- [           main] o.flywaydb.core.internal.parser.Parser   : Parsing  ...
2024-02-22T22:25:37.609+01:00 DEBUG 17465 --- [           main] o.f.c.i.sqlscript.ParserSqlScript        : Found statement at line 1: CREATE TABLE "public"."flyway_schema_history" (
    "installed_rank" INT NOT NULL,
    "version" VARCHAR(50),
    "description" VARCHAR(200) NOT NULL,
    "type" VARCHAR(20) NOT NULL,
    "script" VARCHAR(1000) NOT NULL,
    "checksum" INTEGER,
    "installed_by" VARCHAR(100) NOT NULL,
    "installed_on" TIMESTAMP NOT NULL DEFAULT now(),
    "execution_time" INTEGER NOT NULL,
    "success" BOOLEAN NOT NULL
)
2024-02-22T22:25:37.610+01:00 DEBUG 17465 --- [           main] o.f.c.i.sqlscript.ParserSqlScript        : Found statement at line 13: ALTER TABLE "public"."flyway_schema_history" ADD CONSTRAINT "flyway_schema_history_pk" PRIMARY KEY ("installed_rank")
2024-02-22T22:25:37.610+01:00 DEBUG 17465 --- [           main] o.f.c.i.sqlscript.ParserSqlScript        : Found statement at line 14: CREATE INDEX "flyway_schema_history_s_idx" ON "public"."flyway_schema_history" ("success")
2024-02-22T22:25:37.611+01:00 DEBUG 17465 --- [           main] o.f.c.i.s.DefaultSqlScriptExecutor       : Executing SQL: CREATE TABLE "public"."flyway_schema_history" (
    "installed_rank" INT NOT NULL,
    "version" VARCHAR(50),
    "description" VARCHAR(200) NOT NULL,
    "type" VARCHAR(20) NOT NULL,
    "script" VARCHAR(1000) NOT NULL,
    "checksum" INTEGER,
    "installed_by" VARCHAR(100) NOT NULL,
    "installed_on" TIMESTAMP NOT NULL DEFAULT now(),
    "execution_time" INTEGER NOT NULL,
    "success" BOOLEAN NOT NULL
)
2024-02-22T22:25:37.620+01:00 DEBUG 17465 --- [           main] o.f.c.i.s.DefaultSqlScriptExecutor       : 0 rows affected
2024-02-22T22:25:37.620+01:00 DEBUG 17465 --- [           main] o.f.c.i.s.DefaultSqlScriptExecutor       : Executing SQL: ALTER TABLE "public"."flyway_schema_history" ADD CONSTRAINT "flyway_schema_history_pk" PRIMARY KEY ("installed_rank")
2024-02-22T22:25:37.625+01:00 DEBUG 17465 --- [           main] o.f.c.i.s.DefaultSqlScriptExecutor       : 0 rows affected
2024-02-22T22:25:37.626+01:00 DEBUG 17465 --- [           main] o.f.c.i.s.DefaultSqlScriptExecutor       : Executing SQL: CREATE INDEX "flyway_schema_history_s_idx" ON "public"."flyway_schema_history" ("success")
2024-02-22T22:25:37.629+01:00 DEBUG 17465 --- [           main] o.f.c.i.s.DefaultSqlScriptExecutor       : 0 rows affected
2024-02-22T22:25:37.629+01:00 DEBUG 17465 --- [           main] o.f.c.i.s.JdbcTableSchemaHistory         : Created Schema History table "public"."flyway_schema_history"
2024-02-22T22:25:37.654+01:00  INFO 17465 --- [           main] o.f.core.internal.command.DbMigrate      : Current version of schema "public": << Empty Schema >>
2024-02-22T22:25:37.655+01:00 DEBUG 17465 --- [           main] o.flywaydb.core.internal.parser.Parser   : Parsing V1_0__init_schema.sql ...
2024-02-22T22:25:37.676+01:00 DEBUG 17465 --- [           main] o.f.c.i.sqlscript.ParserSqlScript        : Found statement at line 1: create table billing_document (id uuid not null, after_items_text varchar, before_items_text varchar, billing_document_type smallint, clearing_period_identifier varchar, clearing_period_type varchar, date_created timestamp(6) not null, document_date date, document_number varchar, gross_amount_in_euro numeric(38,2), issuer_address_line1 varchar, issuer_address_line2 varchar, issuer_address_line3 varchar, issuer_bankiban varchar, issuer_bank_name varchar, issuer_company_register_number varchar, issuer_mail varchar, issuer_name varchar, issuer_phone varchar, issuer_tax_id varchar, issuer_vat_id varchar, issuer_website varchar, last_updated timestamp(6) not null, net_amount_in_euro numeric(38,2), participant_id varchar, recipient_address_line1 varchar, recipient_address_line2 varchar, recipient_address_line3 varchar, recipient_name varchar, status varchar, tenant_id varchar, terms_text varchar, vat1percent numeric(38,2), vat1sum_in_euro numeric(38,2), vat2percent numeric(38,2), vat2sum_in_euro numeric(38,2), billing_run_id uuid, primary key (id))
2024-02-22T22:25:37.680+01:00 DEBUG 17465 --- [           main] o.f.c.i.sqlscript.ParserSqlScript        : Found statement at line 2: create table billing_document_item (id uuid not null, amount numeric(38,2), clearing_period_identifier varchar, clearing_period_type varchar, date_created timestamp(6) not null, discount_percent numeric(38,2), gross_value numeric(38,2), last_updated timestamp(6) not null, net_value numeric(38,2), price_per_unit numeric(38,2), tenant_id varchar, text varchar, unit varchar, vat_percent numeric(38,2), vat_value_in_euro numeric(38,2), billing_document_id uuid, primary key (id))
2024-02-22T22:25:37.686+01:00 DEBUG 17465 --- [           main] o.f.c.i.sqlscript.ParserSqlScript        : Found statement at line 3: create table billing_document_number (id uuid not null, date_created timestamp(6) not null, document_number varchar, document_type smallint, eec_prefix varchar, last_updated timestamp(6) not null, sequence_number bigint, tenant_id varchar, year integer, primary key (id))
2024-02-22T22:25:37.689+01:00 DEBUG 17465 --- [           main] o.f.c.i.sqlscript.ParserSqlScript        : Found statement at line 4: create table billing_run (id uuid not null, billing_period_identifier varchar, billing_period_type varchar, date_created timestamp(6) not null, last_updated timestamp(6) not null, mail_status varchar, mail_status_date_time timestamp(6), number_of_credit_notes integer, number_of_invoices integer, run_status smallint, run_status_date_time timestamp(6), sepa_status varchar, sepa_status_date_time timestamp(6), tenant_id varchar, primary key (id))
2024-02-22T22:25:37.691+01:00 DEBUG 17465 --- [           main] o.f.c.i.sqlscript.ParserSqlScript        : Found statement at line 5: create table file (id uuid not null, date_created timestamp(6) not null, file_data_id uuid, last_updated timestamp(6) not null, mime_type varchar, name varchar, tenant_id varchar, billing_document_id uuid, primary key (id))
2024-02-22T22:25:37.692+01:00 DEBUG 17465 --- [           main] o.f.c.i.sqlscript.ParserSqlScript        : Found statement at line 6: create table file_data (id uuid not null, data oid, date_created timestamp(6) not null, last_updated timestamp(6) not null, mime_type varchar, name varchar, tenant_id varchar, primary key (id))
2024-02-22T22:25:37.694+01:00 DEBUG 17465 --- [           main] o.f.c.i.sqlscript.ParserSqlScript        : Found statement at line 7: alter table if exists billing_document_number add constraint UKhbmeftd1x7fdlqtqqg2v20aev unique (tenant_id, document_number)
2024-02-22T22:25:37.696+01:00 DEBUG 17465 --- [           main] o.f.c.i.sqlscript.ParserSqlScript        : Found statement at line 8: alter table if exists billing_document add constraint FK6gouorockuin30j66lev4xmky foreign key (billing_run_id) references billing_run
2024-02-22T22:25:37.698+01:00 DEBUG 17465 --- [           main] o.f.c.i.sqlscript.ParserSqlScript        : Found statement at line 9: alter table if exists billing_document_item add constraint FKa9p699hipxo9cn082v5nn8r97 foreign key (billing_document_id) references billing_document
2024-02-22T22:25:37.698+01:00 DEBUG 17465 --- [           main] o.f.c.i.sqlscript.ParserSqlScript        : Found statement at line 10: alter table if exists file add constraint FKjqt0uro12lskas3jc9lvtbxf0 foreign key (billing_document_id) references billing_document
2024-02-22T22:25:37.700+01:00 DEBUG 17465 --- [           main] o.f.core.internal.command.DbMigrate      : Starting migration of schema "public" to version "1.0 - init schema" ...
2024-02-22T22:25:37.710+01:00  INFO 17465 --- [           main] o.f.core.internal.command.DbMigrate      : Migrating schema "public" to version "1.0 - init schema"
2024-02-22T22:25:37.714+01:00 DEBUG 17465 --- [           main] o.f.c.i.s.DefaultSqlScriptExecutor       : Executing SQL: create table billing_document (id uuid not null, after_items_text varchar, before_items_text varchar, billing_document_type smallint, clearing_period_identifier varchar, clearing_period_type varchar, date_created timestamp(6) not null, document_date date, document_number varchar, gross_amount_in_euro numeric(38,2), issuer_address_line1 varchar, issuer_address_line2 varchar, issuer_address_line3 varchar, issuer_bankiban varchar, issuer_bank_name varchar, issuer_company_register_number varchar, issuer_mail varchar, issuer_name varchar, issuer_phone varchar, issuer_tax_id varchar, issuer_vat_id varchar, issuer_website varchar, last_updated timestamp(6) not null, net_amount_in_euro numeric(38,2), participant_id varchar, recipient_address_line1 varchar, recipient_address_line2 varchar, recipient_address_line3 varchar, recipient_name varchar, status varchar, tenant_id varchar, terms_text varchar, vat1percent numeric(38,2), vat1sum_in_euro numeric(38,2), vat2percent numeric(38,2), vat2sum_in_euro numeric(38,2), billing_run_id uuid, primary key (id))
2024-02-22T22:25:37.727+01:00 DEBUG 17465 --- [           main] o.f.c.i.s.DefaultSqlScriptExecutor       : 0 rows affected
2024-02-22T22:25:37.728+01:00 DEBUG 17465 --- [           main] o.f.c.i.s.DefaultSqlScriptExecutor       : Executing SQL: create table billing_document_item (id uuid not null, amount numeric(38,2), clearing_period_identifier varchar, clearing_period_type varchar, date_created timestamp(6) not null, discount_percent numeric(38,2), gross_value numeric(38,2), last_updated timestamp(6) not null, net_value numeric(38,2), price_per_unit numeric(38,2), tenant_id varchar, text varchar, unit varchar, vat_percent numeric(38,2), vat_value_in_euro numeric(38,2), billing_document_id uuid, primary key (id))
2024-02-22T22:25:37.734+01:00 DEBUG 17465 --- [           main] o.f.c.i.s.DefaultSqlScriptExecutor       : 0 rows affected
2024-02-22T22:25:37.735+01:00 DEBUG 17465 --- [           main] o.f.c.i.s.DefaultSqlScriptExecutor       : Executing SQL: create table billing_document_number (id uuid not null, date_created timestamp(6) not null, document_number varchar, document_type smallint, eec_prefix varchar, last_updated timestamp(6) not null, sequence_number bigint, tenant_id varchar, year integer, primary key (id))
2024-02-22T22:25:37.739+01:00 DEBUG 17465 --- [           main] o.f.c.i.s.DefaultSqlScriptExecutor       : 0 rows affected
2024-02-22T22:25:37.739+01:00 DEBUG 17465 --- [           main] o.f.c.i.s.DefaultSqlScriptExecutor       : Executing SQL: create table billing_run (id uuid not null, billing_period_identifier varchar, billing_period_type varchar, date_created timestamp(6) not null, last_updated timestamp(6) not null, mail_status varchar, mail_status_date_time timestamp(6), number_of_credit_notes integer, number_of_invoices integer, run_status smallint, run_status_date_time timestamp(6), sepa_status varchar, sepa_status_date_time timestamp(6), tenant_id varchar, primary key (id))
2024-02-22T22:25:37.746+01:00 DEBUG 17465 --- [           main] o.f.c.i.s.DefaultSqlScriptExecutor       : 0 rows affected
2024-02-22T22:25:37.747+01:00 DEBUG 17465 --- [           main] o.f.c.i.s.DefaultSqlScriptExecutor       : Executing SQL: create table file (id uuid not null, date_created timestamp(6) not null, file_data_id uuid, last_updated timestamp(6) not null, mime_type varchar, name varchar, tenant_id varchar, billing_document_id uuid, primary key (id))
2024-02-22T22:25:37.752+01:00 DEBUG 17465 --- [           main] o.f.c.i.s.DefaultSqlScriptExecutor       : 0 rows affected
2024-02-22T22:25:37.752+01:00 DEBUG 17465 --- [           main] o.f.c.i.s.DefaultSqlScriptExecutor       : Executing SQL: create table file_data (id uuid not null, data oid, date_created timestamp(6) not null, last_updated timestamp(6) not null, mime_type varchar, name varchar, tenant_id varchar, primary key (id))
2024-02-22T22:25:37.758+01:00 DEBUG 17465 --- [           main] o.f.c.i.s.DefaultSqlScriptExecutor       : 0 rows affected
2024-02-22T22:25:37.759+01:00 DEBUG 17465 --- [           main] o.f.c.i.s.DefaultSqlScriptExecutor       : Executing SQL: alter table if exists billing_document_number add constraint UKhbmeftd1x7fdlqtqqg2v20aev unique (tenant_id, document_number)
2024-02-22T22:25:37.763+01:00 DEBUG 17465 --- [           main] o.f.c.i.s.DefaultSqlScriptExecutor       : 0 rows affected
2024-02-22T22:25:37.763+01:00 DEBUG 17465 --- [           main] o.f.c.i.s.DefaultSqlScriptExecutor       : Executing SQL: alter table if exists billing_document add constraint FK6gouorockuin30j66lev4xmky foreign key (billing_run_id) references billing_run
2024-02-22T22:25:37.770+01:00 DEBUG 17465 --- [           main] o.f.c.i.s.DefaultSqlScriptExecutor       : 0 rows affected
2024-02-22T22:25:37.770+01:00 DEBUG 17465 --- [           main] o.f.c.i.s.DefaultSqlScriptExecutor       : Executing SQL: alter table if exists billing_document_item add constraint FKa9p699hipxo9cn082v5nn8r97 foreign key (billing_document_id) references billing_document
2024-02-22T22:25:37.775+01:00 DEBUG 17465 --- [           main] o.f.c.i.s.DefaultSqlScriptExecutor       : 0 rows affected
2024-02-22T22:25:37.776+01:00 DEBUG 17465 --- [           main] o.f.c.i.s.DefaultSqlScriptExecutor       : Executing SQL: alter table if exists file add constraint FKjqt0uro12lskas3jc9lvtbxf0 foreign key (billing_document_id) references billing_document
2024-02-22T22:25:37.779+01:00 DEBUG 17465 --- [           main] o.f.c.i.s.DefaultSqlScriptExecutor       : 0 rows affected
2024-02-22T22:25:37.780+01:00 DEBUG 17465 --- [           main] o.f.core.internal.command.DbMigrate      : Successfully completed migration of schema "public" to version "1.0 - init schema"
2024-02-22T22:25:37.792+01:00 DEBUG 17465 --- [           main] o.f.c.i.s.JdbcTableSchemaHistory         : Schema History table "public"."flyway_schema_history" successfully updated to reflect changes
2024-02-22T22:25:37.804+01:00 DEBUG 17465 --- [           main] o.flywaydb.core.internal.parser.Parser   : Parsing V1_1__migration.sql ...
2024-02-22T22:25:37.810+01:00 DEBUG 17465 --- [           main] o.f.c.i.sqlscript.ParserSqlScript        : Found statement at line 1: alter table if exists billing_document add column recipient_participant_number varchar
2024-02-22T22:25:37.811+01:00 DEBUG 17465 --- [           main] o.f.c.i.sqlscript.ParserSqlScript        : Found statement at line 2: alter table if exists billing_document add column footer_text varchar
2024-02-22T22:25:37.812+01:00 DEBUG 17465 --- [           main] o.f.c.i.sqlscript.ParserSqlScript        : Found statement at line 3: alter table if exists file rename to billing_document_file
2024-02-22T22:25:37.812+01:00 DEBUG 17465 --- [           main] o.f.c.i.sqlscript.ParserSqlScript        : Found statement at line 4: alter table if exists billing_document_number rename column eec_prefix to prefix
2024-02-22T22:25:37.813+01:00 DEBUG 17465 --- [           main] o.f.c.i.sqlscript.ParserSqlScript        : Found statement at line 5: alter table if exists billing_document_item add column metering_point_id varchar
2024-02-22T22:25:37.816+01:00 DEBUG 17465 --- [           main] o.f.c.i.sqlscript.ParserSqlScript        : Found statement at line 6: alter table if exists billing_document_item add column metering_point_type smallint
2024-02-22T22:25:37.817+01:00 DEBUG 17465 --- [           main] o.f.c.i.sqlscript.ParserSqlScript        : Found statement at line 8: create table billing_config (id UUID not null, tenant_id varchar not null, header_image_file_data_id UUID, footer_image_file_data_id UUID, before_items_text_invoice varchar, before_items_text_credit_note varchar, before_items_text_info varchar, after_items_text_invoice varchar, after_items_text_credit_note varchar, after_items_text_info varchar, terms_text_invoice varchar, terms_text_credit_note varchar, terms_text_info varchar, footer_text varchar, custom_template_file_data_id UUID, document_number_sequence_length integer, invoice_number_prefix varchar, invoice_number_start bigint, credit_note_number_prefix varchar, credit_note_number_start bigint,  date_created timestamp(6) not null, last_updated timestamp(6) not null, primary key (id))
2024-02-22T22:25:37.818+01:00 DEBUG 17465 --- [           main] o.f.c.i.sqlscript.ParserSqlScript        : Found statement at line 9: alter table if exists billing_config add constraint FK01H3XWF8N8BPER0YJ2P3EP0KX8 foreign key (header_image_file_data_id) references file_data(id)
2024-02-22T22:25:37.819+01:00 DEBUG 17465 --- [           main] o.f.c.i.sqlscript.ParserSqlScript        : Found statement at line 10: alter table if exists billing_config add constraint FK01H3XWJA21V3GWXAKVB9C34T7D foreign key (footer_image_file_data_id) references file_data(id)
2024-02-22T22:25:37.819+01:00 DEBUG 17465 --- [           main] o.f.c.i.sqlscript.ParserSqlScript        : Found statement at line 11: alter table if exists billing_config add constraint FK01H3XWKC7THK17BQE07R9JXKWH foreign key (custom_template_file_data_id) references file_data(id)
2024-02-22T22:25:37.820+01:00 DEBUG 17465 --- [           main] o.f.c.i.sqlscript.ParserSqlScript        : Found statement at line 12: alter table if exists billing_config add constraint UK01H3XWRJW9XSMPTE9Y7AGQNKG6 unique (tenant_id)
2024-02-22T22:25:37.820+01:00 DEBUG 17465 --- [           main] o.f.core.internal.command.DbMigrate      : Starting migration of schema "public" to version "1.1 - migration" ...
2024-02-22T22:25:37.825+01:00  INFO 17465 --- [           main] o.f.core.internal.command.DbMigrate      : Migrating schema "public" to version "1.1 - migration"
2024-02-22T22:25:37.827+01:00 DEBUG 17465 --- [           main] o.f.c.i.s.DefaultSqlScriptExecutor       : Executing SQL: alter table if exists billing_document add column recipient_participant_number varchar
2024-02-22T22:25:37.830+01:00 DEBUG 17465 --- [           main] o.f.c.i.s.DefaultSqlScriptExecutor       : 0 rows affected
2024-02-22T22:25:37.830+01:00 DEBUG 17465 --- [           main] o.f.c.i.s.DefaultSqlScriptExecutor       : Executing SQL: alter table if exists billing_document add column footer_text varchar
2024-02-22T22:25:37.832+01:00 DEBUG 17465 --- [           main] o.f.c.i.s.DefaultSqlScriptExecutor       : 0 rows affected
2024-02-22T22:25:37.833+01:00 DEBUG 17465 --- [           main] o.f.c.i.s.DefaultSqlScriptExecutor       : Executing SQL: alter table if exists file rename to billing_document_file
2024-02-22T22:25:37.835+01:00 DEBUG 17465 --- [           main] o.f.c.i.s.DefaultSqlScriptExecutor       : 0 rows affected
2024-02-22T22:25:37.836+01:00 DEBUG 17465 --- [           main] o.f.c.i.s.DefaultSqlScriptExecutor       : Executing SQL: alter table if exists billing_document_number rename column eec_prefix to prefix
2024-02-22T22:25:37.838+01:00 DEBUG 17465 --- [           main] o.f.c.i.s.DefaultSqlScriptExecutor       : 0 rows affected
2024-02-22T22:25:37.838+01:00 DEBUG 17465 --- [           main] o.f.c.i.s.DefaultSqlScriptExecutor       : Executing SQL: alter table if exists billing_document_item add column metering_point_id varchar
2024-02-22T22:25:37.840+01:00 DEBUG 17465 --- [           main] o.f.c.i.s.DefaultSqlScriptExecutor       : 0 rows affected
2024-02-22T22:25:37.841+01:00 DEBUG 17465 --- [           main] o.f.c.i.s.DefaultSqlScriptExecutor       : Executing SQL: alter table if exists billing_document_item add column metering_point_type smallint
2024-02-22T22:25:37.844+01:00 DEBUG 17465 --- [           main] o.f.c.i.s.DefaultSqlScriptExecutor       : 0 rows affected
2024-02-22T22:25:37.844+01:00 DEBUG 17465 --- [           main] o.f.c.i.s.DefaultSqlScriptExecutor       : Executing SQL: create table billing_config (id UUID not null, tenant_id varchar not null, header_image_file_data_id UUID, footer_image_file_data_id UUID, before_items_text_invoice varchar, before_items_text_credit_note varchar, before_items_text_info varchar, after_items_text_invoice varchar, after_items_text_credit_note varchar, after_items_text_info varchar, terms_text_invoice varchar, terms_text_credit_note varchar, terms_text_info varchar, footer_text varchar, custom_template_file_data_id UUID, document_number_sequence_length integer, invoice_number_prefix varchar, invoice_number_start bigint, credit_note_number_prefix varchar, credit_note_number_start bigint,  date_created timestamp(6) not null, last_updated timestamp(6) not null, primary key (id))
2024-02-22T22:25:37.851+01:00 DEBUG 17465 --- [           main] o.f.c.i.s.DefaultSqlScriptExecutor       : 0 rows affected
2024-02-22T22:25:37.851+01:00 DEBUG 17465 --- [           main] o.f.c.i.s.DefaultSqlScriptExecutor       : Executing SQL: alter table if exists billing_config add constraint FK01H3XWF8N8BPER0YJ2P3EP0KX8 foreign key (header_image_file_data_id) references file_data(id)
2024-02-22T22:25:37.855+01:00 DEBUG 17465 --- [           main] o.f.c.i.s.DefaultSqlScriptExecutor       : 0 rows affected
2024-02-22T22:25:37.856+01:00 DEBUG 17465 --- [           main] o.f.c.i.s.DefaultSqlScriptExecutor       : Executing SQL: alter table if exists billing_config add constraint FK01H3XWJA21V3GWXAKVB9C34T7D foreign key (footer_image_file_data_id) references file_data(id)
2024-02-22T22:25:37.863+01:00 DEBUG 17465 --- [           main] o.f.c.i.s.DefaultSqlScriptExecutor       : 0 rows affected
2024-02-22T22:25:37.863+01:00 DEBUG 17465 --- [           main] o.f.c.i.s.DefaultSqlScriptExecutor       : Executing SQL: alter table if exists billing_config add constraint FK01H3XWKC7THK17BQE07R9JXKWH foreign key (custom_template_file_data_id) references file_data(id)
2024-02-22T22:25:37.867+01:00 DEBUG 17465 --- [           main] o.f.c.i.s.DefaultSqlScriptExecutor       : 0 rows affected
2024-02-22T22:25:37.868+01:00 DEBUG 17465 --- [           main] o.f.c.i.s.DefaultSqlScriptExecutor       : Executing SQL: alter table if exists billing_config add constraint UK01H3XWRJW9XSMPTE9Y7AGQNKG6 unique (tenant_id)
2024-02-22T22:25:37.874+01:00 DEBUG 17465 --- [           main] o.f.c.i.s.DefaultSqlScriptExecutor       : 0 rows affected
2024-02-22T22:25:37.874+01:00 DEBUG 17465 --- [           main] o.f.core.internal.command.DbMigrate      : Successfully completed migration of schema "public" to version "1.1 - migration"
2024-02-22T22:25:37.884+01:00 DEBUG 17465 --- [           main] o.f.c.i.s.JdbcTableSchemaHistory         : Schema History table "public"."flyway_schema_history" successfully updated to reflect changes
2024-02-22T22:25:37.894+01:00 DEBUG 17465 --- [           main] o.flywaydb.core.internal.parser.Parser   : Parsing V1_2__migration.sql ...
2024-02-22T22:25:37.895+01:00 DEBUG 17465 --- [           main] o.f.c.i.sqlscript.ParserSqlScript        : Found statement at line 1: alter table if exists billing_document add column recipient_bank_name varchar
2024-02-22T22:25:37.896+01:00 DEBUG 17465 --- [           main] o.f.c.i.sqlscript.ParserSqlScript        : Found statement at line 2: alter table if exists billing_document add column recipient_bank_iban varchar
2024-02-22T22:25:37.897+01:00 DEBUG 17465 --- [           main] o.f.c.i.sqlscript.ParserSqlScript        : Found statement at line 3: alter table if exists billing_document add column recipient_bank_owner varchar
2024-02-22T22:25:37.898+01:00 DEBUG 17465 --- [           main] o.f.c.i.sqlscript.ParserSqlScript        : Found statement at line 4: alter table if exists billing_document add column recipient_sepa_mandate_reference varchar
2024-02-22T22:25:37.898+01:00 DEBUG 17465 --- [           main] o.f.c.i.sqlscript.ParserSqlScript        : Found statement at line 5: alter table if exists billing_document add column issuer_bank_owner varchar
2024-02-22T22:25:37.898+01:00 DEBUG 17465 --- [           main] o.f.c.i.sqlscript.ParserSqlScript        : Found statement at line 6: alter table if exists billing_document add column recipient_email varchar
2024-02-22T22:25:37.898+01:00 DEBUG 17465 --- [           main] o.f.core.internal.command.DbMigrate      : Starting migration of schema "public" to version "1.2 - migration" ...
2024-02-22T22:25:37.902+01:00  INFO 17465 --- [           main] o.f.core.internal.command.DbMigrate      : Migrating schema "public" to version "1.2 - migration"
2024-02-22T22:25:37.906+01:00 DEBUG 17465 --- [           main] o.f.c.i.s.DefaultSqlScriptExecutor       : Executing SQL: alter table if exists billing_document add column recipient_bank_name varchar
2024-02-22T22:25:37.909+01:00 DEBUG 17465 --- [           main] o.f.c.i.s.DefaultSqlScriptExecutor       : 0 rows affected
2024-02-22T22:25:37.910+01:00 DEBUG 17465 --- [           main] o.f.c.i.s.DefaultSqlScriptExecutor       : Executing SQL: alter table if exists billing_document add column recipient_bank_iban varchar
2024-02-22T22:25:37.912+01:00 DEBUG 17465 --- [           main] o.f.c.i.s.DefaultSqlScriptExecutor       : 0 rows affected
2024-02-22T22:25:37.912+01:00 DEBUG 17465 --- [           main] o.f.c.i.s.DefaultSqlScriptExecutor       : Executing SQL: alter table if exists billing_document add column recipient_bank_owner varchar
2024-02-22T22:25:37.914+01:00 DEBUG 17465 --- [           main] o.f.c.i.s.DefaultSqlScriptExecutor       : 0 rows affected
2024-02-22T22:25:37.914+01:00 DEBUG 17465 --- [           main] o.f.c.i.s.DefaultSqlScriptExecutor       : Executing SQL: alter table if exists billing_document add column recipient_sepa_mandate_reference varchar
2024-02-22T22:25:37.916+01:00 DEBUG 17465 --- [           main] o.f.c.i.s.DefaultSqlScriptExecutor       : 0 rows affected
2024-02-22T22:25:37.916+01:00 DEBUG 17465 --- [           main] o.f.c.i.s.DefaultSqlScriptExecutor       : Executing SQL: alter table if exists billing_document add column issuer_bank_owner varchar
2024-02-22T22:25:37.918+01:00 DEBUG 17465 --- [           main] o.f.c.i.s.DefaultSqlScriptExecutor       : 0 rows affected
2024-02-22T22:25:37.918+01:00 DEBUG 17465 --- [           main] o.f.c.i.s.DefaultSqlScriptExecutor       : Executing SQL: alter table if exists billing_document add column recipient_email varchar
2024-02-22T22:25:37.920+01:00 DEBUG 17465 --- [           main] o.f.c.i.s.DefaultSqlScriptExecutor       : 0 rows affected
2024-02-22T22:25:37.920+01:00 DEBUG 17465 --- [           main] o.f.core.internal.command.DbMigrate      : Successfully completed migration of schema "public" to version "1.2 - migration"
2024-02-22T22:25:37.925+01:00 DEBUG 17465 --- [           main] o.f.c.i.s.JdbcTableSchemaHistory         : Schema History table "public"."flyway_schema_history" successfully updated to reflect changes
2024-02-22T22:25:37.933+01:00 DEBUG 17465 --- [           main] o.flywaydb.core.internal.parser.Parser   : Parsing V1_3__migration.sql ...
2024-02-22T22:25:37.935+01:00 DEBUG 17465 --- [           main] o.f.c.i.sqlscript.ParserSqlScript        : Found statement at line 1: alter table if exists billing_run rename column billing_period_type to clearing_period_type
2024-02-22T22:25:37.935+01:00 DEBUG 17465 --- [           main] o.f.c.i.sqlscript.ParserSqlScript        : Found statement at line 2: alter table if exists billing_run rename column billing_period_identifier to clearing_period_identifier
2024-02-22T22:25:37.935+01:00 DEBUG 17465 --- [           main] o.f.core.internal.command.DbMigrate      : Starting migration of schema "public" to version "1.3 - migration" ...
2024-02-22T22:25:37.938+01:00  INFO 17465 --- [           main] o.f.core.internal.command.DbMigrate      : Migrating schema "public" to version "1.3 - migration"
2024-02-22T22:25:37.940+01:00 DEBUG 17465 --- [           main] o.f.c.i.s.DefaultSqlScriptExecutor       : Executing SQL: alter table if exists billing_run rename column billing_period_type to clearing_period_type
2024-02-22T22:25:37.941+01:00 DEBUG 17465 --- [           main] o.f.c.i.s.DefaultSqlScriptExecutor       : 0 rows affected
2024-02-22T22:25:37.941+01:00 DEBUG 17465 --- [           main] o.f.c.i.s.DefaultSqlScriptExecutor       : Executing SQL: alter table if exists billing_run rename column billing_period_identifier to clearing_period_identifier
2024-02-22T22:25:37.943+01:00 DEBUG 17465 --- [           main] o.f.c.i.s.DefaultSqlScriptExecutor       : 0 rows affected
2024-02-22T22:25:37.943+01:00 DEBUG 17465 --- [           main] o.f.core.internal.command.DbMigrate      : Successfully completed migration of schema "public" to version "1.3 - migration"
2024-02-22T22:25:37.948+01:00 DEBUG 17465 --- [           main] o.f.c.i.s.JdbcTableSchemaHistory         : Schema History table "public"."flyway_schema_history" successfully updated to reflect changes
2024-02-22T22:25:37.954+01:00 DEBUG 17465 --- [           main] o.flywaydb.core.internal.parser.Parser   : Parsing V1_4__migration.sql ...
2024-02-22T22:25:37.956+01:00 DEBUG 17465 --- [           main] o.f.c.i.sqlscript.ParserSqlScript        : Found statement at line 1: alter table if exists billing_document_item add column ppu_unit varchar
2024-02-22T22:25:37.956+01:00 DEBUG 17465 --- [           main] o.f.core.internal.command.DbMigrate      : Starting migration of schema "public" to version "1.4 - migration" ...
2024-02-22T22:25:37.959+01:00  INFO 17465 --- [           main] o.f.core.internal.command.DbMigrate      : Migrating schema "public" to version "1.4 - migration"
2024-02-22T22:25:37.960+01:00 DEBUG 17465 --- [           main] o.f.c.i.s.DefaultSqlScriptExecutor       : Executing SQL: alter table if exists billing_document_item add column ppu_unit varchar
2024-02-22T22:25:37.962+01:00 DEBUG 17465 --- [           main] o.f.c.i.s.DefaultSqlScriptExecutor       : 0 rows affected
2024-02-22T22:25:37.962+01:00 DEBUG 17465 --- [           main] o.f.core.internal.command.DbMigrate      : Successfully completed migration of schema "public" to version "1.4 - migration"
2024-02-22T22:25:37.966+01:00 DEBUG 17465 --- [           main] o.f.c.i.s.JdbcTableSchemaHistory         : Schema History table "public"."flyway_schema_history" successfully updated to reflect changes
2024-02-22T22:25:37.972+01:00 DEBUG 17465 --- [           main] o.flywaydb.core.internal.parser.Parser   : Parsing V1_5__migration.sql ...
2024-02-22T22:25:37.974+01:00 DEBUG 17465 --- [           main] o.f.c.i.sqlscript.ParserSqlScript        : Found statement at line 1: alter table if exists billing_document add column recipient_sepa_mandate_issue_date date
2024-02-22T22:25:37.974+01:00 DEBUG 17465 --- [           main] o.f.core.internal.command.DbMigrate      : Starting migration of schema "public" to version "1.5 - migration" ...
2024-02-22T22:25:37.976+01:00  INFO 17465 --- [           main] o.f.core.internal.command.DbMigrate      : Migrating schema "public" to version "1.5 - migration"
2024-02-22T22:25:37.978+01:00 DEBUG 17465 --- [           main] o.f.c.i.s.DefaultSqlScriptExecutor       : Executing SQL: alter table if exists billing_document add column recipient_sepa_mandate_issue_date date
2024-02-22T22:25:37.979+01:00 DEBUG 17465 --- [           main] o.f.c.i.s.DefaultSqlScriptExecutor       : 0 rows affected
2024-02-22T22:25:37.979+01:00 DEBUG 17465 --- [           main] o.f.core.internal.command.DbMigrate      : Successfully completed migration of schema "public" to version "1.5 - migration"
2024-02-22T22:25:37.984+01:00 DEBUG 17465 --- [           main] o.f.c.i.s.JdbcTableSchemaHistory         : Schema History table "public"."flyway_schema_history" successfully updated to reflect changes
2024-02-22T22:25:37.989+01:00 DEBUG 17465 --- [           main] o.flywaydb.core.internal.parser.Parser   : Parsing V1_6__migration.sql ...
2024-02-22T22:25:37.990+01:00 DEBUG 17465 --- [           main] o.f.c.i.sqlscript.ParserSqlScript        : Found statement at line 1: alter table if exists billing_config add column is_create_credit_notes_for_all_producers boolean default false
2024-02-22T22:25:37.991+01:00 DEBUG 17465 --- [           main] o.f.core.internal.command.DbMigrate      : Starting migration of schema "public" to version "1.6 - migration" ...
2024-02-22T22:25:37.993+01:00  INFO 17465 --- [           main] o.f.core.internal.command.DbMigrate      : Migrating schema "public" to version "1.6 - migration"
2024-02-22T22:25:37.994+01:00 DEBUG 17465 --- [           main] o.f.c.i.s.DefaultSqlScriptExecutor       : Executing SQL: alter table if exists billing_config add column is_create_credit_notes_for_all_producers boolean default false
2024-02-22T22:25:37.997+01:00 DEBUG 17465 --- [           main] o.f.c.i.s.DefaultSqlScriptExecutor       : 0 rows affected
2024-02-22T22:25:37.997+01:00 DEBUG 17465 --- [           main] o.f.core.internal.command.DbMigrate      : Successfully completed migration of schema "public" to version "1.6 - migration"
2024-02-22T22:25:38.002+01:00 DEBUG 17465 --- [           main] o.f.c.i.s.JdbcTableSchemaHistory         : Schema History table "public"."flyway_schema_history" successfully updated to reflect changes
2024-02-22T22:25:38.012+01:00 DEBUG 17465 --- [           main] o.flywaydb.core.internal.parser.Parser   : Parsing V1_7__migration.sql ...
2024-02-22T22:25:38.015+01:00 DEBUG 17465 --- [           main] o.f.c.i.sqlscript.ParserSqlScript        : Found statement at line 1: alter table if exists billing_document add column recipient_tax_id varchar default false
2024-02-22T22:25:38.015+01:00 DEBUG 17465 --- [           main] o.f.c.i.sqlscript.ParserSqlScript        : Found statement at line 2: alter table if exists billing_document add column recipient_vat_id varchar default false
2024-02-22T22:25:38.015+01:00 DEBUG 17465 --- [           main] o.f.core.internal.command.DbMigrate      : Starting migration of schema "public" to version "1.7 - migration" ...
2024-02-22T22:25:38.024+01:00  INFO 17465 --- [           main] o.f.core.internal.command.DbMigrate      : Migrating schema "public" to version "1.7 - migration"
2024-02-22T22:25:38.026+01:00 DEBUG 17465 --- [           main] o.f.c.i.s.DefaultSqlScriptExecutor       : Executing SQL: alter table if exists billing_document add column recipient_tax_id varchar default false
2024-02-22T22:25:38.029+01:00 DEBUG 17465 --- [           main] o.f.c.i.s.DefaultSqlScriptExecutor       : 0 rows affected
2024-02-22T22:25:38.030+01:00 DEBUG 17465 --- [           main] o.f.c.i.s.DefaultSqlScriptExecutor       : Executing SQL: alter table if exists billing_document add column recipient_vat_id varchar default false
2024-02-22T22:25:38.032+01:00 DEBUG 17465 --- [           main] o.f.c.i.s.DefaultSqlScriptExecutor       : 0 rows affected
2024-02-22T22:25:38.033+01:00 DEBUG 17465 --- [           main] o.f.core.internal.command.DbMigrate      : Successfully completed migration of schema "public" to version "1.7 - migration"
2024-02-22T22:25:38.041+01:00 DEBUG 17465 --- [           main] o.f.c.i.s.JdbcTableSchemaHistory         : Schema History table "public"."flyway_schema_history" successfully updated to reflect changes
2024-02-22T22:25:38.050+01:00 DEBUG 17465 --- [           main] o.flywaydb.core.internal.parser.Parser   : Parsing V1_8__migration.sql ...
2024-02-22T22:25:38.052+01:00 DEBUG 17465 --- [           main] o.f.c.i.sqlscript.ParserSqlScript        : Found statement at line 1: alter table if exists billing_document_item add column document_text varchar default false
2024-02-22T22:25:38.053+01:00 DEBUG 17465 --- [           main] o.f.core.internal.command.DbMigrate      : Starting migration of schema "public" to version "1.8 - migration" ...
2024-02-22T22:25:38.056+01:00  INFO 17465 --- [           main] o.f.core.internal.command.DbMigrate      : Migrating schema "public" to version "1.8 - migration"
2024-02-22T22:25:38.058+01:00 DEBUG 17465 --- [           main] o.f.c.i.s.DefaultSqlScriptExecutor       : Executing SQL: alter table if exists billing_document_item add column document_text varchar default false
2024-02-22T22:25:38.061+01:00 DEBUG 17465 --- [           main] o.f.c.i.s.DefaultSqlScriptExecutor       : 0 rows affected
2024-02-22T22:25:38.061+01:00 DEBUG 17465 --- [           main] o.f.core.internal.command.DbMigrate      : Successfully completed migration of schema "public" to version "1.8 - migration"
2024-02-22T22:25:38.067+01:00 DEBUG 17465 --- [           main] o.f.c.i.s.JdbcTableSchemaHistory         : Schema History table "public"."flyway_schema_history" successfully updated to reflect changes
2024-02-22T22:25:38.076+01:00  INFO 17465 --- [           main] o.f.core.internal.command.DbMigrate      : Successfully applied 9 migrations to schema "public", now at version v1.8 (execution time 00:00.435s)
2024-02-22T22:25:38.092+01:00 DEBUG 17465 --- [           main] org.flywaydb.core.FlywayExecutor         : Memory usage: 29 of 37M
2024-02-22T22:25:38.197+01:00  INFO 17465 --- [           main] o.hibernate.jpa.internal.util.LogHelper  : HHH000204: Processing PersistenceUnitInfo [name: default]
2024-02-22T22:25:38.295+01:00  INFO 17465 --- [           main] org.hibernate.Version                    : HHH000412: Hibernate ORM core version 6.2.17.Final
2024-02-22T22:25:38.300+01:00  INFO 17465 --- [           main] org.hibernate.cfg.Environment            : HHH000406: Using bytecode reflection optimizer
2024-02-22T22:25:38.616+01:00  INFO 17465 --- [           main] o.s.o.j.p.SpringPersistenceUnitInfo      : No LoadTimeWeaver setup: ignoring JPA class transformer
2024-02-22T22:25:40.096+01:00  INFO 17465 --- [           main] o.h.e.t.j.p.i.JtaPlatformInitiator       : HHH000489: No JTA platform available (set 'hibernate.transaction.jta.platform' to enable JTA platform integration)
2024-02-22T22:25:40.099+01:00  INFO 17465 --- [           main] j.LocalContainerEntityManagerFactoryBean : Initialized JPA EntityManagerFactory for persistence unit 'default'
2024-02-22T22:25:40.413+01:00  INFO 17465 --- [           main] o.s.d.j.r.query.QueryEnhancerFactory     : Hibernate is in classpath; If applicable, HQL parser will be used.
2024-02-22T22:25:41.640+01:00  WARN 17465 --- [           main] .s.s.UserDetailsServiceAutoConfiguration : 

Using generated security password: 33ee779f-47fa-408d-9f94-210c8f5b4898

This generated password is for development use only. Your security configuration must be updated before running your application in production.

2024-02-22T22:25:42.037+01:00  INFO 17465 --- [           main] o.s.s.web.DefaultSecurityFilterChain     : Will secure any request with [org.springframework.security.web.session.DisableEncodeUrlFilter@400b8071, org.springframework.security.web.context.request.async.WebAsyncManagerIntegrationFilter@6fbbd044, org.springframework.security.web.context.SecurityContextHolderFilter@4137d525, org.springframework.security.web.header.HeaderWriterFilter@e9e19633, org.springframework.security.web.authentication.logout.LogoutFilter@26a089b, org.vfeeg.eegfaktura.billing.security.JwtRequestFilter@3adcf1bf, org.springframework.security.web.savedrequest.RequestCacheAwareFilter@f0e8ed57, org.springframework.security.web.servletapi.SecurityContextHolderAwareRequestFilter@c3883b1a, org.springframework.security.web.authentication.AnonymousAuthenticationFilter@b2446224, org.springframework.security.web.session.SessionManagementFilter@658d091b, org.springframework.security.web.access.ExceptionTranslationFilter@cb95e6e, org.springframework.security.web.access.intercept.AuthorizationFilter@eae0b2e]
2024-02-22T22:25:42.486+01:00  WARN 17465 --- [           main] o.s.b.a.f.FreeMarkerAutoConfiguration    : Cannot find template location(s): [classpath:/templates/] (please add some templates, check your FreeMarker configuration, or set spring.freemarker.check-template-location=false)
2024-02-22T22:25:42.770+01:00  INFO 17465 --- [           main] .v.e.b.EegfakturaBillingApplicationTests : Started EegfakturaBillingApplicationTests in 8.367 seconds (process running for 13.439)
Hibernate: select max(b1_0.sequence_number) from billing_document_number b1_0 where b1_0.tenant_id=? and b1_0.year=? and b1_0.prefix=? group by b1_0.tenant_id,b1_0.year,b1_0.prefix
Hibernate: insert into billing_document_number (date_created,document_number,document_type,last_updated,prefix,sequence_number,tenant_id,year,id) values (?,?,?,?,?,?,?,?,?)
Hibernate: select max(b1_0.sequence_number) from billing_document_number b1_0 where b1_0.tenant_id=? and b1_0.year=? and b1_0.prefix=? group by b1_0.tenant_id,b1_0.year,b1_0.prefix
Hibernate: insert into billing_document_number (date_created,document_number,document_type,last_updated,prefix,sequence_number,tenant_id,year,id) values (?,?,?,?,?,?,?,?,?)
Hibernate: select max(b1_0.sequence_number) from billing_document_number b1_0 where b1_0.tenant_id=? and b1_0.year=? and b1_0.prefix=? group by b1_0.tenant_id,b1_0.year,b1_0.prefix
Hibernate: insert into billing_document_number (date_created,document_number,document_type,last_updated,prefix,sequence_number,tenant_id,year,id) values (?,?,?,?,?,?,?,?,?)
Hibernate: select max(b1_0.sequence_number) from billing_document_number b1_0 where b1_0.tenant_id=? and b1_0.year=? and b1_0.prefix=? group by b1_0.tenant_id,b1_0.year,b1_0.prefix
Hibernate: insert into billing_document_number (date_created,document_number,document_type,last_updated,prefix,sequence_number,tenant_id,year,id) values (?,?,?,?,?,?,?,?,?)
Hibernate: select max(b1_0.sequence_number) from billing_document_number b1_0 where b1_0.tenant_id=? and b1_0.year=? and b1_0.prefix=? group by b1_0.tenant_id,b1_0.year,b1_0.prefix
Hibernate: insert into billing_document_number (date_created,document_number,document_type,last_updated,prefix,sequence_number,tenant_id,year,id) values (?,?,?,?,?,?,?,?,?)
Hibernate: select max(b1_0.sequence_number) from billing_document_number b1_0 where b1_0.tenant_id=? and b1_0.year=? and b1_0.prefix=? group by b1_0.tenant_id,b1_0.year,b1_0.prefix
Hibernate: insert into billing_document_number (date_created,document_number,document_type,last_updated,prefix,sequence_number,tenant_id,year,id) values (?,?,?,?,?,?,?,?,?)
Hibernate: select max(b1_0.sequence_number) from billing_document_number b1_0 where b1_0.tenant_id=? and b1_0.year=? and b1_0.prefix=? group by b1_0.tenant_id,b1_0.year,b1_0.prefix
Hibernate: insert into billing_document_number (date_created,document_number,document_type,last_updated,prefix,sequence_number,tenant_id,year,id) values (?,?,?,?,?,?,?,?,?)
Hibernate: select max(b1_0.sequence_number) from billing_document_number b1_0 where b1_0.tenant_id=? and b1_0.year=? and b1_0.prefix=? group by b1_0.tenant_id,b1_0.year,b1_0.prefix
Hibernate: insert into billing_document_number (date_created,document_number,document_type,last_updated,prefix,sequence_number,tenant_id,year,id) values (?,?,?,?,?,?,?,?,?)
Hibernate: select max(b1_0.sequence_number) from billing_document_number b1_0 where b1_0.tenant_id=? and b1_0.year=? and b1_0.prefix=? group by b1_0.tenant_id,b1_0.year,b1_0.prefix
Hibernate: insert into billing_document_number (date_created,document_number,document_type,last_updated,prefix,sequence_number,tenant_id,year,id) values (?,?,?,?,?,?,?,?,?)
Hibernate: select max(b1_0.sequence_number) from billing_document_number b1_0 where b1_0.tenant_id=? and b1_0.year=? and b1_0.prefix=? group by b1_0.tenant_id,b1_0.year,b1_0.prefix
Hibernate: insert into billing_document_number (date_created,document_number,document_type,last_updated,prefix,sequence_number,tenant_id,year,id) values (?,?,?,?,?,?,?,?,?)
Hibernate: select max(b1_0.sequence_number) from billing_document_number b1_0 where b1_0.tenant_id=? and b1_0.year=? and b1_0.prefix=? group by b1_0.tenant_id,b1_0.year,b1_0.prefix
Hibernate: insert into billing_document_number (date_created,document_number,document_type,last_updated,prefix,sequence_number,tenant_id,year,id) values (?,?,?,?,?,?,?,?,?)
Hibernate: select max(b1_0.sequence_number) from billing_document_number b1_0 where b1_0.tenant_id=? and b1_0.year=? and b1_0.prefix=? group by b1_0.tenant_id,b1_0.year,b1_0.prefix
Hibernate: insert into billing_document_number (date_created,document_number,document_type,last_updated,prefix,sequence_number,tenant_id,year,id) values (?,?,?,?,?,?,?,?,?)
Hibernate: select max(b1_0.sequence_number) from billing_document_number b1_0 where b1_0.tenant_id=? and b1_0.year=? and b1_0.prefix=? group by b1_0.tenant_id,b1_0.year,b1_0.prefix
Hibernate: insert into billing_document_number (date_created,document_number,document_type,last_updated,prefix,sequence_number,tenant_id,year,id) values (?,?,?,?,?,?,?,?,?)
Hibernate: select max(b1_0.sequence_number) from billing_document_number b1_0 where b1_0.tenant_id=? and b1_0.year=? and b1_0.prefix=? group by b1_0.tenant_id,b1_0.year,b1_0.prefix
Hibernate: insert into billing_document_number (date_created,document_number,document_type,last_updated,prefix,sequence_number,tenant_id,year,id) values (?,?,?,?,?,?,?,?,?)
Hibernate: select max(b1_0.sequence_number) from billing_document_number b1_0 where b1_0.tenant_id=? and b1_0.year=? and b1_0.prefix=? group by b1_0.tenant_id,b1_0.year,b1_0.prefix
Hibernate: insert into billing_document_number (date_created,document_number,document_type,last_updated,prefix,sequence_number,tenant_id,year,id) values (?,?,?,?,?,?,?,?,?)
Hibernate: select max(b1_0.sequence_number) from billing_document_number b1_0 where b1_0.tenant_id=? and b1_0.year=? and b1_0.prefix=? group by b1_0.tenant_id,b1_0.year,b1_0.prefix
Hibernate: insert into billing_document_number (date_created,document_number,document_type,last_updated,prefix,sequence_number,tenant_id,year,id) values (?,?,?,?,?,?,?,?,?)
Hibernate: select max(b1_0.sequence_number) from billing_document_number b1_0 where b1_0.tenant_id=? and b1_0.year=? and b1_0.prefix=? group by b1_0.tenant_id,b1_0.year,b1_0.prefix
Hibernate: insert into billing_document_number (date_created,document_number,document_type,last_updated,prefix,sequence_number,tenant_id,year,id) values (?,?,?,?,?,?,?,?,?)
Hibernate: select max(b1_0.sequence_number) from billing_document_number b1_0 where b1_0.tenant_id=? and b1_0.year=? and b1_0.prefix=? group by b1_0.tenant_id,b1_0.year,b1_0.prefix
Hibernate: insert into billing_document_number (date_created,document_number,document_type,last_updated,prefix,sequence_number,tenant_id,year,id) values (?,?,?,?,?,?,?,?,?)
Hibernate: select max(b1_0.sequence_number) from billing_document_number b1_0 where b1_0.tenant_id=? and b1_0.year=? and b1_0.prefix=? group by b1_0.tenant_id,b1_0.year,b1_0.prefix
Hibernate: insert into billing_document_number (date_created,document_number,document_type,last_updated,prefix,sequence_number,tenant_id,year,id) values (?,?,?,?,?,?,?,?,?)
Hibernate: select max(b1_0.sequence_number) from billing_document_number b1_0 where b1_0.tenant_id=? and b1_0.year=? and b1_0.prefix=? group by b1_0.tenant_id,b1_0.year,b1_0.prefix
Hibernate: insert into billing_document_number (date_created,document_number,document_type,last_updated,prefix,sequence_number,tenant_id,year,id) values (?,?,?,?,?,?,?,?,?)
Hibernate: select max(b1_0.sequence_number) from billing_document_number b1_0 where b1_0.tenant_id=? and b1_0.year=? and b1_0.prefix=? group by b1_0.tenant_id,b1_0.year,b1_0.prefix
Hibernate: insert into billing_document_number (date_created,document_number,document_type,last_updated,prefix,sequence_number,tenant_id,year,id) values (?,?,?,?,?,?,?,?,?)
Hibernate: select max(b1_0.sequence_number) from billing_document_number b1_0 where b1_0.tenant_id=? and b1_0.year=? and b1_0.prefix=? group by b1_0.tenant_id,b1_0.year,b1_0.prefix
Hibernate: insert into billing_document_number (date_created,document_number,document_type,last_updated,prefix,sequence_number,tenant_id,year,id) values (?,?,?,?,?,?,?,?,?)
Hibernate: select max(b1_0.sequence_number) from billing_document_number b1_0 where b1_0.tenant_id=? and b1_0.year=? and b1_0.prefix=? group by b1_0.tenant_id,b1_0.year,b1_0.prefix
Hibernate: insert into billing_document_number (date_created,document_number,document_type,last_updated,prefix,sequence_number,tenant_id,year,id) values (?,?,?,?,?,?,?,?,?)
Hibernate: select max(b1_0.sequence_number) from billing_document_number b1_0 where b1_0.tenant_id=? and b1_0.year=? and b1_0.prefix=? group by b1_0.tenant_id,b1_0.year,b1_0.prefix
Hibernate: insert into billing_document_number (date_created,document_number,document_type,last_updated,prefix,sequence_number,tenant_id,year,id) values (?,?,?,?,?,?,?,?,?)
Hibernate: select max(b1_0.sequence_number) from billing_document_number b1_0 where b1_0.tenant_id=? and b1_0.year=? and b1_0.prefix=? group by b1_0.tenant_id,b1_0.year,b1_0.prefix
Hibernate: insert into billing_document_number (date_created,document_number,document_type,last_updated,prefix,sequence_number,tenant_id,year,id) values (?,?,?,?,?,?,?,?,?)
Hibernate: select max(b1_0.sequence_number) from billing_document_number b1_0 where b1_0.tenant_id=? and b1_0.year=? and b1_0.prefix=? group by b1_0.tenant_id,b1_0.year,b1_0.prefix
Hibernate: insert into billing_document_number (date_created,document_number,document_type,last_updated,prefix,sequence_number,tenant_id,year,id) values (?,?,?,?,?,?,?,?,?)
Hibernate: select max(b1_0.sequence_number) from billing_document_number b1_0 where b1_0.tenant_id=? and b1_0.year=? and b1_0.prefix=? group by b1_0.tenant_id,b1_0.year,b1_0.prefix
Hibernate: insert into billing_document_number (date_created,document_number,document_type,last_updated,prefix,sequence_number,tenant_id,year,id) values (?,?,?,?,?,?,?,?,?)
Hibernate: select max(b1_0.sequence_number) from billing_document_number b1_0 where b1_0.tenant_id=? and b1_0.year=? and b1_0.prefix=? group by b1_0.tenant_id,b1_0.year,b1_0.prefix
Hibernate: insert into billing_document_number (date_created,document_number,document_type,last_updated,prefix,sequence_number,tenant_id,year,id) values (?,?,?,?,?,?,?,?,?)
Hibernate: select max(b1_0.sequence_number) from billing_document_number b1_0 where b1_0.tenant_id=? and b1_0.year=? and b1_0.prefix=? group by b1_0.tenant_id,b1_0.year,b1_0.prefix
Hibernate: insert into billing_document_number (date_created,document_number,document_type,last_updated,prefix,sequence_number,tenant_id,year,id) values (?,?,?,?,?,?,?,?,?)
Hibernate: select max(b1_0.sequence_number) from billing_document_number b1_0 where b1_0.tenant_id=? and b1_0.year=? and b1_0.prefix=? group by b1_0.tenant_id,b1_0.year,b1_0.prefix
Hibernate: insert into billing_document_number (date_created,document_number,document_type,last_updated,prefix,sequence_number,tenant_id,year,id) values (?,?,?,?,?,?,?,?,?)
Hibernate: select max(b1_0.sequence_number) from billing_document_number b1_0 where b1_0.tenant_id=? and b1_0.year=? and b1_0.prefix=? group by b1_0.tenant_id,b1_0.year,b1_0.prefix
Hibernate: insert into billing_document_number (date_created,document_number,document_type,last_updated,prefix,sequence_number,tenant_id,year,id) values (?,?,?,?,?,?,?,?,?)
Hibernate: select max(b1_0.sequence_number) from billing_document_number b1_0 where b1_0.tenant_id=? and b1_0.year=? and b1_0.prefix=? group by b1_0.tenant_id,b1_0.year,b1_0.prefix
Hibernate: insert into billing_document_number (date_created,document_number,document_type,last_updated,prefix,sequence_number,tenant_id,year,id) values (?,?,?,?,?,?,?,?,?)
Hibernate: select max(b1_0.sequence_number) from billing_document_number b1_0 where b1_0.tenant_id=? and b1_0.year=? and b1_0.prefix=? group by b1_0.tenant_id,b1_0.year,b1_0.prefix
Hibernate: insert into billing_document_number (date_created,document_number,document_type,last_updated,prefix,sequence_number,tenant_id,year,id) values (?,?,?,?,?,?,?,?,?)
Hibernate: select max(b1_0.sequence_number) from billing_document_number b1_0 where b1_0.tenant_id=? and b1_0.year=? and b1_0.prefix=? group by b1_0.tenant_id,b1_0.year,b1_0.prefix
Hibernate: insert into billing_document_number (date_created,document_number,document_type,last_updated,prefix,sequence_number,tenant_id,year,id) values (?,?,?,?,?,?,?,?,?)
Hibernate: select max(b1_0.sequence_number) from billing_document_number b1_0 where b1_0.tenant_id=? and b1_0.year=? and b1_0.prefix=? group by b1_0.tenant_id,b1_0.year,b1_0.prefix
Hibernate: insert into billing_document_number (date_created,document_number,document_type,last_updated,prefix,sequence_number,tenant_id,year,id) values (?,?,?,?,?,?,?,?,?)
Hibernate: select max(b1_0.sequence_number) from billing_document_number b1_0 where b1_0.tenant_id=? and b1_0.year=? and b1_0.prefix=? group by b1_0.tenant_id,b1_0.year,b1_0.prefix
Hibernate: insert into billing_document_number (date_created,document_number,document_type,last_updated,prefix,sequence_number,tenant_id,year,id) values (?,?,?,?,?,?,?,?,?)
Hibernate: select max(b1_0.sequence_number) from billing_document_number b1_0 where b1_0.tenant_id=? and b1_0.year=? and b1_0.prefix=? group by b1_0.tenant_id,b1_0.year,b1_0.prefix
Hibernate: insert into billing_document_number (date_created,document_number,document_type,last_updated,prefix,sequence_number,tenant_id,year,id) values (?,?,?,?,?,?,?,?,?)
Hibernate: select max(b1_0.sequence_number) from billing_document_number b1_0 where b1_0.tenant_id=? and b1_0.year=? and b1_0.prefix=? group by b1_0.tenant_id,b1_0.year,b1_0.prefix
Hibernate: insert into billing_document_number (date_created,document_number,document_type,last_updated,prefix,sequence_number,tenant_id,year,id) values (?,?,?,?,?,?,?,?,?)
Hibernate: select max(b1_0.sequence_number) from billing_document_number b1_0 where b1_0.tenant_id=? and b1_0.year=? and b1_0.prefix=? group by b1_0.tenant_id,b1_0.year,b1_0.prefix
Hibernate: insert into billing_document_number (date_created,document_number,document_type,last_updated,prefix,sequence_number,tenant_id,year,id) values (?,?,?,?,?,?,?,?,?)
Hibernate: select max(b1_0.sequence_number) from billing_document_number b1_0 where b1_0.tenant_id=? and b1_0.year=? and b1_0.prefix=? group by b1_0.tenant_id,b1_0.year,b1_0.prefix
Hibernate: insert into billing_document_number (date_created,document_number,document_type,last_updated,prefix,sequence_number,tenant_id,year,id) values (?,?,?,?,?,?,?,?,?)
]]></system-out>
  </testcase>
  <testcase name="testBillingDocumentNumberGenerator_BeginWithZero" classname="org.vfeeg.eegfaktura.billing.EegfakturaBillingApplicationTests" time="0.014">
    <system-out><![CDATA[Hibernate: select max(b1_0.sequence_number) from billing_document_number b1_0 where b1_0.tenant_id=? and b1_0.year=? and b1_0.prefix=? group by b1_0.tenant_id,b1_0.year,b1_0.prefix
Hibernate: insert into billing_document_number (date_created,document_number,document_type,last_updated,prefix,sequence_number,tenant_id,year,id) values (?,?,?,?,?,?,?,?,?)
]]></system-out>
  </testcase>
  <testcase name="testBillingServicePreview" classname="org.vfeeg.eegfaktura.billing.EegfakturaBillingApplicationTests" time="3.366">
    <system-out><![CDATA[Hibernate: select b1_0.id,b1_0.eec_bank_iban,b1_0.eec_bank_name,b1_0.eec_bank_owner,b1_0.eec_city,b1_0.eec_company_register_number,b1_0.eec_email,b1_0.eec_id,b1_0.eec_name,b1_0.eec_phone,b1_0.eec_street,b1_0.eec_subject_to_vat,b1_0.eec_tax_id,b1_0.eec_vat_id,b1_0.eec_zip_code,b1_0.equipment_number,b1_0.metering_equipment_name,b1_0.metering_point_id,b1_0.metering_point_type,b1_0.participant_bank_iban,b1_0.participant_bank_name,b1_0.participant_bank_owner,b1_0.participant_city,b1_0.participant_company_register_number,b1_0.participant_email,b1_0.participant_firstname,b1_0.participant_id,b1_0.participant_lastname,b1_0.participant_number,b1_0.participant_sepa_mandate_issue_date,b1_0.participant_sepa_mandate_reference,b1_0.participant_street,b1_0.participant_tax_id,b1_0.participant_title_after,b1_0.participant_title_before,b1_0.participant_vat_id,b1_0.participant_zip_code,b1_0.tariff_basic_fee,b1_0.tariff_billing_period,b1_0.tariff_credit_amount_per_producedkwh,b1_0.tariff_discount,b1_0.tariff_freekwh,b1_0.tariff_metering_point_fee,b1_0.tariff_metering_point_fee_text,b1_0.tariff_name,b1_0.tariff_participant_fee,b1_0.tariff_participant_fee_discount,b1_0.tariff_participant_fee_name,b1_0.tariff_participant_fee_text,b1_0.tariff_participant_fee_use_vat,b1_0.tariff_participant_fee_vat_in_percent,b1_0.tariff_text,b1_0.tariff_type,b1_0.tariff_use_metering_point_fee,b1_0.tariff_use_vat,b1_0.tariff_vat_in_percent,b1_0.tariff_working_fee_per_consumedkwh,b1_0.tenant_id from ( select md5(random()::text || clock_timestamp()::text)::uuid as id, m.* from base.billing_masterdata m ) b1_0 where b1_0.tenant_id=?
Hibernate: insert into file_data (data,date_created,last_updated,mime_type,name,tenant_id,id) values (?,?,?,?,?,?,?)
Hibernate: insert into billing_config (after_items_text_credit_note,after_items_text_info,after_items_text_invoice,before_items_text_credit_note,before_items_text_info,before_items_text_invoice,credit_note_number_prefix,credit_note_number_start,custom_template_file_data_id,date_created,document_number_sequence_length,footer_image_file_data_id,footer_text,header_image_file_data_id,invoice_number_prefix,invoice_number_start,is_create_credit_notes_for_all_producers,last_updated,tenant_id,terms_text_credit_note,terms_text_info,terms_text_invoice,id) values (?,?,?,?,?,?,?,?,?,?,?,?,?,?,?,?,?,?,?,?,?,?,?)
Hibernate: select b1_0.id,b1_0.after_items_text_credit_note,b1_0.after_items_text_info,b1_0.after_items_text_invoice,b1_0.before_items_text_credit_note,b1_0.before_items_text_info,b1_0.before_items_text_invoice,b1_0.credit_note_number_prefix,b1_0.credit_note_number_start,b1_0.custom_template_file_data_id,b1_0.date_created,b1_0.document_number_sequence_length,b1_0.footer_image_file_data_id,b1_0.footer_text,b1_0.header_image_file_data_id,b1_0.invoice_number_prefix,b1_0.invoice_number_start,b1_0.is_create_credit_notes_for_all_producers,b1_0.last_updated,b1_0.tenant_id,b1_0.terms_text_credit_note,b1_0.terms_text_info,b1_0.terms_text_invoice from billing_config b1_0 where b1_0.tenant_id=? fetch first ? rows only
Hibernate: select b1_0.id,b1_0.clearing_period_identifier,b1_0.clearing_period_type,b1_0.date_created,b1_0.last_updated,b1_0.mail_status,b1_0.mail_status_date_time,b1_0.number_of_credit_notes,b1_0.number_of_invoices,b1_0.run_status,b1_0.run_status_date_time,b1_0.sepa_status,b1_0.sepa_status_date_time,b1_0.tenant_id from billing_run b1_0 where b1_0.tenant_id=? and b1_0.clearing_period_type=? and b1_0.clearing_period_identifier=?
Hibernate: insert into billing_run (clearing_period_identifier,clearing_period_type,date_created,last_updated,mail_status,mail_status_date_time,number_of_credit_notes,number_of_invoices,run_status,run_status_date_time,sepa_status,sepa_status_date_time,tenant_id,id) values (?,?,?,?,?,?,?,?,?,?,?,?,?,?)
Hibernate: insert into billing_document (after_items_text,before_items_text,billing_document_type,billing_run_id,clearing_period_identifier,clearing_period_type,date_created,document_date,document_number,footer_text,gross_amount_in_euro,issuer_address_line1,issuer_address_line2,issuer_address_line3,issuer_bankiban,issuer_bank_name,issuer_bank_owner,issuer_company_register_number,issuer_mail,issuer_name,issuer_phone,issuer_tax_id,issuer_vat_id,issuer_website,last_updated,net_amount_in_euro,participant_id,recipient_address_line1,recipient_address_line2,recipient_address_line3,recipient_bank_iban,recipient_bank_name,recipient_bank_owner,recipient_email,recipient_name,recipient_participant_number,recipient_sepa_mandate_issue_date,recipient_sepa_mandate_reference,recipient_tax_id,recipient_vat_id,status,tenant_id,terms_text,vat1percent,vat1sum_in_euro,vat2percent,vat2sum_in_euro,id) values (?,?,?,?,?,?,?,?,?,?,?,?,?,?,?,?,?,?,?,?,?,?,?,?,?,?,?,?,?,?,?,?,?,?,?,?,?,?,?,?,?,?,?,?,?,?,?,?)
Hibernate: insert into billing_document_item (amount,billing_document_id,clearing_period_identifier,clearing_period_type,date_created,discount_percent,document_text,gross_value,last_updated,metering_point_id,metering_point_type,net_value,ppu_unit,price_per_unit,tenant_id,text,unit,vat_percent,vat_value_in_euro,id) values (?,?,?,?,?,?,?,?,?,?,?,?,?,?,?,?,?,?,?,?)
Hibernate: insert into file_data (data,date_created,last_updated,mime_type,name,tenant_id,id) values (?,?,?,?,?,?,?)
Hibernate: insert into billing_document_file (billing_document_id,date_created,file_data_id,last_updated,mime_type,name,tenant_id,id) values (?,?,?,?,?,?,?,?)
Hibernate: update billing_document set after_items_text=?,before_items_text=?,billing_document_type=?,billing_run_id=?,clearing_period_identifier=?,clearing_period_type=?,document_date=?,document_number=?,footer_text=?,gross_amount_in_euro=?,issuer_address_line1=?,issuer_address_line2=?,issuer_address_line3=?,issuer_bankiban=?,issuer_bank_name=?,issuer_bank_owner=?,issuer_company_register_number=?,issuer_mail=?,issuer_name=?,issuer_phone=?,issuer_tax_id=?,issuer_vat_id=?,issuer_website=?,last_updated=?,net_amount_in_euro=?,participant_id=?,recipient_address_line1=?,recipient_address_line2=?,recipient_address_line3=?,recipient_bank_iban=?,recipient_bank_name=?,recipient_bank_owner=?,recipient_email=?,recipient_name=?,recipient_participant_number=?,recipient_sepa_mandate_issue_date=?,recipient_sepa_mandate_reference=?,recipient_tax_id=?,recipient_vat_id=?,status=?,tenant_id=?,terms_text=?,vat1percent=?,vat1sum_in_euro=?,vat2percent=?,vat2sum_in_euro=? where id=?
Hibernate: select b1_0.id,b1_0.billing_document_id,b1_0.date_created,b1_0.file_data_id,b1_0.last_updated,b1_0.mime_type,b1_0.name,b1_0.tenant_id from billing_document_file b1_0 where b1_0.billing_document_id=?
Hibernate: insert into billing_document (after_items_text,before_items_text,billing_document_type,billing_run_id,clearing_period_identifier,clearing_period_type,date_created,document_date,document_number,footer_text,gross_amount_in_euro,issuer_address_line1,issuer_address_line2,issuer_address_line3,issuer_bankiban,issuer_bank_name,issuer_bank_owner,issuer_company_register_number,issuer_mail,issuer_name,issuer_phone,issuer_tax_id,issuer_vat_id,issuer_website,last_updated,net_amount_in_euro,participant_id,recipient_address_line1,recipient_address_line2,recipient_address_line3,recipient_bank_iban,recipient_bank_name,recipient_bank_owner,recipient_email,recipient_name,recipient_participant_number,recipient_sepa_mandate_issue_date,recipient_sepa_mandate_reference,recipient_tax_id,recipient_vat_id,status,tenant_id,terms_text,vat1percent,vat1sum_in_euro,vat2percent,vat2sum_in_euro,id) values (?,?,?,?,?,?,?,?,?,?,?,?,?,?,?,?,?,?,?,?,?,?,?,?,?,?,?,?,?,?,?,?,?,?,?,?,?,?,?,?,?,?,?,?,?,?,?,?)
Hibernate: insert into billing_document_item (amount,billing_document_id,clearing_period_identifier,clearing_period_type,date_created,discount_percent,document_text,gross_value,last_updated,metering_point_id,metering_point_type,net_value,ppu_unit,price_per_unit,tenant_id,text,unit,vat_percent,vat_value_in_euro,id) values (?,?,?,?,?,?,?,?,?,?,?,?,?,?,?,?,?,?,?,?)
Hibernate: insert into file_data (data,date_created,last_updated,mime_type,name,tenant_id,id) values (?,?,?,?,?,?,?)
Hibernate: insert into billing_document_file (billing_document_id,date_created,file_data_id,last_updated,mime_type,name,tenant_id,id) values (?,?,?,?,?,?,?,?)
Hibernate: update billing_document set after_items_text=?,before_items_text=?,billing_document_type=?,billing_run_id=?,clearing_period_identifier=?,clearing_period_type=?,document_date=?,document_number=?,footer_text=?,gross_amount_in_euro=?,issuer_address_line1=?,issuer_address_line2=?,issuer_address_line3=?,issuer_bankiban=?,issuer_bank_name=?,issuer_bank_owner=?,issuer_company_register_number=?,issuer_mail=?,issuer_name=?,issuer_phone=?,issuer_tax_id=?,issuer_vat_id=?,issuer_website=?,last_updated=?,net_amount_in_euro=?,participant_id=?,recipient_address_line1=?,recipient_address_line2=?,recipient_address_line3=?,recipient_bank_iban=?,recipient_bank_name=?,recipient_bank_owner=?,recipient_email=?,recipient_name=?,recipient_participant_number=?,recipient_sepa_mandate_issue_date=?,recipient_sepa_mandate_reference=?,recipient_tax_id=?,recipient_vat_id=?,status=?,tenant_id=?,terms_text=?,vat1percent=?,vat1sum_in_euro=?,vat2percent=?,vat2sum_in_euro=? where id=?
Hibernate: select b1_0.id,b1_0.billing_document_id,b1_0.date_created,b1_0.file_data_id,b1_0.last_updated,b1_0.mime_type,b1_0.name,b1_0.tenant_id from billing_document_file b1_0 where b1_0.billing_document_id=?
Hibernate: insert into billing_document (after_items_text,before_items_text,billing_document_type,billing_run_id,clearing_period_identifier,clearing_period_type,date_created,document_date,document_number,footer_text,gross_amount_in_euro,issuer_address_line1,issuer_address_line2,issuer_address_line3,issuer_bankiban,issuer_bank_name,issuer_bank_owner,issuer_company_register_number,issuer_mail,issuer_name,issuer_phone,issuer_tax_id,issuer_vat_id,issuer_website,last_updated,net_amount_in_euro,participant_id,recipient_address_line1,recipient_address_line2,recipient_address_line3,recipient_bank_iban,recipient_bank_name,recipient_bank_owner,recipient_email,recipient_name,recipient_participant_number,recipient_sepa_mandate_issue_date,recipient_sepa_mandate_reference,recipient_tax_id,recipient_vat_id,status,tenant_id,terms_text,vat1percent,vat1sum_in_euro,vat2percent,vat2sum_in_euro,id) values (?,?,?,?,?,?,?,?,?,?,?,?,?,?,?,?,?,?,?,?,?,?,?,?,?,?,?,?,?,?,?,?,?,?,?,?,?,?,?,?,?,?,?,?,?,?,?,?)
Hibernate: insert into billing_document_item (amount,billing_document_id,clearing_period_identifier,clearing_period_type,date_created,discount_percent,document_text,gross_value,last_updated,metering_point_id,metering_point_type,net_value,ppu_unit,price_per_unit,tenant_id,text,unit,vat_percent,vat_value_in_euro,id) values (?,?,?,?,?,?,?,?,?,?,?,?,?,?,?,?,?,?,?,?)
[...]
Hibernate: insert into billing_document_item (amount,billing_document_id,clearing_period_identifier,clearing_period_type,date_created,discount_percent,document_text,gross_value,last_updated,metering_point_id,metering_point_type,net_value,ppu_unit,price_per_unit,tenant_id,text,unit,vat_percent,vat_value_in_euro,id) values (?,?,?,?,?,?,?,?,?,?,?,?,?,?,?,?,?,?,?,?)
Hibernate: insert into billing_document_number (date_created,document_number,document_type,last_updated,prefix,sequence_number,tenant_id,year,id) values (?,?,?,?,?,?,?,?,?)
Hibernate: update billing_document set after_items_text=?,before_items_text=?,billing_document_type=?,billing_run_id=?,clearing_period_identifier=?,clearing_period_type=?,document_date=?,document_number=?,footer_text=?,gross_amount_in_euro=?,issuer_address_line1=?,issuer_address_line2=?,issuer_address_line3=?,issuer_bankiban=?,issuer_bank_name=?,issuer_bank_owner=?,issuer_company_register_number=?,issuer_mail=?,issuer_name=?,issuer_phone=?,issuer_tax_id=?,issuer_vat_id=?,issuer_website=?,last_updated=?,net_amount_in_euro=?,participant_id=?,recipient_address_line1=?,recipient_address_line2=?,recipient_address_line3=?,recipient_bank_iban=?,recipient_bank_name=?,recipient_bank_owner=?,recipient_email=?,recipient_name=?,recipient_participant_number=?,recipient_sepa_mandate_issue_date=?,recipient_sepa_mandate_reference=?,recipient_tax_id=?,recipient_vat_id=?,status=?,tenant_id=?,terms_text=?,vat1percent=?,vat1sum_in_euro=?,vat2percent=?,vat2sum_in_euro=? where id=?
Hibernate: insert into file_data (data,date_created,last_updated,mime_type,name,tenant_id,id) values (?,?,?,?,?,?,?)
Hibernate: insert into billing_document_file (billing_document_id,date_created,file_data_id,last_updated,mime_type,name,tenant_id,id) values (?,?,?,?,?,?,?,?)
Hibernate: update billing_document set after_items_text=?,before_items_text=?,billing_document_type=?,billing_run_id=?,clearing_period_identifier=?,clearing_period_type=?,document_date=?,document_number=?,footer_text=?,gross_amount_in_euro=?,issuer_address_line1=?,issuer_address_line2=?,issuer_address_line3=?,issuer_bankiban=?,issuer_bank_name=?,issuer_bank_owner=?,issuer_company_register_number=?,issuer_mail=?,issuer_name=?,issuer_phone=?,issuer_tax_id=?,issuer_vat_id=?,issuer_website=?,last_updated=?,net_amount_in_euro=?,participant_id=?,recipient_address_line1=?,recipient_address_line2=?,recipient_address_line3=?,recipient_bank_iban=?,recipient_bank_name=?,recipient_bank_owner=?,recipient_email=?,recipient_name=?,recipient_participant_number=?,recipient_sepa_mandate_issue_date=?,recipient_sepa_mandate_reference=?,recipient_tax_id=?,recipient_vat_id=?,status=?,tenant_id=?,terms_text=?,vat1percent=?,vat1sum_in_euro=?,vat2percent=?,vat2sum_in_euro=? where id=?
Hibernate: select b1_0.id,b1_0.billing_document_id,b1_0.date_created,b1_0.file_data_id,b1_0.last_updated,b1_0.mime_type,b1_0.name,b1_0.tenant_id from billing_document_file b1_0 where b1_0.billing_document_id=?
Hibernate: select b1_0.id,b1_0.billing_document_id,b1_0.date_created,b1_0.file_data_id,b1_0.last_updated,b1_0.mime_type,b1_0.name,b1_0.tenant_id from billing_document_file b1_0 where b1_0.billing_document_id=?
Hibernate: select max(b1_0.sequence_number) from billing_document_number b1_0 where b1_0.tenant_id=? and b1_0.year=? and b1_0.prefix=? group by b1_0.tenant_id,b1_0.year,b1_0.prefix
Hibernate: insert into billing_document (after_items_text,before_items_text,billing_document_type,billing_run_id,clearing_period_identifier,clearing_period_type,date_created,document_date,document_number,footer_text,gross_amount_in_euro,issuer_address_line1,issuer_address_line2,issuer_address_line3,issuer_bankiban,issuer_bank_name,issuer_bank_owner,issuer_company_register_number,issuer_mail,issuer_name,issuer_phone,issuer_tax_id,issuer_vat_id,issuer_website,last_updated,net_amount_in_euro,participant_id,recipient_address_line1,recipient_address_line2,recipient_address_line3,recipient_bank_iban,recipient_bank_name,recipient_bank_owner,recipient_email,recipient_name,recipient_participant_number,recipient_sepa_mandate_issue_date,recipient_sepa_mandate_reference,recipient_tax_id,recipient_vat_id,status,tenant_id,terms_text,vat1percent,vat1sum_in_euro,vat2percent,vat2sum_in_euro,id) values (?,?,?,?,?,?,?,?,?,?,?,?,?,?,?,?,?,?,?,?,?,?,?,?,?,?,?,?,?,?,?,?,?,?,?,?,?,?,?,?,?,?,?,?,?,?,?,?)
Hibernate: insert into billing_document (after_items_text,before_items_text,billing_document_type,billing_run_id,clearing_period_identifier,clearing_period_type,date_created,document_date,document_number,footer_text,gross_amount_in_euro,issuer_address_line1,issuer_address_line2,issuer_address_line3,issuer_bankiban,issuer_bank_name,issuer_bank_owner,issuer_company_register_number,issuer_mail,issuer_name,issuer_phone,issuer_tax_id,issuer_vat_id,issuer_website,last_updated,net_amount_in_euro,participant_id,recipient_address_line1,recipient_address_line2,recipient_address_line3,recipient_bank_iban,recipient_bank_name,recipient_bank_owner,recipient_email,recipient_name,recipient_participant_number,recipient_sepa_mandate_issue_date,recipient_sepa_mandate_reference,recipient_tax_id,recipient_vat_id,status,tenant_id,terms_text,vat1percent,vat1sum_in_euro,vat2percent,vat2sum_in_euro,id) values (?,?,?,?,?,?,?,?,?,?,?,?,?,?,?,?,?,?,?,?,?,?,?,?,?,?,?,?,?,?,?,?,?,?,?,?,?,?,?,?,?,?,?,?,?,?,?,?)
Hibernate: insert into billing_document_item (amount,billing_document_id,clearing_period_identifier,clearing_period_type,date_created,discount_percent,document_text,gross_value,last_updated,metering_point_id,metering_point_type,net_value,ppu_unit,price_per_unit,tenant_id,text,unit,vat_percent,vat_value_in_euro,id) values (?,?,?,?,?,?,?,?,?,?,?,?,?,?,?,?,?,?,?,?)
Hibernate: insert into billing_document_number (date_created,document_number,document_type,last_updated,prefix,sequence_number,tenant_id,year,id) values (?,?,?,?,?,?,?,?,?)
Hibernate: update billing_document set after_items_text=?,before_items_text=?,billing_document_type=?,billing_run_id=?,clearing_period_identifier=?,clearing_period_type=?,document_date=?,document_number=?,footer_text=?,gross_amount_in_euro=?,issuer_address_line1=?,issuer_address_line2=?,issuer_address_line3=?,issuer_bankiban=?,issuer_bank_name=?,issuer_bank_owner=?,issuer_company_register_number=?,issuer_mail=?,issuer_name=?,issuer_phone=?,issuer_tax_id=?,issuer_vat_id=?,issuer_website=?,last_updated=?,net_amount_in_euro=?,participant_id=?,recipient_address_line1=?,recipient_address_line2=?,recipient_address_line3=?,recipient_bank_iban=?,recipient_bank_name=?,recipient_bank_owner=?,recipient_email=?,recipient_name=?,recipient_participant_number=?,recipient_sepa_mandate_issue_date=?,recipient_sepa_mandate_reference=?,recipient_tax_id=?,recipient_vat_id=?,status=?,tenant_id=?,terms_text=?,vat1percent=?,vat1sum_in_euro=?,vat2percent=?,vat2sum_in_euro=? where id=?
Hibernate: insert into file_data (data,date_created,last_updated,mime_type,name,tenant_id,id) values (?,?,?,?,?,?,?)
Hibernate: insert into billing_document_file (billing_document_id,date_created,file_data_id,last_updated,mime_type,name,tenant_id,id) values (?,?,?,?,?,?,?,?)
Hibernate: update billing_document set after_items_text=?,before_items_text=?,billing_document_type=?,billing_run_id=?,clearing_period_identifier=?,clearing_period_type=?,document_date=?,document_number=?,footer_text=?,gross_amount_in_euro=?,issuer_address_line1=?,issuer_address_line2=?,issuer_address_line3=?,issuer_bankiban=?,issuer_bank_name=?,issuer_bank_owner=?,issuer_company_register_number=?,issuer_mail=?,issuer_name=?,issuer_phone=?,issuer_tax_id=?,issuer_vat_id=?,issuer_website=?,last_updated=?,net_amount_in_euro=?,participant_id=?,recipient_address_line1=?,recipient_address_line2=?,recipient_address_line3=?,recipient_bank_iban=?,recipient_bank_name=?,recipient_bank_owner=?,recipient_email=?,recipient_name=?,recipient_participant_number=?,recipient_sepa_mandate_issue_date=?,recipient_sepa_mandate_reference=?,recipient_tax_id=?,recipient_vat_id=?,status=?,tenant_id=?,terms_text=?,vat1percent=?,vat1sum_in_euro=?,vat2percent=?,vat2sum_in_euro=? where id=?
Hibernate: select b1_0.id,b1_0.billing_document_id,b1_0.date_created,b1_0.file_data_id,b1_0.last_updated,b1_0.mime_type,b1_0.name,b1_0.tenant_id from billing_document_file b1_0 where b1_0.billing_document_id=?
Hibernate: insert into billing_document (after_items_text,before_items_text,billing_document_type,billing_run_id,clearing_period_identifier,clearing_period_type,date_created,document_date,document_number,footer_text,gross_amount_in_euro,issuer_address_line1,issuer_address_line2,issuer_address_line3,issuer_bankiban,issuer_bank_name,issuer_bank_owner,issuer_company_register_number,issuer_mail,issuer_name,issuer_phone,issuer_tax_id,issuer_vat_id,issuer_website,last_updated,net_amount_in_euro,participant_id,recipient_address_line1,recipient_address_line2,recipient_address_line3,recipient_bank_iban,recipient_bank_name,recipient_bank_owner,recipient_email,recipient_name,recipient_participant_number,recipient_sepa_mandate_issue_date,recipient_sepa_mandate_reference,recipient_tax_id,recipient_vat_id,status,tenant_id,terms_text,vat1percent,vat1sum_in_euro,vat2percent,vat2sum_in_euro,id) values (?,?,?,?,?,?,?,?,?,?,?,?,?,?,?,?,?,?,?,?,?,?,?,?,?,?,?,?,?,?,?,?,?,?,?,?,?,?,?,?,?,?,?,?,?,?,?,?)
Hibernate: insert into billing_document_item (amount,billing_document_id,clearing_period_identifier,clearing_period_type,date_created,discount_percent,document_text,gross_value,last_updated,metering_point_id,metering_point_type,net_value,ppu_unit,price_per_unit,tenant_id,text,unit,vat_percent,vat_value_in_euro,id) values (?,?,?,?,?,?,?,?,?,?,?,?,?,?,?,?,?,?,?,?)
Hibernate: insert into file_data (data,date_created,last_updated,mime_type,name,tenant_id,id) values (?,?,?,?,?,?,?)
Hibernate: insert into billing_document_file (billing_document_id,date_created,file_data_id,last_updated,mime_type,name,tenant_id,id) values (?,?,?,?,?,?,?,?)
Hibernate: update billing_document set after_items_text=?,before_items_text=?,billing_document_type=?,billing_run_id=?,clearing_period_identifier=?,clearing_period_type=?,document_date=?,document_number=?,footer_text=?,gross_amount_in_euro=?,issuer_address_line1=?,issuer_address_line2=?,issuer_address_line3=?,issuer_bankiban=?,issuer_bank_name=?,issuer_bank_owner=?,issuer_company_register_number=?,issuer_mail=?,issuer_name=?,issuer_phone=?,issuer_tax_id=?,issuer_vat_id=?,issuer_website=?,last_updated=?,net_amount_in_euro=?,participant_id=?,recipient_address_line1=?,recipient_address_line2=?,recipient_address_line3=?,recipient_bank_iban=?,recipient_bank_name=?,recipient_bank_owner=?,recipient_email=?,recipient_name=?,recipient_participant_number=?,recipient_sepa_mandate_issue_date=?,recipient_sepa_mandate_reference=?,recipient_tax_id=?,recipient_vat_id=?,status=?,tenant_id=?,terms_text=?,vat1percent=?,vat1sum_in_euro=?,vat2percent=?,vat2sum_in_euro=? where id=?
Hibernate: select b1_0.id,b1_0.billing_document_id,b1_0.date_created,b1_0.file_data_id,b1_0.last_updated,b1_0.mime_type,b1_0.name,b1_0.tenant_id from billing_document_file b1_0 where b1_0.billing_document_id=?
Hibernate: select b1_0.id,b1_0.after_items_text,b1_0.before_items_text,b1_0.billing_document_type,b1_0.billing_run_id,b1_0.clearing_period_identifier,b1_0.clearing_period_type,b1_0.date_created,b1_0.document_date,b1_0.document_number,b1_0.footer_text,b1_0.gross_amount_in_euro,b1_0.issuer_address_line1,b1_0.issuer_address_line2,b1_0.issuer_address_line3,b1_0.issuer_bankiban,b1_0.issuer_bank_name,b1_0.issuer_bank_owner,b1_0.issuer_company_register_number,b1_0.issuer_mail,b1_0.issuer_name,b1_0.issuer_phone,b1_0.issuer_tax_id,b1_0.issuer_vat_id,b1_0.issuer_website,b1_0.last_updated,b1_0.net_amount_in_euro,b1_0.participant_id,b1_0.recipient_address_line1,b1_0.recipient_address_line2,b1_0.recipient_address_line3,b1_0.recipient_bank_iban,b1_0.recipient_bank_name,b1_0.recipient_bank_owner,b1_0.recipient_email,b1_0.recipient_name,b1_0.recipient_participant_number,b1_0.recipient_sepa_mandate_issue_date,b1_0.recipient_sepa_mandate_reference,b1_0.recipient_tax_id,b1_0.recipient_vat_id,b1_0.status,b1_0.tenant_id,b1_0.terms_text,b1_0.vat1percent,b1_0.vat1sum_in_euro,b1_0.vat2percent,b1_0.vat2sum_in_euro from billing_document b1_0 where b1_0.billing_run_id=?
Hibernate: select b1_0.id,b1_0.amount,b1_0.billing_document_id,b1_0.clearing_period_identifier,b1_0.clearing_period_type,b1_0.date_created,b1_0.discount_percent,b1_0.document_text,b1_0.gross_value,b1_0.last_updated,b1_0.metering_point_id,b1_0.metering_point_type,b1_0.net_value,b1_0.ppu_unit,b1_0.price_per_unit,b1_0.tenant_id,b1_0.text,b1_0.unit,b1_0.vat_percent,b1_0.vat_value_in_euro from billing_document_item b1_0 where b1_0.billing_document_id=?
Hibernate: select b1_0.id,b1_0.amount,b1_0.billing_document_id,b1_0.clearing_period_identifier,b1_0.clearing_period_type,b1_0.date_created,b1_0.discount_percent,b1_0.document_text,b1_0.gross_value,b1_0.last_updated,b1_0.metering_point_id,b1_0.metering_point_type,b1_0.net_value,b1_0.ppu_unit,b1_0.price_per_unit,b1_0.tenant_id,b1_0.text,b1_0.unit,b1_0.vat_percent,b1_0.vat_value_in_euro from billing_document_item b1_0 where b1_0.billing_document_id=?
Hibernate: select b1_0.id,b1_0.amount,b1_0.billing_document_id,b1_0.clearing_period_identifier,b1_0.clearing_period_type,b1_0.date_created,b1_0.discount_percent,b1_0.document_text,b1_0.gross_value,b1_0.last_updated,b1_0.metering_point_id,b1_0.metering_point_type,b1_0.net_value,b1_0.ppu_unit,b1_0.price_per_unit,b1_0.tenant_id,b1_0.text,b1_0.unit,b1_0.vat_percent,b1_0.vat_value_in_euro from billing_document_item b1_0 where b1_0.billing_document_id=?
Hibernate: select b1_0.id,b1_0.amount,b1_0.billing_document_id,b1_0.clearing_period_identifier,b1_0.clearing_period_type,b1_0.date_created,b1_0.discount_percent,b1_0.document_text,b1_0.gross_value,b1_0.last_updated,b1_0.metering_point_id,b1_0.metering_point_type,b1_0.net_value,b1_0.ppu_unit,b1_0.price_per_unit,b1_0.tenant_id,b1_0.text,b1_0.unit,b1_0.vat_percent,b1_0.vat_value_in_euro from billing_document_item b1_0 where b1_0.billing_document_id=?
Hibernate: select b1_0.id,b1_0.amount,b1_0.billing_document_id,b1_0.clearing_period_identifier,b1_0.clearing_period_type,b1_0.date_created,b1_0.discount_percent,b1_0.document_text,b1_0.gross_value,b1_0.last_updated,b1_0.metering_point_id,b1_0.metering_point_type,b1_0.net_value,b1_0.ppu_unit,b1_0.price_per_unit,b1_0.tenant_id,b1_0.text,b1_0.unit,b1_0.vat_percent,b1_0.vat_value_in_euro from billing_document_item b1_0 where b1_0.billing_document_id=?
Hibernate: select f1_0.id,f1_0.data,f1_0.date_created,f1_0.last_updated,f1_0.mime_type,f1_0.name,f1_0.tenant_id from file_data f1_0
]]></system-out>
  </testcase>
  <testcase name="testBillingDocumentNumberGenerator_TenInARow" classname="org.vfeeg.eegfaktura.billing.EegfakturaBillingApplicationTests" time="0.142">
    <system-out><![CDATA[Hibernate: select max(b1_0.sequence_number) from billing_document_number b1_0 where b1_0.tenant_id=? and b1_0.year=? and b1_0.prefix=? group by b1_0.tenant_id,b1_0.year,b1_0.prefix
Hibernate: insert into billing_document_number (date_created,document_number,document_type,last_updated,prefix,sequence_number,tenant_id,year,id) values (?,?,?,?,?,?,?,?,?)
Hibernate: select max(b1_0.sequence_number) from billing_document_number b1_0 where b1_0.tenant_id=? and b1_0.year=? and b1_0.prefix=? group by b1_0.tenant_id,b1_0.year,b1_0.prefix
Hibernate: insert into billing_document_number (date_created,document_number,document_type,last_updated,prefix,sequence_number,tenant_id,year,id) values (?,?,?,?,?,?,?,?,?)
Hibernate: select max(b1_0.sequence_number) from billing_document_number b1_0 where b1_0.tenant_id=? and b1_0.year=? and b1_0.prefix=? group by b1_0.tenant_id,b1_0.year,b1_0.prefix
Hibernate: insert into billing_document_number (date_created,document_number,document_type,last_updated,prefix,sequence_number,tenant_id,year,id) values (?,?,?,?,?,?,?,?,?)
Hibernate: select max(b1_0.sequence_number) from billing_document_number b1_0 where b1_0.tenant_id=? and b1_0.year=? and b1_0.prefix=? group by b1_0.tenant_id,b1_0.year,b1_0.prefix
Hibernate: insert into billing_document_number (date_created,document_number,document_type,last_updated,prefix,sequence_number,tenant_id,year,id) values (?,?,?,?,?,?,?,?,?)
Hibernate: select max(b1_0.sequence_number) from billing_document_number b1_0 where b1_0.tenant_id=? and b1_0.year=? and b1_0.prefix=? group by b1_0.tenant_id,b1_0.year,b1_0.prefix
Hibernate: insert into billing_document_number (date_created,document_number,document_type,last_updated,prefix,sequence_number,tenant_id,year,id) values (?,?,?,?,?,?,?,?,?)
Hibernate: select max(b1_0.sequence_number) from billing_document_number b1_0 where b1_0.tenant_id=? and b1_0.year=? and b1_0.prefix=? group by b1_0.tenant_id,b1_0.year,b1_0.prefix
Hibernate: insert into billing_document_number (date_created,document_number,document_type,last_updated,prefix,sequence_number,tenant_id,year,id) values (?,?,?,?,?,?,?,?,?)
Hibernate: select max(b1_0.sequence_number) from billing_document_number b1_0 where b1_0.tenant_id=? and b1_0.year=? and b1_0.prefix=? group by b1_0.tenant_id,b1_0.year,b1_0.prefix
Hibernate: insert into billing_document_number (date_created,document_number,document_type,last_updated,prefix,sequence_number,tenant_id,year,id) values (?,?,?,?,?,?,?,?,?)
Hibernate: select max(b1_0.sequence_number) from billing_document_number b1_0 where b1_0.tenant_id=? and b1_0.year=? and b1_0.prefix=? group by b1_0.tenant_id,b1_0.year,b1_0.prefix
Hibernate: insert into billing_document_number (date_created,document_number,document_type,last_updated,prefix,sequence_number,tenant_id,year,id) values (?,?,?,?,?,?,?,?,?)
Hibernate: select max(b1_0.sequence_number) from billing_document_number b1_0 where b1_0.tenant_id=? and b1_0.year=? and b1_0.prefix=? group by b1_0.tenant_id,b1_0.year,b1_0.prefix
Hibernate: insert into billing_document_number (date_created,document_number,document_type,last_updated,prefix,sequence_number,tenant_id,year,id) values (?,?,?,?,?,?,?,?,?)
Hibernate: select max(b1_0.sequence_number) from billing_document_number b1_0 where b1_0.tenant_id=? and b1_0.year=? and b1_0.prefix=? group by b1_0.tenant_id,b1_0.year,b1_0.prefix
Hibernate: insert into billing_document_number (date_created,document_number,document_type,last_updated,prefix,sequence_number,tenant_id,year,id) values (?,?,?,?,?,?,?,?,?)
]]></system-out>
  </testcase>
  <testcase name="contextLoads" classname="org.vfeeg.eegfaktura.billing.EegfakturaBillingApplicationTests" time="0.007"/>
  <testcase name="testBillingDocumentNumberGenerator_BeginWithOne" classname="org.vfeeg.eegfaktura.billing.EegfakturaBillingApplicationTests" time="0.019">
    <system-out><![CDATA[Hibernate: select max(b1_0.sequence_number) from billing_document_number b1_0 where b1_0.tenant_id=? and b1_0.year=? and b1_0.prefix=? group by b1_0.tenant_id,b1_0.year,b1_0.prefix
Hibernate: insert into billing_document_number (date_created,document_number,document_type,last_updated,prefix,sequence_number,tenant_id,year,id) values (?,?,?,?,?,?,?,?,?)
]]></system-out>
  </testcase>
  <testcase name="testBillingDocumentNumberGenerator_ExceedingSequenceLength" classname="org.vfeeg.eegfaktura.billing.EegfakturaBillingApplicationTests" time="0.019">
    <system-out><![CDATA[Hibernate: select max(b1_0.sequence_number) from billing_document_number b1_0 where b1_0.tenant_id=? and b1_0.year=? and b1_0.prefix=? group by b1_0.tenant_id,b1_0.year,b1_0.prefix
Hibernate: insert into billing_document_number (date_created,document_number,document_type,last_updated,prefix,sequence_number,tenant_id,year,id) values (?,?,?,?,?,?,?,?,?)
]]></system-out>
  </testcase>
</testsuite>