<?xml version="1.0" encoding="UTF-8"?>
<testsuite xmlns:xsi="http://www.w3.org/2001/XMLSchema-instance" xsi:noNamespaceSchemaLocation="https://maven.apache.org/surefire/maven-surefire-plugin/xsd/surefire-test-report-3.0.xsd" version="3.0" name="org.vfeeg.eegfaktura.billing.EegfakturaBillingApplicationTests" time="9.809" tests="13" errors="1" skipped="0" failures="4">
  <properties>
[...]
</properties>
  <testcase name="testBillingDocumentNumberGenerator_YearMix" classname="org.vfeeg.eegfaktura.billing.EegfakturaBillingApplicationTests" time="0.908">
    <system-out><![CDATA[22:27:01.826 [main] INFO org.springframework.test.context.support.AnnotationConfigContextLoaderUtils -- Could not detect default configuration classes for test class [org.vfeeg.eegfaktura.billing.EegfakturaBillingApplicationTests]: EegfakturaBillingApplicationTests does not declare any static, non-private, non-final, nested classes annotated with @Configuration.
22:27:01.914 [main] INFO org.springframework.boot.test.context.SpringBootTestContextBootstrapper -- Found @SpringBootConfiguration org.vfeeg.eegfaktura.billing.EegfakturaBillingApplication for test class org.vfeeg.eegfaktura.billing.EegfakturaBillingApplicationTests
22:27:02.047 [main] INFO org.testcontainers.utility.ImageNameSubstitutor -- Image name substitution will be performed by: DefaultImageNameSubstitutor (composite of 'ConfigurationFileImageNameSubstitutor' and 'PrefixingImageNameSubstitutor')
22:27:02.244 [main] INFO org.testcontainers.dockerclient.DockerClientProviderStrategy -- Loaded org.testcontainers.dockerclient.UnixSocketClientProviderStrategy from ~/.testcontainers.properties, will try it first
22:27:02.459 [main] INFO org.testcontainers.dockerclient.DockerClientProviderStrategy -- Found Docker environment with local Unix socket (unix:///var/run/docker.sock)
22:27:02.460 [main] INFO org.testcontainers.DockerClientFactory -- Docker host IP address is localhost
22:27:02.478 [main] INFO org.testcontainers.DockerClientFactory -- Connected to docker: 
  Server Version: 25.0.3
  API Version: 1.44
  Operating System: Ubuntu 22.04.3 LTS
  Total Memory: 38916 MB
22:27:02.569 [main] INFO tc.testcontainers/ryuk:0.5.1 -- Creating container for image: testcontainers/ryuk:0.5.1
22:27:02.686 [main] INFO tc.testcontainers/ryuk:0.5.1 -- Container testcontainers/ryuk:0.5.1 is starting: ece2fe8b71b9b9b76f43e3ad4cb1f5069a13c930029e16b085d9d879c654f177
22:27:03.166 [main] INFO tc.testcontainers/ryuk:0.5.1 -- Container testcontainers/ryuk:0.5.1 started in PT0.676748428S
22:27:03.171 [main] INFO org.testcontainers.utility.RyukResourceReaper -- Ryuk started - will monitor and terminate Testcontainers containers on JVM exit
22:27:03.171 [main] INFO org.testcontainers.DockerClientFactory -- Checking the system...
22:27:03.171 [main] INFO org.testcontainers.DockerClientFactory -- ✔︎ Docker server version should be at least 1.6.0
22:27:03.172 [main] INFO tc.postgres:15-alpine -- Creating container for image: postgres:15-alpine
22:27:03.173 [main] WARN tc.postgres:15-alpine -- Reuse was requested but the environment does not support the reuse of containers
To enable reuse of containers, you must set 'testcontainers.reuse.enable=true' in a file located at /home/petero/.testcontainers.properties
22:27:03.289 [main] INFO tc.postgres:15-alpine -- Container postgres:15-alpine is starting: 4d6eb85dd5caa7c98443e80585531f126b1d043f9c9d4360196e810bc0fc13a1
22:27:04.960 [main] INFO tc.postgres:15-alpine -- Container postgres:15-alpine started in PT1.788486166S
22:27:04.961 [main] INFO tc.postgres:15-alpine -- Container is started (JDBC URL: jdbc:postgresql://localhost:32769/test?loggerLevel=OFF)
22:27:04.999 [main] INFO org.springframework.boot.devtools.restart.RestartApplicationListener -- Restart disabled due to context in which it is running

  .   ____          _            __ _ _
 /\\ / ___'_ __ _ _(_)_ __  __ _ \ \ \ \
( ( )\___ | '_ | '_| | '_ \/ _` | \ \ \ \
 \\/  ___)| |_)| | | | | || (_| |  ) ) ) )
  '  |____| .__|_| |_|_| |_\__, | / / / /
 =========|_|==============|___/=/_/_/_/
 :: Spring Boot ::                (v3.1.7)

2024-02-18T22:27:05.157+01:00  WARN 496509 --- [           main] ory$DuplicateJsonObjectContextCustomizer : 

Found multiple occurrences of org.json.JSONObject on the class path:

	jar:file:/home/petero/.m2/repository/com/vaadin/external/google/android-json/0.0.20131108.vaadin1/android-json-0.0.20131108.vaadin1.jar!/org/json/JSONObject.class
	jar:file:/home/petero/.m2/repository/org/json/json/20231013/json-20231013.jar!/org/json/JSONObject.class

You may wish to exclude one of them to ensure predictable runtime behavior

2024-02-18T22:27:05.173+01:00  INFO 496509 --- [           main] .v.e.b.EegfakturaBillingApplicationTests : Starting EegfakturaBillingApplicationTests using Java 17.0.9 with PID 496509 (started by petero in /home/petero/projects/energycash/Dev/java/eegfaktura-billingj)
2024-02-18T22:27:05.174+01:00  INFO 496509 --- [           main] .v.e.b.EegfakturaBillingApplicationTests : No active profile set, falling back to 1 default profile: "default"
2024-02-18T22:27:05.610+01:00  INFO 496509 --- [           main] .s.d.r.c.RepositoryConfigurationDelegate : Bootstrapping Spring Data JPA repositories in DEFAULT mode.
2024-02-18T22:27:05.718+01:00  INFO 496509 --- [           main] .s.d.r.c.RepositoryConfigurationDelegate : Finished Spring Data repository scanning in 102 ms. Found 8 JPA repository interfaces.
2024-02-18T22:27:06.436+01:00  INFO 496509 --- [           main] o.f.c.internal.license.VersionPrinter    : Flyway Community Edition 9.16.3 by Redgate
2024-02-18T22:27:06.436+01:00  INFO 496509 --- [           main] o.f.c.internal.license.VersionPrinter    : See release notes here: https://rd.gt/416ObMi
2024-02-18T22:27:06.436+01:00  INFO 496509 --- [           main] o.f.c.internal.license.VersionPrinter    : 
2024-02-18T22:27:06.438+01:00 DEBUG 496509 --- [           main] o.f.c.i.s.classpath.ClassPathScanner     : Scanning for classpath resources at 'classpath:db/callback' ...
2024-02-18T22:27:06.438+01:00 DEBUG 496509 --- [           main] o.f.c.i.s.classpath.ClassPathScanner     : Determining location urls for classpath:db/callback using ClassLoader jdk.internal.loader.ClassLoaders$AppClassLoader@5cb0d902 ...
2024-02-18T22:27:06.439+01:00 DEBUG 496509 --- [           main] o.f.c.i.s.classpath.ClassPathScanner     : Unable to resolve location classpath:db/callback.
2024-02-18T22:27:06.439+01:00 DEBUG 496509 --- [           main] o.f.c.i.s.classpath.ClassPathScanner     : Scanning for classpath resources at 'classpath:db/migration' ...
2024-02-18T22:27:06.439+01:00 DEBUG 496509 --- [           main] o.f.c.i.s.classpath.ClassPathScanner     : Determining location urls for classpath:db/migration using ClassLoader jdk.internal.loader.ClassLoaders$AppClassLoader@5cb0d902 ...
2024-02-18T22:27:06.439+01:00 DEBUG 496509 --- [           main] o.f.c.i.s.classpath.ClassPathScanner     : Scanning URL: file:/home/petero/projects/energycash/Dev/java/eegfaktura-billingj/target/classes/db/migration
2024-02-18T22:27:06.440+01:00 DEBUG 496509 --- [           main] i.s.c.FileSystemClassPathLocationScanner : Scanning starting at classpath root in filesystem: /home/petero/projects/energycash/Dev/java/eegfaktura-billingj/target/classes/
2024-02-18T22:27:06.440+01:00 DEBUG 496509 --- [           main] i.s.c.FileSystemClassPathLocationScanner : Scanning for resources in path: /home/petero/projects/energycash/Dev/java/eegfaktura-billingj/target/classes/db/migration (db/migration)
2024-02-18T22:27:06.441+01:00 DEBUG 496509 --- [           main] o.f.c.i.s.classpath.ClassPathScanner     : Found resource: db/migration/V1_0__init_schema.sql
2024-02-18T22:27:06.441+01:00 DEBUG 496509 --- [           main] o.f.c.i.s.classpath.ClassPathScanner     : Found resource: db/migration/V1_1__migration.sql
2024-02-18T22:27:06.441+01:00 DEBUG 496509 --- [           main] o.f.c.i.s.classpath.ClassPathScanner     : Found resource: db/migration/V1_2__migration.sql
2024-02-18T22:27:06.441+01:00 DEBUG 496509 --- [           main] o.f.c.i.s.classpath.ClassPathScanner     : Found resource: db/migration/V1_3__migration.sql
2024-02-18T22:27:06.441+01:00 DEBUG 496509 --- [           main] o.f.c.i.s.classpath.ClassPathScanner     : Found resource: db/migration/V1_4__migration.sql
2024-02-18T22:27:06.441+01:00 DEBUG 496509 --- [           main] o.f.c.i.s.classpath.ClassPathScanner     : Found resource: db/migration/V1_5__migration.sql
2024-02-18T22:27:06.441+01:00 DEBUG 496509 --- [           main] o.f.c.i.s.classpath.ClassPathScanner     : Found resource: db/migration/V1_6__migration.sql
2024-02-18T22:27:06.441+01:00 DEBUG 496509 --- [           main] o.f.c.i.s.classpath.ClassPathScanner     : Scanning for classes at classpath:db/migration
2024-02-18T22:27:06.443+01:00 DEBUG 496509 --- [           main] o.f.c.i.resource.ResourceNameValidator   : Validating V1_0__init_schema.sql
2024-02-18T22:27:06.444+01:00 DEBUG 496509 --- [           main] o.f.c.i.resource.ResourceNameValidator   : Validating V1_2__migration.sql
2024-02-18T22:27:06.444+01:00 DEBUG 496509 --- [           main] o.f.c.i.resource.ResourceNameValidator   : Validating V1_4__migration.sql
2024-02-18T22:27:06.444+01:00 DEBUG 496509 --- [           main] o.f.c.i.resource.ResourceNameValidator   : Validating V1_5__migration.sql
2024-02-18T22:27:06.444+01:00 DEBUG 496509 --- [           main] o.f.c.i.resource.ResourceNameValidator   : Validating V1_1__migration.sql
2024-02-18T22:27:06.444+01:00 DEBUG 496509 --- [           main] o.f.c.i.resource.ResourceNameValidator   : Validating V1_6__migration.sql
2024-02-18T22:27:06.444+01:00 DEBUG 496509 --- [           main] o.f.c.i.resource.ResourceNameValidator   : Validating V1_3__migration.sql
2024-02-18T22:27:06.446+01:00  INFO 496509 --- [           main] com.zaxxer.hikari.HikariDataSource       : HikariPool-1 - Starting...
2024-02-18T22:27:06.584+01:00  INFO 496509 --- [           main] com.zaxxer.hikari.pool.HikariPool        : HikariPool-1 - Added connection org.postgresql.jdbc.PgConnection@77d95e5a
2024-02-18T22:27:06.585+01:00  INFO 496509 --- [           main] com.zaxxer.hikari.HikariDataSource       : HikariPool-1 - Start completed.
2024-02-18T22:27:06.600+01:00  INFO 496509 --- [           main] o.f.c.i.database.base.BaseDatabaseType   : Database: jdbc:postgresql://localhost:32769/test (PostgreSQL 15.3)
2024-02-18T22:27:06.600+01:00 DEBUG 496509 --- [           main] o.f.c.i.database.base.BaseDatabaseType   : Driver  : PostgreSQL JDBC Driver 42.6.0
2024-02-18T22:27:06.602+01:00 DEBUG 496509 --- [           main] org.flywaydb.core.FlywayExecutor         : DDL Transactions Supported: true
2024-02-18T22:27:06.603+01:00 DEBUG 496509 --- [           main] o.f.c.i.s.SchemaHistoryFactory           : Schemas: 
2024-02-18T22:27:06.603+01:00 DEBUG 496509 --- [           main] o.f.c.i.s.SchemaHistoryFactory           : Default schema: null
2024-02-18T22:27:06.609+01:00 DEBUG 496509 --- [           main] o.f.c.i.c.SqlScriptCallbackFactory       : Scanning for SQL callbacks ...
2024-02-18T22:27:06.618+01:00 DEBUG 496509 --- [           main] o.f.core.internal.command.DbValidate     : Validating migrations ...
2024-02-18T22:27:06.628+01:00 DEBUG 496509 --- [           main] o.f.core.internal.scanner.Scanner        : Filtering out resource: db/migration/V1_0__init_schema.sql (filename: V1_0__init_schema.sql)
2024-02-18T22:27:06.628+01:00 DEBUG 496509 --- [           main] o.f.core.internal.scanner.Scanner        : Filtering out resource: db/migration/V1_2__migration.sql (filename: V1_2__migration.sql)
2024-02-18T22:27:06.628+01:00 DEBUG 496509 --- [           main] o.f.core.internal.scanner.Scanner        : Filtering out resource: db/migration/V1_4__migration.sql (filename: V1_4__migration.sql)
2024-02-18T22:27:06.628+01:00 DEBUG 496509 --- [           main] o.f.core.internal.scanner.Scanner        : Filtering out resource: db/migration/V1_5__migration.sql (filename: V1_5__migration.sql)
2024-02-18T22:27:06.629+01:00 DEBUG 496509 --- [           main] o.f.core.internal.scanner.Scanner        : Filtering out resource: db/migration/V1_1__migration.sql (filename: V1_1__migration.sql)
2024-02-18T22:27:06.629+01:00 DEBUG 496509 --- [           main] o.f.core.internal.scanner.Scanner        : Filtering out resource: db/migration/V1_6__migration.sql (filename: V1_6__migration.sql)
2024-02-18T22:27:06.629+01:00 DEBUG 496509 --- [           main] o.f.core.internal.scanner.Scanner        : Filtering out resource: db/migration/V1_3__migration.sql (filename: V1_3__migration.sql)
2024-02-18T22:27:06.633+01:00  INFO 496509 --- [           main] o.f.c.i.s.JdbcTableSchemaHistory         : Schema history table "public"."flyway_schema_history" does not exist yet
2024-02-18T22:27:06.638+01:00  INFO 496509 --- [           main] o.f.core.internal.command.DbValidate     : Successfully validated 7 migrations (execution time 00:00.018s)
2024-02-18T22:27:06.643+01:00 DEBUG 496509 --- [           main] o.f.core.internal.command.DbSchemas      : Skipping creation of existing schema: "public"
2024-02-18T22:27:06.661+01:00  INFO 496509 --- [           main] o.f.c.i.s.JdbcTableSchemaHistory         : Creating Schema History table "public"."flyway_schema_history" ...
2024-02-18T22:27:06.663+01:00 DEBUG 496509 --- [           main] o.flywaydb.core.internal.parser.Parser   : Parsing  ...
2024-02-18T22:27:06.671+01:00 DEBUG 496509 --- [           main] o.f.c.i.sqlscript.ParserSqlScript        : Found statement at line 1: CREATE TABLE "public"."flyway_schema_history" (
    "installed_rank" INT NOT NULL,
    "version" VARCHAR(50),
    "description" VARCHAR(200) NOT NULL,
    "type" VARCHAR(20) NOT NULL,
    "script" VARCHAR(1000) NOT NULL,
    "checksum" INTEGER,
    "installed_by" VARCHAR(100) NOT NULL,
    "installed_on" TIMESTAMP NOT NULL DEFAULT now(),
    "execution_time" INTEGER NOT NULL,
    "success" BOOLEAN NOT NULL
)
2024-02-18T22:27:06.672+01:00 DEBUG 496509 --- [           main] o.f.c.i.sqlscript.ParserSqlScript        : Found statement at line 13: ALTER TABLE "public"."flyway_schema_history" ADD CONSTRAINT "flyway_schema_history_pk" PRIMARY KEY ("installed_rank")
2024-02-18T22:27:06.672+01:00 DEBUG 496509 --- [           main] o.f.c.i.sqlscript.ParserSqlScript        : Found statement at line 14: CREATE INDEX "flyway_schema_history_s_idx" ON "public"."flyway_schema_history" ("success")
2024-02-18T22:27:06.672+01:00 DEBUG 496509 --- [           main] o.f.c.i.s.DefaultSqlScriptExecutor       : Executing SQL: CREATE TABLE "public"."flyway_schema_history" (
    "installed_rank" INT NOT NULL,
    "version" VARCHAR(50),
    "description" VARCHAR(200) NOT NULL,
    "type" VARCHAR(20) NOT NULL,
    "script" VARCHAR(1000) NOT NULL,
    "checksum" INTEGER,
    "installed_by" VARCHAR(100) NOT NULL,
    "installed_on" TIMESTAMP NOT NULL DEFAULT now(),
    "execution_time" INTEGER NOT NULL,
    "success" BOOLEAN NOT NULL
)
2024-02-18T22:27:06.680+01:00 DEBUG 496509 --- [           main] o.f.c.i.s.DefaultSqlScriptExecutor       : 0 rows affected
2024-02-18T22:27:06.680+01:00 DEBUG 496509 --- [           main] o.f.c.i.s.DefaultSqlScriptExecutor       : Executing SQL: ALTER TABLE "public"."flyway_schema_history" ADD CONSTRAINT "flyway_schema_history_pk" PRIMARY KEY ("installed_rank")
2024-02-18T22:27:06.684+01:00 DEBUG 496509 --- [           main] o.f.c.i.s.DefaultSqlScriptExecutor       : 0 rows affected
2024-02-18T22:27:06.684+01:00 DEBUG 496509 --- [           main] o.f.c.i.s.DefaultSqlScriptExecutor       : Executing SQL: CREATE INDEX "flyway_schema_history_s_idx" ON "public"."flyway_schema_history" ("success")
2024-02-18T22:27:06.686+01:00 DEBUG 496509 --- [           main] o.f.c.i.s.DefaultSqlScriptExecutor       : 0 rows affected
2024-02-18T22:27:06.687+01:00 DEBUG 496509 --- [           main] o.f.c.i.s.JdbcTableSchemaHistory         : Created Schema History table "public"."flyway_schema_history"
2024-02-18T22:27:06.720+01:00  INFO 496509 --- [           main] o.f.core.internal.command.DbMigrate      : Current version of schema "public": << Empty Schema >>
2024-02-18T22:27:06.720+01:00 DEBUG 496509 --- [           main] o.flywaydb.core.internal.parser.Parser   : Parsing V1_0__init_schema.sql ...
2024-02-18T22:27:06.724+01:00 DEBUG 496509 --- [           main] o.f.c.i.sqlscript.ParserSqlScript        : Found statement at line 1: create table billing_document (id uuid not null, after_items_text varchar, before_items_text varchar, billing_document_type smallint, clearing_period_identifier varchar, clearing_period_type varchar, date_created timestamp(6) not null, document_date date, document_number varchar, gross_amount_in_euro numeric(38,2), issuer_address_line1 varchar, issuer_address_line2 varchar, issuer_address_line3 varchar, issuer_bankiban varchar, issuer_bank_name varchar, issuer_company_register_number varchar, issuer_mail varchar, issuer_name varchar, issuer_phone varchar, issuer_tax_id varchar, issuer_vat_id varchar, issuer_website varchar, last_updated timestamp(6) not null, net_amount_in_euro numeric(38,2), participant_id varchar, recipient_address_line1 varchar, recipient_address_line2 varchar, recipient_address_line3 varchar, recipient_name varchar, status varchar, tenant_id varchar, terms_text varchar, vat1percent numeric(38,2), vat1sum_in_euro numeric(38,2), vat2percent numeric(38,2), vat2sum_in_euro numeric(38,2), billing_run_id uuid, primary key (id))
2024-02-18T22:27:06.725+01:00 DEBUG 496509 --- [           main] o.f.c.i.sqlscript.ParserSqlScript        : Found statement at line 2: create table billing_document_item (id uuid not null, amount numeric(38,2), clearing_period_identifier varchar, clearing_period_type varchar, date_created timestamp(6) not null, discount_percent numeric(38,2), gross_value numeric(38,2), last_updated timestamp(6) not null, net_value numeric(38,2), price_per_unit numeric(38,2), tenant_id varchar, text varchar, unit varchar, vat_percent numeric(38,2), vat_value_in_euro numeric(38,2), billing_document_id uuid, primary key (id))
2024-02-18T22:27:06.726+01:00 DEBUG 496509 --- [           main] o.f.c.i.sqlscript.ParserSqlScript        : Found statement at line 3: create table billing_document_number (id uuid not null, date_created timestamp(6) not null, document_number varchar, document_type smallint, eec_prefix varchar, last_updated timestamp(6) not null, sequence_number bigint, tenant_id varchar, year integer, primary key (id))
2024-02-18T22:27:06.727+01:00 DEBUG 496509 --- [           main] o.f.c.i.sqlscript.ParserSqlScript        : Found statement at line 4: create table billing_run (id uuid not null, billing_period_identifier varchar, billing_period_type varchar, date_created timestamp(6) not null, last_updated timestamp(6) not null, mail_status varchar, mail_status_date_time timestamp(6), number_of_credit_notes integer, number_of_invoices integer, run_status smallint, run_status_date_time timestamp(6), sepa_status varchar, sepa_status_date_time timestamp(6), tenant_id varchar, primary key (id))
2024-02-18T22:27:06.727+01:00 DEBUG 496509 --- [           main] o.f.c.i.sqlscript.ParserSqlScript        : Found statement at line 5: create table file (id uuid not null, date_created timestamp(6) not null, file_data_id uuid, last_updated timestamp(6) not null, mime_type varchar, name varchar, tenant_id varchar, billing_document_id uuid, primary key (id))
2024-02-18T22:27:06.728+01:00 DEBUG 496509 --- [           main] o.f.c.i.sqlscript.ParserSqlScript        : Found statement at line 6: create table file_data (id uuid not null, data oid, date_created timestamp(6) not null, last_updated timestamp(6) not null, mime_type varchar, name varchar, tenant_id varchar, primary key (id))
2024-02-18T22:27:06.728+01:00 DEBUG 496509 --- [           main] o.f.c.i.sqlscript.ParserSqlScript        : Found statement at line 7: alter table if exists billing_document_number add constraint UKhbmeftd1x7fdlqtqqg2v20aev unique (tenant_id, document_number)
2024-02-18T22:27:06.729+01:00 DEBUG 496509 --- [           main] o.f.c.i.sqlscript.ParserSqlScript        : Found statement at line 8: alter table if exists billing_document add constraint FK6gouorockuin30j66lev4xmky foreign key (billing_run_id) references billing_run
2024-02-18T22:27:06.729+01:00 DEBUG 496509 --- [           main] o.f.c.i.sqlscript.ParserSqlScript        : Found statement at line 9: alter table if exists billing_document_item add constraint FKa9p699hipxo9cn082v5nn8r97 foreign key (billing_document_id) references billing_document
2024-02-18T22:27:06.729+01:00 DEBUG 496509 --- [           main] o.f.c.i.sqlscript.ParserSqlScript        : Found statement at line 10: alter table if exists file add constraint FKjqt0uro12lskas3jc9lvtbxf0 foreign key (billing_document_id) references billing_document
2024-02-18T22:27:06.732+01:00 DEBUG 496509 --- [           main] o.f.core.internal.command.DbMigrate      : Starting migration of schema "public" to version "1.0 - init schema" ...
2024-02-18T22:27:06.735+01:00  INFO 496509 --- [           main] o.f.core.internal.command.DbMigrate      : Migrating schema "public" to version "1.0 - init schema"
2024-02-18T22:27:06.736+01:00 DEBUG 496509 --- [           main] o.f.c.i.s.DefaultSqlScriptExecutor       : Executing SQL: create table billing_document (id uuid not null, after_items_text varchar, before_items_text varchar, billing_document_type smallint, clearing_period_identifier varchar, clearing_period_type varchar, date_created timestamp(6) not null, document_date date, document_number varchar, gross_amount_in_euro numeric(38,2), issuer_address_line1 varchar, issuer_address_line2 varchar, issuer_address_line3 varchar, issuer_bankiban varchar, issuer_bank_name varchar, issuer_company_register_number varchar, issuer_mail varchar, issuer_name varchar, issuer_phone varchar, issuer_tax_id varchar, issuer_vat_id varchar, issuer_website varchar, last_updated timestamp(6) not null, net_amount_in_euro numeric(38,2), participant_id varchar, recipient_address_line1 varchar, recipient_address_line2 varchar, recipient_address_line3 varchar, recipient_name varchar, status varchar, tenant_id varchar, terms_text varchar, vat1percent numeric(38,2), vat1sum_in_euro numeric(38,2), vat2percent numeric(38,2), vat2sum_in_euro numeric(38,2), billing_run_id uuid, primary key (id))
2024-02-18T22:27:06.744+01:00 DEBUG 496509 --- [           main] o.f.c.i.s.DefaultSqlScriptExecutor       : 0 rows affected
2024-02-18T22:27:06.744+01:00 DEBUG 496509 --- [           main] o.f.c.i.s.DefaultSqlScriptExecutor       : Executing SQL: create table billing_document_item (id uuid not null, amount numeric(38,2), clearing_period_identifier varchar, clearing_period_type varchar, date_created timestamp(6) not null, discount_percent numeric(38,2), gross_value numeric(38,2), last_updated timestamp(6) not null, net_value numeric(38,2), price_per_unit numeric(38,2), tenant_id varchar, text varchar, unit varchar, vat_percent numeric(38,2), vat_value_in_euro numeric(38,2), billing_document_id uuid, primary key (id))
2024-02-18T22:27:06.748+01:00 DEBUG 496509 --- [           main] o.f.c.i.s.DefaultSqlScriptExecutor       : 0 rows affected
2024-02-18T22:27:06.748+01:00 DEBUG 496509 --- [           main] o.f.c.i.s.DefaultSqlScriptExecutor       : Executing SQL: create table billing_document_number (id uuid not null, date_created timestamp(6) not null, document_number varchar, document_type smallint, eec_prefix varchar, last_updated timestamp(6) not null, sequence_number bigint, tenant_id varchar, year integer, primary key (id))
2024-02-18T22:27:06.752+01:00 DEBUG 496509 --- [           main] o.f.c.i.s.DefaultSqlScriptExecutor       : 0 rows affected
2024-02-18T22:27:06.752+01:00 DEBUG 496509 --- [           main] o.f.c.i.s.DefaultSqlScriptExecutor       : Executing SQL: create table billing_run (id uuid not null, billing_period_identifier varchar, billing_period_type varchar, date_created timestamp(6) not null, last_updated timestamp(6) not null, mail_status varchar, mail_status_date_time timestamp(6), number_of_credit_notes integer, number_of_invoices integer, run_status smallint, run_status_date_time timestamp(6), sepa_status varchar, sepa_status_date_time timestamp(6), tenant_id varchar, primary key (id))
2024-02-18T22:27:06.756+01:00 DEBUG 496509 --- [           main] o.f.c.i.s.DefaultSqlScriptExecutor       : 0 rows affected
2024-02-18T22:27:06.757+01:00 DEBUG 496509 --- [           main] o.f.c.i.s.DefaultSqlScriptExecutor       : Executing SQL: create table file (id uuid not null, date_created timestamp(6) not null, file_data_id uuid, last_updated timestamp(6) not null, mime_type varchar, name varchar, tenant_id varchar, billing_document_id uuid, primary key (id))
2024-02-18T22:27:06.760+01:00 DEBUG 496509 --- [           main] o.f.c.i.s.DefaultSqlScriptExecutor       : 0 rows affected
2024-02-18T22:27:06.760+01:00 DEBUG 496509 --- [           main] o.f.c.i.s.DefaultSqlScriptExecutor       : Executing SQL: create table file_data (id uuid not null, data oid, date_created timestamp(6) not null, last_updated timestamp(6) not null, mime_type varchar, name varchar, tenant_id varchar, primary key (id))
2024-02-18T22:27:06.763+01:00 DEBUG 496509 --- [           main] o.f.c.i.s.DefaultSqlScriptExecutor       : 0 rows affected
2024-02-18T22:27:06.763+01:00 DEBUG 496509 --- [           main] o.f.c.i.s.DefaultSqlScriptExecutor       : Executing SQL: alter table if exists billing_document_number add constraint UKhbmeftd1x7fdlqtqqg2v20aev unique (tenant_id, document_number)
2024-02-18T22:27:06.766+01:00 DEBUG 496509 --- [           main] o.f.c.i.s.DefaultSqlScriptExecutor       : 0 rows affected
2024-02-18T22:27:06.766+01:00 DEBUG 496509 --- [           main] o.f.c.i.s.DefaultSqlScriptExecutor       : Executing SQL: alter table if exists billing_document add constraint FK6gouorockuin30j66lev4xmky foreign key (billing_run_id) references billing_run
2024-02-18T22:27:06.770+01:00 DEBUG 496509 --- [           main] o.f.c.i.s.DefaultSqlScriptExecutor       : 0 rows affected
2024-02-18T22:27:06.770+01:00 DEBUG 496509 --- [           main] o.f.c.i.s.DefaultSqlScriptExecutor       : Executing SQL: alter table if exists billing_document_item add constraint FKa9p699hipxo9cn082v5nn8r97 foreign key (billing_document_id) references billing_document
2024-02-18T22:27:06.773+01:00 DEBUG 496509 --- [           main] o.f.c.i.s.DefaultSqlScriptExecutor       : 0 rows affected
2024-02-18T22:27:06.773+01:00 DEBUG 496509 --- [           main] o.f.c.i.s.DefaultSqlScriptExecutor       : Executing SQL: alter table if exists file add constraint FKjqt0uro12lskas3jc9lvtbxf0 foreign key (billing_document_id) references billing_document
2024-02-18T22:27:06.775+01:00 DEBUG 496509 --- [           main] o.f.c.i.s.DefaultSqlScriptExecutor       : 0 rows affected
2024-02-18T22:27:06.776+01:00 DEBUG 496509 --- [           main] o.f.core.internal.command.DbMigrate      : Successfully completed migration of schema "public" to version "1.0 - init schema"
2024-02-18T22:27:06.780+01:00 DEBUG 496509 --- [           main] o.f.c.i.s.JdbcTableSchemaHistory         : Schema History table "public"."flyway_schema_history" successfully updated to reflect changes
2024-02-18T22:27:06.787+01:00 DEBUG 496509 --- [           main] o.flywaydb.core.internal.parser.Parser   : Parsing V1_1__migration.sql ...
2024-02-18T22:27:06.788+01:00 DEBUG 496509 --- [           main] o.f.c.i.sqlscript.ParserSqlScript        : Found statement at line 1: alter table if exists billing_document add column recipient_participant_number varchar
2024-02-18T22:27:06.788+01:00 DEBUG 496509 --- [           main] o.f.c.i.sqlscript.ParserSqlScript        : Found statement at line 2: alter table if exists billing_document add column footer_text varchar
2024-02-18T22:27:06.789+01:00 DEBUG 496509 --- [           main] o.f.c.i.sqlscript.ParserSqlScript        : Found statement at line 3: alter table if exists file rename to billing_document_file
2024-02-18T22:27:06.789+01:00 DEBUG 496509 --- [           main] o.f.c.i.sqlscript.ParserSqlScript        : Found statement at line 4: alter table if exists billing_document_number rename column eec_prefix to prefix
2024-02-18T22:27:06.789+01:00 DEBUG 496509 --- [           main] o.f.c.i.sqlscript.ParserSqlScript        : Found statement at line 5: alter table if exists billing_document_item add column metering_point_id varchar
2024-02-18T22:27:06.790+01:00 DEBUG 496509 --- [           main] o.f.c.i.sqlscript.ParserSqlScript        : Found statement at line 6: alter table if exists billing_document_item add column metering_point_type smallint
2024-02-18T22:27:06.790+01:00 DEBUG 496509 --- [           main] o.f.c.i.sqlscript.ParserSqlScript        : Found statement at line 8: create table billing_config (id UUID not null, tenant_id varchar not null, header_image_file_data_id UUID, footer_image_file_data_id UUID, before_items_text_invoice varchar, before_items_text_credit_note varchar, before_items_text_info varchar, after_items_text_invoice varchar, after_items_text_credit_note varchar, after_items_text_info varchar, terms_text_invoice varchar, terms_text_credit_note varchar, terms_text_info varchar, footer_text varchar, custom_template_file_data_id UUID, document_number_sequence_length integer, invoice_number_prefix varchar, invoice_number_start bigint, credit_note_number_prefix varchar, credit_note_number_start bigint,  date_created timestamp(6) not null, last_updated timestamp(6) not null, primary key (id))
2024-02-18T22:27:06.791+01:00 DEBUG 496509 --- [           main] o.f.c.i.sqlscript.ParserSqlScript        : Found statement at line 9: alter table if exists billing_config add constraint FK01H3XWF8N8BPER0YJ2P3EP0KX8 foreign key (header_image_file_data_id) references file_data(id)
2024-02-18T22:27:06.791+01:00 DEBUG 496509 --- [           main] o.f.c.i.sqlscript.ParserSqlScript        : Found statement at line 10: alter table if exists billing_config add constraint FK01H3XWJA21V3GWXAKVB9C34T7D foreign key (footer_image_file_data_id) references file_data(id)
2024-02-18T22:27:06.791+01:00 DEBUG 496509 --- [           main] o.f.c.i.sqlscript.ParserSqlScript        : Found statement at line 11: alter table if exists billing_config add constraint FK01H3XWKC7THK17BQE07R9JXKWH foreign key (custom_template_file_data_id) references file_data(id)
2024-02-18T22:27:06.791+01:00 DEBUG 496509 --- [           main] o.f.c.i.sqlscript.ParserSqlScript        : Found statement at line 12: alter table if exists billing_config add constraint UK01H3XWRJW9XSMPTE9Y7AGQNKG6 unique (tenant_id)
2024-02-18T22:27:06.792+01:00 DEBUG 496509 --- [           main] o.f.core.internal.command.DbMigrate      : Starting migration of schema "public" to version "1.1 - migration" ...
2024-02-18T22:27:06.793+01:00  INFO 496509 --- [           main] o.f.core.internal.command.DbMigrate      : Migrating schema "public" to version "1.1 - migration"
2024-02-18T22:27:06.794+01:00 DEBUG 496509 --- [           main] o.f.c.i.s.DefaultSqlScriptExecutor       : Executing SQL: alter table if exists billing_document add column recipient_participant_number varchar
2024-02-18T22:27:06.795+01:00 DEBUG 496509 --- [           main] o.f.c.i.s.DefaultSqlScriptExecutor       : 0 rows affected
2024-02-18T22:27:06.795+01:00 DEBUG 496509 --- [           main] o.f.c.i.s.DefaultSqlScriptExecutor       : Executing SQL: alter table if exists billing_document add column footer_text varchar
2024-02-18T22:27:06.795+01:00 DEBUG 496509 --- [           main] o.f.c.i.s.DefaultSqlScriptExecutor       : 0 rows affected
2024-02-18T22:27:06.795+01:00 DEBUG 496509 --- [           main] o.f.c.i.s.DefaultSqlScriptExecutor       : Executing SQL: alter table if exists file rename to billing_document_file
2024-02-18T22:27:06.796+01:00 DEBUG 496509 --- [           main] o.f.c.i.s.DefaultSqlScriptExecutor       : 0 rows affected
2024-02-18T22:27:06.796+01:00 DEBUG 496509 --- [           main] o.f.c.i.s.DefaultSqlScriptExecutor       : Executing SQL: alter table if exists billing_document_number rename column eec_prefix to prefix
2024-02-18T22:27:06.797+01:00 DEBUG 496509 --- [           main] o.f.c.i.s.DefaultSqlScriptExecutor       : 0 rows affected
2024-02-18T22:27:06.797+01:00 DEBUG 496509 --- [           main] o.f.c.i.s.DefaultSqlScriptExecutor       : Executing SQL: alter table if exists billing_document_item add column metering_point_id varchar
2024-02-18T22:27:06.797+01:00 DEBUG 496509 --- [           main] o.f.c.i.s.DefaultSqlScriptExecutor       : 0 rows affected
2024-02-18T22:27:06.797+01:00 DEBUG 496509 --- [           main] o.f.c.i.s.DefaultSqlScriptExecutor       : Executing SQL: alter table if exists billing_document_item add column metering_point_type smallint
2024-02-18T22:27:06.798+01:00 DEBUG 496509 --- [           main] o.f.c.i.s.DefaultSqlScriptExecutor       : 0 rows affected
2024-02-18T22:27:06.798+01:00 DEBUG 496509 --- [           main] o.f.c.i.s.DefaultSqlScriptExecutor       : Executing SQL: create table billing_config (id UUID not null, tenant_id varchar not null, header_image_file_data_id UUID, footer_image_file_data_id UUID, before_items_text_invoice varchar, before_items_text_credit_note varchar, before_items_text_info varchar, after_items_text_invoice varchar, after_items_text_credit_note varchar, after_items_text_info varchar, terms_text_invoice varchar, terms_text_credit_note varchar, terms_text_info varchar, footer_text varchar, custom_template_file_data_id UUID, document_number_sequence_length integer, invoice_number_prefix varchar, invoice_number_start bigint, credit_note_number_prefix varchar, credit_note_number_start bigint,  date_created timestamp(6) not null, last_updated timestamp(6) not null, primary key (id))
2024-02-18T22:27:06.802+01:00 DEBUG 496509 --- [           main] o.f.c.i.s.DefaultSqlScriptExecutor       : 0 rows affected
2024-02-18T22:27:06.803+01:00 DEBUG 496509 --- [           main] o.f.c.i.s.DefaultSqlScriptExecutor       : Executing SQL: alter table if exists billing_config add constraint FK01H3XWF8N8BPER0YJ2P3EP0KX8 foreign key (header_image_file_data_id) references file_data(id)
2024-02-18T22:27:06.805+01:00 DEBUG 496509 --- [           main] o.f.c.i.s.DefaultSqlScriptExecutor       : 0 rows affected
2024-02-18T22:27:06.805+01:00 DEBUG 496509 --- [           main] o.f.c.i.s.DefaultSqlScriptExecutor       : Executing SQL: alter table if exists billing_config add constraint FK01H3XWJA21V3GWXAKVB9C34T7D foreign key (footer_image_file_data_id) references file_data(id)
2024-02-18T22:27:06.807+01:00 DEBUG 496509 --- [           main] o.f.c.i.s.DefaultSqlScriptExecutor       : 0 rows affected
2024-02-18T22:27:06.807+01:00 DEBUG 496509 --- [           main] o.f.c.i.s.DefaultSqlScriptExecutor       : Executing SQL: alter table if exists billing_config add constraint FK01H3XWKC7THK17BQE07R9JXKWH foreign key (custom_template_file_data_id) references file_data(id)
2024-02-18T22:27:06.809+01:00 DEBUG 496509 --- [           main] o.f.c.i.s.DefaultSqlScriptExecutor       : 0 rows affected
2024-02-18T22:27:06.809+01:00 DEBUG 496509 --- [           main] o.f.c.i.s.DefaultSqlScriptExecutor       : Executing SQL: alter table if exists billing_config add constraint UK01H3XWRJW9XSMPTE9Y7AGQNKG6 unique (tenant_id)
2024-02-18T22:27:06.811+01:00 DEBUG 496509 --- [           main] o.f.c.i.s.DefaultSqlScriptExecutor       : 0 rows affected
2024-02-18T22:27:06.811+01:00 DEBUG 496509 --- [           main] o.f.core.internal.command.DbMigrate      : Successfully completed migration of schema "public" to version "1.1 - migration"
2024-02-18T22:27:06.814+01:00 DEBUG 496509 --- [           main] o.f.c.i.s.JdbcTableSchemaHistory         : Schema History table "public"."flyway_schema_history" successfully updated to reflect changes
2024-02-18T22:27:06.817+01:00 DEBUG 496509 --- [           main] o.flywaydb.core.internal.parser.Parser   : Parsing V1_2__migration.sql ...
2024-02-18T22:27:06.819+01:00 DEBUG 496509 --- [           main] o.f.c.i.sqlscript.ParserSqlScript        : Found statement at line 1: alter table if exists billing_document add column recipient_bank_name varchar
2024-02-18T22:27:06.819+01:00 DEBUG 496509 --- [           main] o.f.c.i.sqlscript.ParserSqlScript        : Found statement at line 2: alter table if exists billing_document add column recipient_bank_iban varchar
2024-02-18T22:27:06.819+01:00 DEBUG 496509 --- [           main] o.f.c.i.sqlscript.ParserSqlScript        : Found statement at line 3: alter table if exists billing_document add column recipient_bank_owner varchar
2024-02-18T22:27:06.819+01:00 DEBUG 496509 --- [           main] o.f.c.i.sqlscript.ParserSqlScript        : Found statement at line 4: alter table if exists billing_document add column recipient_sepa_mandate_reference varchar
2024-02-18T22:27:06.820+01:00 DEBUG 496509 --- [           main] o.f.c.i.sqlscript.ParserSqlScript        : Found statement at line 5: alter table if exists billing_document add column issuer_bank_owner varchar
2024-02-18T22:27:06.820+01:00 DEBUG 496509 --- [           main] o.f.c.i.sqlscript.ParserSqlScript        : Found statement at line 6: alter table if exists billing_document add column recipient_email varchar
2024-02-18T22:27:06.820+01:00 DEBUG 496509 --- [           main] o.f.core.internal.command.DbMigrate      : Starting migration of schema "public" to version "1.2 - migration" ...
2024-02-18T22:27:06.821+01:00  INFO 496509 --- [           main] o.f.core.internal.command.DbMigrate      : Migrating schema "public" to version "1.2 - migration"
2024-02-18T22:27:06.822+01:00 DEBUG 496509 --- [           main] o.f.c.i.s.DefaultSqlScriptExecutor       : Executing SQL: alter table if exists billing_document add column recipient_bank_name varchar
2024-02-18T22:27:06.824+01:00 DEBUG 496509 --- [           main] o.f.c.i.s.DefaultSqlScriptExecutor       : 0 rows affected
2024-02-18T22:27:06.824+01:00 DEBUG 496509 --- [           main] o.f.c.i.s.DefaultSqlScriptExecutor       : Executing SQL: alter table if exists billing_document add column recipient_bank_iban varchar
2024-02-18T22:27:06.824+01:00 DEBUG 496509 --- [           main] o.f.c.i.s.DefaultSqlScriptExecutor       : 0 rows affected
2024-02-18T22:27:06.824+01:00 DEBUG 496509 --- [           main] o.f.c.i.s.DefaultSqlScriptExecutor       : Executing SQL: alter table if exists billing_document add column recipient_bank_owner varchar
2024-02-18T22:27:06.825+01:00 DEBUG 496509 --- [           main] o.f.c.i.s.DefaultSqlScriptExecutor       : 0 rows affected
2024-02-18T22:27:06.825+01:00 DEBUG 496509 --- [           main] o.f.c.i.s.DefaultSqlScriptExecutor       : Executing SQL: alter table if exists billing_document add column recipient_sepa_mandate_reference varchar
2024-02-18T22:27:06.826+01:00 DEBUG 496509 --- [           main] o.f.c.i.s.DefaultSqlScriptExecutor       : 0 rows affected
2024-02-18T22:27:06.826+01:00 DEBUG 496509 --- [           main] o.f.c.i.s.DefaultSqlScriptExecutor       : Executing SQL: alter table if exists billing_document add column issuer_bank_owner varchar
2024-02-18T22:27:06.826+01:00 DEBUG 496509 --- [           main] o.f.c.i.s.DefaultSqlScriptExecutor       : 0 rows affected
2024-02-18T22:27:06.827+01:00 DEBUG 496509 --- [           main] o.f.c.i.s.DefaultSqlScriptExecutor       : Executing SQL: alter table if exists billing_document add column recipient_email varchar
2024-02-18T22:27:06.827+01:00 DEBUG 496509 --- [           main] o.f.c.i.s.DefaultSqlScriptExecutor       : 0 rows affected
2024-02-18T22:27:06.827+01:00 DEBUG 496509 --- [           main] o.f.core.internal.command.DbMigrate      : Successfully completed migration of schema "public" to version "1.2 - migration"
2024-02-18T22:27:06.830+01:00 DEBUG 496509 --- [           main] o.f.c.i.s.JdbcTableSchemaHistory         : Schema History table "public"."flyway_schema_history" successfully updated to reflect changes
2024-02-18T22:27:06.834+01:00 DEBUG 496509 --- [           main] o.flywaydb.core.internal.parser.Parser   : Parsing V1_3__migration.sql ...
2024-02-18T22:27:06.836+01:00 DEBUG 496509 --- [           main] o.f.c.i.sqlscript.ParserSqlScript        : Found statement at line 1: alter table if exists billing_run rename column billing_period_type to clearing_period_type
2024-02-18T22:27:06.836+01:00 DEBUG 496509 --- [           main] o.f.c.i.sqlscript.ParserSqlScript        : Found statement at line 2: alter table if exists billing_run rename column billing_period_identifier to clearing_period_identifier
2024-02-18T22:27:06.836+01:00 DEBUG 496509 --- [           main] o.f.core.internal.command.DbMigrate      : Starting migration of schema "public" to version "1.3 - migration" ...
2024-02-18T22:27:06.838+01:00  INFO 496509 --- [           main] o.f.core.internal.command.DbMigrate      : Migrating schema "public" to version "1.3 - migration"
2024-02-18T22:27:06.838+01:00 DEBUG 496509 --- [           main] o.f.c.i.s.DefaultSqlScriptExecutor       : Executing SQL: alter table if exists billing_run rename column billing_period_type to clearing_period_type
2024-02-18T22:27:06.839+01:00 DEBUG 496509 --- [           main] o.f.c.i.s.DefaultSqlScriptExecutor       : 0 rows affected
2024-02-18T22:27:06.839+01:00 DEBUG 496509 --- [           main] o.f.c.i.s.DefaultSqlScriptExecutor       : Executing SQL: alter table if exists billing_run rename column billing_period_identifier to clearing_period_identifier
2024-02-18T22:27:06.840+01:00 DEBUG 496509 --- [           main] o.f.c.i.s.DefaultSqlScriptExecutor       : 0 rows affected
2024-02-18T22:27:06.840+01:00 DEBUG 496509 --- [           main] o.f.core.internal.command.DbMigrate      : Successfully completed migration of schema "public" to version "1.3 - migration"
2024-02-18T22:27:06.842+01:00 DEBUG 496509 --- [           main] o.f.c.i.s.JdbcTableSchemaHistory         : Schema History table "public"."flyway_schema_history" successfully updated to reflect changes
2024-02-18T22:27:06.846+01:00 DEBUG 496509 --- [           main] o.flywaydb.core.internal.parser.Parser   : Parsing V1_4__migration.sql ...
2024-02-18T22:27:06.847+01:00 DEBUG 496509 --- [           main] o.f.c.i.sqlscript.ParserSqlScript        : Found statement at line 1: alter table if exists billing_document_item add column ppu_unit varchar
2024-02-18T22:27:06.848+01:00 DEBUG 496509 --- [           main] o.f.core.internal.command.DbMigrate      : Starting migration of schema "public" to version "1.4 - migration" ...
2024-02-18T22:27:06.849+01:00  INFO 496509 --- [           main] o.f.core.internal.command.DbMigrate      : Migrating schema "public" to version "1.4 - migration"
2024-02-18T22:27:06.850+01:00 DEBUG 496509 --- [           main] o.f.c.i.s.DefaultSqlScriptExecutor       : Executing SQL: alter table if exists billing_document_item add column ppu_unit varchar
2024-02-18T22:27:06.851+01:00 DEBUG 496509 --- [           main] o.f.c.i.s.DefaultSqlScriptExecutor       : 0 rows affected
2024-02-18T22:27:06.851+01:00 DEBUG 496509 --- [           main] o.f.core.internal.command.DbMigrate      : Successfully completed migration of schema "public" to version "1.4 - migration"
2024-02-18T22:27:06.854+01:00 DEBUG 496509 --- [           main] o.f.c.i.s.JdbcTableSchemaHistory         : Schema History table "public"."flyway_schema_history" successfully updated to reflect changes
2024-02-18T22:27:06.857+01:00 DEBUG 496509 --- [           main] o.flywaydb.core.internal.parser.Parser   : Parsing V1_5__migration.sql ...
2024-02-18T22:27:06.859+01:00 DEBUG 496509 --- [           main] o.f.c.i.sqlscript.ParserSqlScript        : Found statement at line 1: alter table if exists billing_document add column recipient_sepa_mandate_issue_date date
2024-02-18T22:27:06.859+01:00 DEBUG 496509 --- [           main] o.f.core.internal.command.DbMigrate      : Starting migration of schema "public" to version "1.5 - migration" ...
2024-02-18T22:27:06.860+01:00  INFO 496509 --- [           main] o.f.core.internal.command.DbMigrate      : Migrating schema "public" to version "1.5 - migration"
2024-02-18T22:27:06.861+01:00 DEBUG 496509 --- [           main] o.f.c.i.s.DefaultSqlScriptExecutor       : Executing SQL: alter table if exists billing_document add column recipient_sepa_mandate_issue_date date
2024-02-18T22:27:06.862+01:00 DEBUG 496509 --- [           main] o.f.c.i.s.DefaultSqlScriptExecutor       : 0 rows affected
2024-02-18T22:27:06.862+01:00 DEBUG 496509 --- [           main] o.f.core.internal.command.DbMigrate      : Successfully completed migration of schema "public" to version "1.5 - migration"
2024-02-18T22:27:06.863+01:00 DEBUG 496509 --- [           main] o.f.c.i.s.JdbcTableSchemaHistory         : Schema History table "public"."flyway_schema_history" successfully updated to reflect changes
2024-02-18T22:27:06.866+01:00 DEBUG 496509 --- [           main] o.flywaydb.core.internal.parser.Parser   : Parsing V1_6__migration.sql ...
2024-02-18T22:27:06.867+01:00 DEBUG 496509 --- [           main] o.f.c.i.sqlscript.ParserSqlScript        : Found statement at line 1: alter table if exists billing_config add column is_create_credit_notes_for_all_producers boolean default false
2024-02-18T22:27:06.868+01:00 DEBUG 496509 --- [           main] o.f.core.internal.command.DbMigrate      : Starting migration of schema "public" to version "1.6 - migration" ...
2024-02-18T22:27:06.869+01:00  INFO 496509 --- [           main] o.f.core.internal.command.DbMigrate      : Migrating schema "public" to version "1.6 - migration"
2024-02-18T22:27:06.869+01:00 DEBUG 496509 --- [           main] o.f.c.i.s.DefaultSqlScriptExecutor       : Executing SQL: alter table if exists billing_config add column is_create_credit_notes_for_all_producers boolean default false
2024-02-18T22:27:06.871+01:00 DEBUG 496509 --- [           main] o.f.c.i.s.DefaultSqlScriptExecutor       : 0 rows affected
2024-02-18T22:27:06.871+01:00 DEBUG 496509 --- [           main] o.f.core.internal.command.DbMigrate      : Successfully completed migration of schema "public" to version "1.6 - migration"
2024-02-18T22:27:06.872+01:00 DEBUG 496509 --- [           main] o.f.c.i.s.JdbcTableSchemaHistory         : Schema History table "public"."flyway_schema_history" successfully updated to reflect changes
2024-02-18T22:27:06.875+01:00  INFO 496509 --- [           main] o.f.core.internal.command.DbMigrate      : Successfully applied 7 migrations to schema "public", now at version v1.6 (execution time 00:00.162s)
2024-02-18T22:27:06.885+01:00 DEBUG 496509 --- [           main] org.flywaydb.core.FlywayExecutor         : Memory usage: 66 of 160M
2024-02-18T22:27:06.970+01:00  INFO 496509 --- [           main] o.hibernate.jpa.internal.util.LogHelper  : HHH000204: Processing PersistenceUnitInfo [name: default]
2024-02-18T22:27:07.019+01:00  INFO 496509 --- [           main] org.hibernate.Version                    : HHH000412: Hibernate ORM core version 6.2.17.Final
2024-02-18T22:27:07.021+01:00  INFO 496509 --- [           main] org.hibernate.cfg.Environment            : HHH000406: Using bytecode reflection optimizer
2024-02-18T22:27:07.223+01:00  INFO 496509 --- [           main] o.s.o.j.p.SpringPersistenceUnitInfo      : No LoadTimeWeaver setup: ignoring JPA class transformer
2024-02-18T22:27:08.115+01:00  INFO 496509 --- [           main] o.h.e.t.j.p.i.JtaPlatformInitiator       : HHH000489: No JTA platform available (set 'hibernate.transaction.jta.platform' to enable JTA platform integration)
2024-02-18T22:27:08.117+01:00  INFO 496509 --- [           main] j.LocalContainerEntityManagerFactoryBean : Initialized JPA EntityManagerFactory for persistence unit 'default'
2024-02-18T22:27:08.303+01:00  INFO 496509 --- [           main] o.s.d.j.r.query.QueryEnhancerFactory     : Hibernate is in classpath; If applicable, HQL parser will be used.
2024-02-18T22:27:08.995+01:00  WARN 496509 --- [           main] .s.s.UserDetailsServiceAutoConfiguration : 

Using generated security password: 105968c5-918d-4178-8cc7-4cae19e9ef8c

This generated password is for development use only. Your security configuration must be updated before running your application in production.

2024-02-18T22:27:09.238+01:00  INFO 496509 --- [           main] o.s.s.web.DefaultSecurityFilterChain     : Will secure any request with [org.springframework.security.web.session.DisableEncodeUrlFilter@2d60947f, org.springframework.security.web.context.request.async.WebAsyncManagerIntegrationFilter@50da96f3, org.springframework.security.web.context.SecurityContextHolderFilter@71268b8c, org.springframework.security.web.header.HeaderWriterFilter@5066442d, org.springframework.security.web.authentication.logout.LogoutFilter@33d6886b, org.vfeeg.eegfaktura.billing.security.JwtRequestFilter@71103416, org.springframework.security.web.savedrequest.RequestCacheAwareFilter@46306e5f, org.springframework.security.web.servletapi.SecurityContextHolderAwareRequestFilter@751661b, org.springframework.security.web.authentication.AnonymousAuthenticationFilter@7f16cf71, org.springframework.security.web.session.SessionManagementFilter@4cbb73bf, org.springframework.security.web.access.ExceptionTranslationFilter@340572ad, org.springframework.security.web.access.intercept.AuthorizationFilter@7f4050f0]
2024-02-18T22:27:09.542+01:00  WARN 496509 --- [           main] o.s.b.a.f.FreeMarkerAutoConfiguration    : Cannot find template location(s): [classpath:/templates/] (please add some templates, check your FreeMarker configuration, or set spring.freemarker.check-template-location=false)
2024-02-18T22:27:09.631+01:00  INFO 496509 --- [           main] .v.e.b.EegfakturaBillingApplicationTests : Started EegfakturaBillingApplicationTests in 4.639 seconds (process running for 8.462)
Hibernate: select max(b1_0.sequence_number) from billing_document_number b1_0 where b1_0.tenant_id=? and b1_0.year=? and b1_0.prefix=? group by b1_0.tenant_id,b1_0.year,b1_0.prefix
Hibernate: insert into billing_document_number (date_created,document_number,document_type,last_updated,prefix,sequence_number,tenant_id,year,id) values (?,?,?,?,?,?,?,?,?)
Hibernate: select max(b1_0.sequence_number) from billing_document_number b1_0 where b1_0.tenant_id=? and b1_0.year=? and b1_0.prefix=? group by b1_0.tenant_id,b1_0.year,b1_0.prefix
Hibernate: insert into billing_document_number (date_created,document_number,document_type,last_updated,prefix,sequence_number,tenant_id,year,id) values (?,?,?,?,?,?,?,?,?)
Hibernate: select max(b1_0.sequence_number) from billing_document_number b1_0 where b1_0.tenant_id=? and b1_0.year=? and b1_0.prefix=? group by b1_0.tenant_id,b1_0.year,b1_0.prefix
Hibernate: insert into billing_document_number (date_created,document_number,document_type,last_updated,prefix,sequence_number,tenant_id,year,id) values (?,?,?,?,?,?,?,?,?)
Hibernate: select max(b1_0.sequence_number) from billing_document_number b1_0 where b1_0.tenant_id=? and b1_0.year=? and b1_0.prefix=? group by b1_0.tenant_id,b1_0.year,b1_0.prefix
Hibernate: insert into billing_document_number (date_created,document_number,document_type,last_updated,prefix,sequence_number,tenant_id,year,id) values (?,?,?,?,?,?,?,?,?)
Hibernate: select max(b1_0.sequence_number) from billing_document_number b1_0 where b1_0.tenant_id=? and b1_0.year=? and b1_0.prefix=? group by b1_0.tenant_id,b1_0.year,b1_0.prefix
Hibernate: insert into billing_document_number (date_created,document_number,document_type,last_updated,prefix,sequence_number,tenant_id,year,id) values (?,?,?,?,?,?,?,?,?)
Hibernate: select max(b1_0.sequence_number) from billing_document_number b1_0 where b1_0.tenant_id=? and b1_0.year=? and b1_0.prefix=? group by b1_0.tenant_id,b1_0.year,b1_0.prefix
Hibernate: insert into billing_document_number (date_created,document_number,document_type,last_updated,prefix,sequence_number,tenant_id,year,id) values (?,?,?,?,?,?,?,?,?)
Hibernate: select max(b1_0.sequence_number) from billing_document_number b1_0 where b1_0.tenant_id=? and b1_0.year=? and b1_0.prefix=? group by b1_0.tenant_id,b1_0.year,b1_0.prefix
Hibernate: insert into billing_document_number (date_created,document_number,document_type,last_updated,prefix,sequence_number,tenant_id,year,id) values (?,?,?,?,?,?,?,?,?)
Hibernate: select max(b1_0.sequence_number) from billing_document_number b1_0 where b1_0.tenant_id=? and b1_0.year=? and b1_0.prefix=? group by b1_0.tenant_id,b1_0.year,b1_0.prefix
Hibernate: insert into billing_document_number (date_created,document_number,document_type,last_updated,prefix,sequence_number,tenant_id,year,id) values (?,?,?,?,?,?,?,?,?)
Hibernate: select max(b1_0.sequence_number) from billing_document_number b1_0 where b1_0.tenant_id=? and b1_0.year=? and b1_0.prefix=? group by b1_0.tenant_id,b1_0.year,b1_0.prefix
Hibernate: insert into billing_document_number (date_created,document_number,document_type,last_updated,prefix,sequence_number,tenant_id,year,id) values (?,?,?,?,?,?,?,?,?)
Hibernate: select max(b1_0.sequence_number) from billing_document_number b1_0 where b1_0.tenant_id=? and b1_0.year=? and b1_0.prefix=? group by b1_0.tenant_id,b1_0.year,b1_0.prefix
Hibernate: insert into billing_document_number (date_created,document_number,document_type,last_updated,prefix,sequence_number,tenant_id,year,id) values (?,?,?,?,?,?,?,?,?)
Hibernate: select max(b1_0.sequence_number) from billing_document_number b1_0 where b1_0.tenant_id=? and b1_0.year=? and b1_0.prefix=? group by b1_0.tenant_id,b1_0.year,b1_0.prefix
Hibernate: insert into billing_document_number (date_created,document_number,document_type,last_updated,prefix,sequence_number,tenant_id,year,id) values (?,?,?,?,?,?,?,?,?)
Hibernate: select max(b1_0.sequence_number) from billing_document_number b1_0 where b1_0.tenant_id=? and b1_0.year=? and b1_0.prefix=? group by b1_0.tenant_id,b1_0.year,b1_0.prefix
Hibernate: insert into billing_document_number (date_created,document_number,document_type,last_updated,prefix,sequence_number,tenant_id,year,id) values (?,?,?,?,?,?,?,?,?)
Hibernate: select max(b1_0.sequence_number) from billing_document_number b1_0 where b1_0.tenant_id=? and b1_0.year=? and b1_0.prefix=? group by b1_0.tenant_id,b1_0.year,b1_0.prefix
Hibernate: insert into billing_document_number (date_created,document_number,document_type,last_updated,prefix,sequence_number,tenant_id,year,id) values (?,?,?,?,?,?,?,?,?)
Hibernate: select max(b1_0.sequence_number) from billing_document_number b1_0 where b1_0.tenant_id=? and b1_0.year=? and b1_0.prefix=? group by b1_0.tenant_id,b1_0.year,b1_0.prefix
Hibernate: insert into billing_document_number (date_created,document_number,document_type,last_updated,prefix,sequence_number,tenant_id,year,id) values (?,?,?,?,?,?,?,?,?)
Hibernate: select max(b1_0.sequence_number) from billing_document_number b1_0 where b1_0.tenant_id=? and b1_0.year=? and b1_0.prefix=? group by b1_0.tenant_id,b1_0.year,b1_0.prefix
Hibernate: insert into billing_document_number (date_created,document_number,document_type,last_updated,prefix,sequence_number,tenant_id,year,id) values (?,?,?,?,?,?,?,?,?)
Hibernate: select max(b1_0.sequence_number) from billing_document_number b1_0 where b1_0.tenant_id=? and b1_0.year=? and b1_0.prefix=? group by b1_0.tenant_id,b1_0.year,b1_0.prefix
Hibernate: insert into billing_document_number (date_created,document_number,document_type,last_updated,prefix,sequence_number,tenant_id,year,id) values (?,?,?,?,?,?,?,?,?)
Hibernate: select max(b1_0.sequence_number) from billing_document_number b1_0 where b1_0.tenant_id=? and b1_0.year=? and b1_0.prefix=? group by b1_0.tenant_id,b1_0.year,b1_0.prefix
Hibernate: insert into billing_document_number (date_created,document_number,document_type,last_updated,prefix,sequence_number,tenant_id,year,id) values (?,?,?,?,?,?,?,?,?)
Hibernate: select max(b1_0.sequence_number) from billing_document_number b1_0 where b1_0.tenant_id=? and b1_0.year=? and b1_0.prefix=? group by b1_0.tenant_id,b1_0.year,b1_0.prefix
Hibernate: insert into billing_document_number (date_created,document_number,document_type,last_updated,prefix,sequence_number,tenant_id,year,id) values (?,?,?,?,?,?,?,?,?)
Hibernate: select max(b1_0.sequence_number) from billing_document_number b1_0 where b1_0.tenant_id=? and b1_0.year=? and b1_0.prefix=? group by b1_0.tenant_id,b1_0.year,b1_0.prefix
Hibernate: insert into billing_document_number (date_created,document_number,document_type,last_updated,prefix,sequence_number,tenant_id,year,id) values (?,?,?,?,?,?,?,?,?)
Hibernate: select max(b1_0.sequence_number) from billing_document_number b1_0 where b1_0.tenant_id=? and b1_0.year=? and b1_0.prefix=? group by b1_0.tenant_id,b1_0.year,b1_0.prefix
Hibernate: insert into billing_document_number (date_created,document_number,document_type,last_updated,prefix,sequence_number,tenant_id,year,id) values (?,?,?,?,?,?,?,?,?)
Hibernate: select max(b1_0.sequence_number) from billing_document_number b1_0 where b1_0.tenant_id=? and b1_0.year=? and b1_0.prefix=? group by b1_0.tenant_id,b1_0.year,b1_0.prefix
Hibernate: insert into billing_document_number (date_created,document_number,document_type,last_updated,prefix,sequence_number,tenant_id,year,id) values (?,?,?,?,?,?,?,?,?)
Hibernate: select max(b1_0.sequence_number) from billing_document_number b1_0 where b1_0.tenant_id=? and b1_0.year=? and b1_0.prefix=? group by b1_0.tenant_id,b1_0.year,b1_0.prefix
Hibernate: insert into billing_document_number (date_created,document_number,document_type,last_updated,prefix,sequence_number,tenant_id,year,id) values (?,?,?,?,?,?,?,?,?)
Hibernate: select max(b1_0.sequence_number) from billing_document_number b1_0 where b1_0.tenant_id=? and b1_0.year=? and b1_0.prefix=? group by b1_0.tenant_id,b1_0.year,b1_0.prefix
Hibernate: insert into billing_document_number (date_created,document_number,document_type,last_updated,prefix,sequence_number,tenant_id,year,id) values (?,?,?,?,?,?,?,?,?)
Hibernate: select max(b1_0.sequence_number) from billing_document_number b1_0 where b1_0.tenant_id=? and b1_0.year=? and b1_0.prefix=? group by b1_0.tenant_id,b1_0.year,b1_0.prefix
Hibernate: insert into billing_document_number (date_created,document_number,document_type,last_updated,prefix,sequence_number,tenant_id,year,id) values (?,?,?,?,?,?,?,?,?)
Hibernate: select max(b1_0.sequence_number) from billing_document_number b1_0 where b1_0.tenant_id=? and b1_0.year=? and b1_0.prefix=? group by b1_0.tenant_id,b1_0.year,b1_0.prefix
Hibernate: insert into billing_document_number (date_created,document_number,document_type,last_updated,prefix,sequence_number,tenant_id,year,id) values (?,?,?,?,?,?,?,?,?)
Hibernate: select max(b1_0.sequence_number) from billing_document_number b1_0 where b1_0.tenant_id=? and b1_0.year=? and b1_0.prefix=? group by b1_0.tenant_id,b1_0.year,b1_0.prefix
Hibernate: insert into billing_document_number (date_created,document_number,document_type,last_updated,prefix,sequence_number,tenant_id,year,id) values (?,?,?,?,?,?,?,?,?)
Hibernate: select max(b1_0.sequence_number) from billing_document_number b1_0 where b1_0.tenant_id=? and b1_0.year=? and b1_0.prefix=? group by b1_0.tenant_id,b1_0.year,b1_0.prefix
Hibernate: insert into billing_document_number (date_created,document_number,document_type,last_updated,prefix,sequence_number,tenant_id,year,id) values (?,?,?,?,?,?,?,?,?)
Hibernate: select max(b1_0.sequence_number) from billing_document_number b1_0 where b1_0.tenant_id=? and b1_0.year=? and b1_0.prefix=? group by b1_0.tenant_id,b1_0.year,b1_0.prefix
Hibernate: insert into billing_document_number (date_created,document_number,document_type,last_updated,prefix,sequence_number,tenant_id,year,id) values (?,?,?,?,?,?,?,?,?)
Hibernate: select max(b1_0.sequence_number) from billing_document_number b1_0 where b1_0.tenant_id=? and b1_0.year=? and b1_0.prefix=? group by b1_0.tenant_id,b1_0.year,b1_0.prefix
Hibernate: insert into billing_document_number (date_created,document_number,document_type,last_updated,prefix,sequence_number,tenant_id,year,id) values (?,?,?,?,?,?,?,?,?)
Hibernate: select max(b1_0.sequence_number) from billing_document_number b1_0 where b1_0.tenant_id=? and b1_0.year=? and b1_0.prefix=? group by b1_0.tenant_id,b1_0.year,b1_0.prefix
Hibernate: insert into billing_document_number (date_created,document_number,document_type,last_updated,prefix,sequence_number,tenant_id,year,id) values (?,?,?,?,?,?,?,?,?)
Hibernate: select max(b1_0.sequence_number) from billing_document_number b1_0 where b1_0.tenant_id=? and b1_0.year=? and b1_0.prefix=? group by b1_0.tenant_id,b1_0.year,b1_0.prefix
Hibernate: insert into billing_document_number (date_created,document_number,document_type,last_updated,prefix,sequence_number,tenant_id,year,id) values (?,?,?,?,?,?,?,?,?)
Hibernate: select max(b1_0.sequence_number) from billing_document_number b1_0 where b1_0.tenant_id=? and b1_0.year=? and b1_0.prefix=? group by b1_0.tenant_id,b1_0.year,b1_0.prefix
Hibernate: insert into billing_document_number (date_created,document_number,document_type,last_updated,prefix,sequence_number,tenant_id,year,id) values (?,?,?,?,?,?,?,?,?)
Hibernate: select max(b1_0.sequence_number) from billing_document_number b1_0 where b1_0.tenant_id=? and b1_0.year=? and b1_0.prefix=? group by b1_0.tenant_id,b1_0.year,b1_0.prefix
Hibernate: insert into billing_document_number (date_created,document_number,document_type,last_updated,prefix,sequence_number,tenant_id,year,id) values (?,?,?,?,?,?,?,?,?)
Hibernate: select max(b1_0.sequence_number) from billing_document_number b1_0 where b1_0.tenant_id=? and b1_0.year=? and b1_0.prefix=? group by b1_0.tenant_id,b1_0.year,b1_0.prefix
Hibernate: insert into billing_document_number (date_created,document_number,document_type,last_updated,prefix,sequence_number,tenant_id,year,id) values (?,?,?,?,?,?,?,?,?)
Hibernate: select max(b1_0.sequence_number) from billing_document_number b1_0 where b1_0.tenant_id=? and b1_0.year=? and b1_0.prefix=? group by b1_0.tenant_id,b1_0.year,b1_0.prefix
Hibernate: insert into billing_document_number (date_created,document_number,document_type,last_updated,prefix,sequence_number,tenant_id,year,id) values (?,?,?,?,?,?,?,?,?)
Hibernate: select max(b1_0.sequence_number) from billing_document_number b1_0 where b1_0.tenant_id=? and b1_0.year=? and b1_0.prefix=? group by b1_0.tenant_id,b1_0.year,b1_0.prefix
Hibernate: insert into billing_document_number (date_created,document_number,document_type,last_updated,prefix,sequence_number,tenant_id,year,id) values (?,?,?,?,?,?,?,?,?)
Hibernate: select max(b1_0.sequence_number) from billing_document_number b1_0 where b1_0.tenant_id=? and b1_0.year=? and b1_0.prefix=? group by b1_0.tenant_id,b1_0.year,b1_0.prefix
Hibernate: insert into billing_document_number (date_created,document_number,document_type,last_updated,prefix,sequence_number,tenant_id,year,id) values (?,?,?,?,?,?,?,?,?)
Hibernate: select max(b1_0.sequence_number) from billing_document_number b1_0 where b1_0.tenant_id=? and b1_0.year=? and b1_0.prefix=? group by b1_0.tenant_id,b1_0.year,b1_0.prefix
Hibernate: insert into billing_document_number (date_created,document_number,document_type,last_updated,prefix,sequence_number,tenant_id,year,id) values (?,?,?,?,?,?,?,?,?)
Hibernate: select max(b1_0.sequence_number) from billing_document_number b1_0 where b1_0.tenant_id=? and b1_0.year=? and b1_0.prefix=? group by b1_0.tenant_id,b1_0.year,b1_0.prefix
Hibernate: insert into billing_document_number (date_created,document_number,document_type,last_updated,prefix,sequence_number,tenant_id,year,id) values (?,?,?,?,?,?,?,?,?)
Hibernate: select max(b1_0.sequence_number) from billing_document_number b1_0 where b1_0.tenant_id=? and b1_0.year=? and b1_0.prefix=? group by b1_0.tenant_id,b1_0.year,b1_0.prefix
Hibernate: insert into billing_document_number (date_created,document_number,document_type,last_updated,prefix,sequence_number,tenant_id,year,id) values (?,?,?,?,?,?,?,?,?)
]]></system-out>
  </testcase>
  <testcase name="testBillingDocumentNumberGenerator_BeginWithZero" classname="org.vfeeg.eegfaktura.billing.EegfakturaBillingApplicationTests" time="0.011">
    <system-out><![CDATA[Hibernate: select max(b1_0.sequence_number) from billing_document_number b1_0 where b1_0.tenant_id=? and b1_0.year=? and b1_0.prefix=? group by b1_0.tenant_id,b1_0.year,b1_0.prefix
Hibernate: insert into billing_document_number (date_created,document_number,document_type,last_updated,prefix,sequence_number,tenant_id,year,id) values (?,?,?,?,?,?,?,?,?)
]]></system-out>
  </testcase>
  <testcase name="testBillingServicePreview" classname="org.vfeeg.eegfaktura.billing.EegfakturaBillingApplicationTests" time="0.096">
    <failure message="&#10;Expected: not null&#10;     but: was null" type="java.lang.AssertionError"><![CDATA[java.lang.AssertionError: 

Expected: not null
     but: was null
	at org.hamcrest.MatcherAssert.assertThat(MatcherAssert.java:20)
	at org.hamcrest.MatcherAssert.assertThat(MatcherAssert.java:6)
	at org.vfeeg.eegfaktura.billing.EegfakturaBillingApplicationTests.testBillingServicePreview(EegfakturaBillingApplicationTests.java:512)
	at java.base/jdk.internal.reflect.NativeMethodAccessorImpl.invoke0(Native Method)
	at java.base/jdk.internal.reflect.NativeMethodAccessorImpl.invoke(NativeMethodAccessorImpl.java:77)
	at java.base/jdk.internal.reflect.DelegatingMethodAccessorImpl.invoke(DelegatingMethodAccessorImpl.java:43)
	at java.base/java.lang.reflect.Method.invoke(Method.java:568)
	at org.junit.platform.commons.util.ReflectionUtils.invokeMethod(ReflectionUtils.java:727)
	at org.junit.jupiter.engine.execution.MethodInvocation.proceed(MethodInvocation.java:60)
	at org.junit.jupiter.engine.execution.InvocationInterceptorChain$ValidatingInvocation.proceed(InvocationInterceptorChain.java:131)
	at org.junit.jupiter.engine.extension.TimeoutExtension.intercept(TimeoutExtension.java:156)
	at org.junit.jupiter.engine.extension.TimeoutExtension.interceptTestableMethod(TimeoutExtension.java:147)
	at org.junit.jupiter.engine.extension.TimeoutExtension.interceptTestMethod(TimeoutExtension.java:86)
	at org.junit.jupiter.engine.execution.InterceptingExecutableInvoker$ReflectiveInterceptorCall.lambda$ofVoidMethod$0(InterceptingExecutableInvoker.java:103)
	at org.junit.jupiter.engine.execution.InterceptingExecutableInvoker.lambda$invoke$0(InterceptingExecutableInvoker.java:93)
	at org.junit.jupiter.engine.execution.InvocationInterceptorChain$InterceptedInvocation.proceed(InvocationInterceptorChain.java:106)
	at org.junit.jupiter.engine.execution.InvocationInterceptorChain.proceed(InvocationInterceptorChain.java:64)
	at org.junit.jupiter.engine.execution.InvocationInterceptorChain.chainAndInvoke(InvocationInterceptorChain.java:45)
	at org.junit.jupiter.engine.execution.InvocationInterceptorChain.invoke(InvocationInterceptorChain.java:37)
	at org.junit.jupiter.engine.execution.InterceptingExecutableInvoker.invoke(InterceptingExecutableInvoker.java:92)
	at org.junit.jupiter.engine.execution.InterceptingExecutableInvoker.invoke(InterceptingExecutableInvoker.java:86)
	at org.junit.jupiter.engine.descriptor.TestMethodTestDescriptor.lambda$invokeTestMethod$7(TestMethodTestDescriptor.java:217)
	at org.junit.platform.engine.support.hierarchical.ThrowableCollector.execute(ThrowableCollector.java:73)
	at org.junit.jupiter.engine.descriptor.TestMethodTestDescriptor.invokeTestMethod(TestMethodTestDescriptor.java:213)
	at org.junit.jupiter.engine.descriptor.TestMethodTestDescriptor.execute(TestMethodTestDescriptor.java:138)
	at org.junit.jupiter.engine.descriptor.TestMethodTestDescriptor.execute(TestMethodTestDescriptor.java:68)
	at org.junit.platform.engine.support.hierarchical.NodeTestTask.lambda$executeRecursively$6(NodeTestTask.java:151)
	at org.junit.platform.engine.support.hierarchical.ThrowableCollector.execute(ThrowableCollector.java:73)
	at org.junit.platform.engine.support.hierarchical.NodeTestTask.lambda$executeRecursively$8(NodeTestTask.java:141)
	at org.junit.platform.engine.support.hierarchical.Node.around(Node.java:137)
	at org.junit.platform.engine.support.hierarchical.NodeTestTask.lambda$executeRecursively$9(NodeTestTask.java:139)
	at org.junit.platform.engine.support.hierarchical.ThrowableCollector.execute(ThrowableCollector.java:73)
	at org.junit.platform.engine.support.hierarchical.NodeTestTask.executeRecursively(NodeTestTask.java:138)
	at org.junit.platform.engine.support.hierarchical.NodeTestTask.execute(NodeTestTask.java:95)
	at java.base/java.util.ArrayList.forEach(ArrayList.java:1511)
	at org.junit.platform.engine.support.hierarchical.SameThreadHierarchicalTestExecutorService.invokeAll(SameThreadHierarchicalTestExecutorService.java:41)
	at org.junit.platform.engine.support.hierarchical.NodeTestTask.lambda$executeRecursively$6(NodeTestTask.java:155)
	at org.junit.platform.engine.support.hierarchical.ThrowableCollector.execute(ThrowableCollector.java:73)
	at org.junit.platform.engine.support.hierarchical.NodeTestTask.lambda$executeRecursively$8(NodeTestTask.java:141)
	at org.junit.platform.engine.support.hierarchical.Node.around(Node.java:137)
	at org.junit.platform.engine.support.hierarchical.NodeTestTask.lambda$executeRecursively$9(NodeTestTask.java:139)
	at org.junit.platform.engine.support.hierarchical.ThrowableCollector.execute(ThrowableCollector.java:73)
	at org.junit.platform.engine.support.hierarchical.NodeTestTask.executeRecursively(NodeTestTask.java:138)
	at org.junit.platform.engine.support.hierarchical.NodeTestTask.execute(NodeTestTask.java:95)
	at java.base/java.util.ArrayList.forEach(ArrayList.java:1511)
	at org.junit.platform.engine.support.hierarchical.SameThreadHierarchicalTestExecutorService.invokeAll(SameThreadHierarchicalTestExecutorService.java:41)
	at org.junit.platform.engine.support.hierarchical.NodeTestTask.lambda$executeRecursively$6(NodeTestTask.java:155)
	at org.junit.platform.engine.support.hierarchical.ThrowableCollector.execute(ThrowableCollector.java:73)
	at org.junit.platform.engine.support.hierarchical.NodeTestTask.lambda$executeRecursively$8(NodeTestTask.java:141)
	at org.junit.platform.engine.support.hierarchical.Node.around(Node.java:137)
	at org.junit.platform.engine.support.hierarchical.NodeTestTask.lambda$executeRecursively$9(NodeTestTask.java:139)
	at org.junit.platform.engine.support.hierarchical.ThrowableCollector.execute(ThrowableCollector.java:73)
	at org.junit.platform.engine.support.hierarchical.NodeTestTask.executeRecursively(NodeTestTask.java:138)
	at org.junit.platform.engine.support.hierarchical.NodeTestTask.execute(NodeTestTask.java:95)
	at org.junit.platform.engine.support.hierarchical.SameThreadHierarchicalTestExecutorService.submit(SameThreadHierarchicalTestExecutorService.java:35)
	at org.junit.platform.engine.support.hierarchical.HierarchicalTestExecutor.execute(HierarchicalTestExecutor.java:57)
	at org.junit.platform.engine.support.hierarchical.HierarchicalTestEngine.execute(HierarchicalTestEngine.java:54)
	at org.junit.platform.launcher.core.EngineExecutionOrchestrator.execute(EngineExecutionOrchestrator.java:147)
	at org.junit.platform.launcher.core.EngineExecutionOrchestrator.execute(EngineExecutionOrchestrator.java:127)
	at org.junit.platform.launcher.core.EngineExecutionOrchestrator.execute(EngineExecutionOrchestrator.java:90)
	at org.junit.platform.launcher.core.EngineExecutionOrchestrator.lambda$execute$0(EngineExecutionOrchestrator.java:55)
	at org.junit.platform.launcher.core.EngineExecutionOrchestrator.withInterceptedStreams(EngineExecutionOrchestrator.java:102)
	at org.junit.platform.launcher.core.EngineExecutionOrchestrator.execute(EngineExecutionOrchestrator.java:54)
	at org.junit.platform.launcher.core.DefaultLauncher.execute(DefaultLauncher.java:114)
	at org.junit.platform.launcher.core.DefaultLauncher.execute(DefaultLauncher.java:86)
	at org.junit.platform.launcher.core.DefaultLauncherSession$DelegatingLauncher.execute(DefaultLauncherSession.java:86)
	at org.apache.maven.surefire.junitplatform.LazyLauncher.execute(LazyLauncher.java:50)
	at org.apache.maven.surefire.junitplatform.JUnitPlatformProvider.execute(JUnitPlatformProvider.java:184)
	at org.apache.maven.surefire.junitplatform.JUnitPlatformProvider.invokeAllTests(JUnitPlatformProvider.java:148)
	at org.apache.maven.surefire.junitplatform.JUnitPlatformProvider.invoke(JUnitPlatformProvider.java:122)
	at org.apache.maven.surefire.booter.ForkedBooter.runSuitesInProcess(ForkedBooter.java:385)
	at org.apache.maven.surefire.booter.ForkedBooter.execute(ForkedBooter.java:162)
	at org.apache.maven.surefire.booter.ForkedBooter.run(ForkedBooter.java:507)
	at org.apache.maven.surefire.booter.ForkedBooter.main(ForkedBooter.java:495)
]]></failure>
    <system-out><![CDATA[Hibernate: select b1_0.id,b1_0.eec_bank_iban,b1_0.eec_bank_name,b1_0.eec_bank_owner,b1_0.eec_city,b1_0.eec_company_register_number,b1_0.eec_email,b1_0.eec_id,b1_0.eec_name,b1_0.eec_phone,b1_0.eec_street,b1_0.eec_subject_to_vat,b1_0.eec_tax_id,b1_0.eec_vat_id,b1_0.eec_zip_code,b1_0.equipment_number,b1_0.metering_equipment_name,b1_0.metering_point_id,b1_0.metering_point_type,b1_0.participant_bank_iban,b1_0.participant_bank_name,b1_0.participant_bank_owner,b1_0.participant_city,b1_0.participant_company_register_number,b1_0.participant_email,b1_0.participant_firstname,b1_0.participant_id,b1_0.participant_lastname,b1_0.participant_number,b1_0.participant_sepa_mandate_issue_date,b1_0.participant_sepa_mandate_reference,b1_0.participant_street,b1_0.participant_tax_id,b1_0.participant_title_after,b1_0.participant_title_before,b1_0.participant_vat_id,b1_0.participant_zip_code,b1_0.tariff_basic_fee,b1_0.tariff_billing_period,b1_0.tariff_credit_amount_per_producedkwh,b1_0.tariff_discount,b1_0.tariff_freekwh,b1_0.tariff_metering_point_fee,b1_0.tariff_name,b1_0.tariff_participant_fee,b1_0.tariff_participant_fee_discount,b1_0.tariff_participant_fee_name,b1_0.tariff_participant_fee_use_vat,b1_0.tariff_participant_fee_vat_in_percent,b1_0.tariff_type,b1_0.tariff_use_metering_point_fee,b1_0.tariff_use_vat,b1_0.tariff_vat_in_percent,b1_0.tariff_working_fee_per_consumedkwh,b1_0.tenant_id from ( select md5(random()::text || clock_timestamp()::text)::uuid as id, m.* from base.billing_masterdata m ) b1_0 where b1_0.tenant_id=?
2024-02-18T22:27:10.646+01:00  WARN 496509 --- [           main] o.h.engine.jdbc.spi.SqlExceptionHelper   : SQL Error: 0, SQLState: 42703
2024-02-18T22:27:10.647+01:00 ERROR 496509 --- [           main] o.h.engine.jdbc.spi.SqlExceptionHelper   : ERROR: column b1_0.tariff_metering_point_fee does not exist
  Position: 1001
2024-02-18T22:27:10.656+01:00 ERROR 496509 --- [           main] o.v.e.billing.service.BillingService     : Abrechnung fehlgeschlagen

org.springframework.dao.InvalidDataAccessResourceUsageException: JDBC exception executing SQL [select b1_0.id,b1_0.eec_bank_iban,b1_0.eec_bank_name,b1_0.eec_bank_owner,b1_0.eec_city,b1_0.eec_company_register_number,b1_0.eec_email,b1_0.eec_id,b1_0.eec_name,b1_0.eec_phone,b1_0.eec_street,b1_0.eec_subject_to_vat,b1_0.eec_tax_id,b1_0.eec_vat_id,b1_0.eec_zip_code,b1_0.equipment_number,b1_0.metering_equipment_name,b1_0.metering_point_id,b1_0.metering_point_type,b1_0.participant_bank_iban,b1_0.participant_bank_name,b1_0.participant_bank_owner,b1_0.participant_city,b1_0.participant_company_register_number,b1_0.participant_email,b1_0.participant_firstname,b1_0.participant_id,b1_0.participant_lastname,b1_0.participant_number,b1_0.participant_sepa_mandate_issue_date,b1_0.participant_sepa_mandate_reference,b1_0.participant_street,b1_0.participant_tax_id,b1_0.participant_title_after,b1_0.participant_title_before,b1_0.participant_vat_id,b1_0.participant_zip_code,b1_0.tariff_basic_fee,b1_0.tariff_billing_period,b1_0.tariff_credit_amount_per_producedkwh,b1_0.tariff_discount,b1_0.tariff_freekwh,b1_0.tariff_metering_point_fee,b1_0.tariff_name,b1_0.tariff_participant_fee,b1_0.tariff_participant_fee_discount,b1_0.tariff_participant_fee_name,b1_0.tariff_participant_fee_use_vat,b1_0.tariff_participant_fee_vat_in_percent,b1_0.tariff_type,b1_0.tariff_use_metering_point_fee,b1_0.tariff_use_vat,b1_0.tariff_vat_in_percent,b1_0.tariff_working_fee_per_consumedkwh,b1_0.tenant_id from ( select md5(random()::text || clock_timestamp()::text)::uuid as id, m.* from base.billing_masterdata m ) b1_0 where b1_0.tenant_id=?] [ERROR: column b1_0.tariff_metering_point_fee does not exist
  Position: 1001] [n/a]; SQL [n/a]
	at org.springframework.orm.jpa.vendor.HibernateJpaDialect.convertHibernateAccessException(HibernateJpaDialect.java:256) ~[spring-orm-6.0.15.jar:6.0.15]
	at org.springframework.orm.jpa.vendor.HibernateJpaDialect.translateExceptionIfPossible(HibernateJpaDialect.java:229) ~[spring-orm-6.0.15.jar:6.0.15]
	at org.springframework.orm.jpa.AbstractEntityManagerFactoryBean.translateExceptionIfPossible(AbstractEntityManagerFactoryBean.java:550) ~[spring-orm-6.0.15.jar:6.0.15]
	at org.springframework.dao.support.ChainedPersistenceExceptionTranslator.translateExceptionIfPossible(ChainedPersistenceExceptionTranslator.java:61) ~[spring-tx-6.0.15.jar:6.0.15]
	at org.springframework.dao.support.DataAccessUtils.translateIfNecessary(DataAccessUtils.java:243) ~[spring-tx-6.0.15.jar:6.0.15]
	at org.springframework.dao.support.PersistenceExceptionTranslationInterceptor.invoke(PersistenceExceptionTranslationInterceptor.java:152) ~[spring-tx-6.0.15.jar:6.0.15]
	at org.springframework.aop.framework.ReflectiveMethodInvocation.proceed(ReflectiveMethodInvocation.java:184) ~[spring-aop-6.0.15.jar:6.0.15]
	at org.springframework.data.jpa.repository.support.CrudMethodMetadataPostProcessor$CrudMethodMetadataPopulatingMethodInterceptor.invoke(CrudMethodMetadataPostProcessor.java:135) ~[spring-data-jpa-3.1.7.jar:3.1.7]
	at org.springframework.aop.framework.ReflectiveMethodInvocation.proceed(ReflectiveMethodInvocation.java:184) ~[spring-aop-6.0.15.jar:6.0.15]
	at org.springframework.aop.interceptor.ExposeInvocationInterceptor.invoke(ExposeInvocationInterceptor.java:97) ~[spring-aop-6.0.15.jar:6.0.15]
	at org.springframework.aop.framework.ReflectiveMethodInvocation.proceed(ReflectiveMethodInvocation.java:184) ~[spring-aop-6.0.15.jar:6.0.15]
	at org.springframework.aop.framework.JdkDynamicAopProxy.invoke(JdkDynamicAopProxy.java:244) ~[spring-aop-6.0.15.jar:6.0.15]
	at jdk.proxy2/jdk.proxy2.$Proxy178.findByTenantId(Unknown Source) ~[na:na]
	at org.vfeeg.eegfaktura.billing.service.BillingService.doBilling(BillingService.java:76) ~[classes/:na]
	at java.base/jdk.internal.reflect.NativeMethodAccessorImpl.invoke0(Native Method) ~[na:na]
	at java.base/jdk.internal.reflect.NativeMethodAccessorImpl.invoke(NativeMethodAccessorImpl.java:77) ~[na:na]
	at java.base/jdk.internal.reflect.DelegatingMethodAccessorImpl.invoke(DelegatingMethodAccessorImpl.java:43) ~[na:na]
	at java.base/java.lang.reflect.Method.invoke(Method.java:568) ~[na:na]
	at org.springframework.aop.support.AopUtils.invokeJoinpointUsingReflection(AopUtils.java:343) ~[spring-aop-6.0.15.jar:6.0.15]
	at org.springframework.aop.framework.ReflectiveMethodInvocation.invokeJoinpoint(ReflectiveMethodInvocation.java:196) ~[spring-aop-6.0.15.jar:6.0.15]
	at org.springframework.aop.framework.ReflectiveMethodInvocation.proceed(ReflectiveMethodInvocation.java:163) ~[spring-aop-6.0.15.jar:6.0.15]
	at org.springframework.aop.framework.CglibAopProxy$CglibMethodInvocation.proceed(CglibAopProxy.java:751) ~[spring-aop-6.0.15.jar:6.0.15]
	at org.springframework.transaction.interceptor.TransactionInterceptor$1.proceedWithInvocation(TransactionInterceptor.java:123) ~[spring-tx-6.0.15.jar:6.0.15]
	at org.springframework.transaction.interceptor.TransactionAspectSupport.invokeWithinTransaction(TransactionAspectSupport.java:391) ~[spring-tx-6.0.15.jar:6.0.15]
	at org.springframework.transaction.interceptor.TransactionInterceptor.invoke(TransactionInterceptor.java:119) ~[spring-tx-6.0.15.jar:6.0.15]
	at org.springframework.aop.framework.ReflectiveMethodInvocation.proceed(ReflectiveMethodInvocation.java:184) ~[spring-aop-6.0.15.jar:6.0.15]
[...]
	at org.junit.platform.engine.support.hierarchical.NodeTestTask.execute(NodeTestTask.java:95) ~[junit-platform-engine-1.9.3.jar:1.9.3]
	at java.base/java.util.ArrayList.forEach(ArrayList.java:1511) ~[na:na]
	at org.junit.platform.engine.support.hierarchical.SameThreadHierarchicalTestExecutorService.invokeAll(SameThreadHierarchicalTestExecutorService.java:41) ~[junit-platform-engine-1.9.3.jar:1.9.3]
	at org.junit.platform.engine.support.hierarchical.NodeTestTask.lambda$executeRecursively$6(NodeTestTask.java:155) ~[junit-platform-engine-1.9.3.jar:1.9.3]
	at org.junit.platform.engine.support.hierarchical.ThrowableCollector.execute(ThrowableCollector.java:73) ~[junit-platform-engine-1.9.3.jar:1.9.3]
	at org.junit.platform.engine.support.hierarchical.NodeTestTask.lambda$executeRecursively$8(NodeTestTask.java:141) ~[junit-platform-engine-1.9.3.jar:1.9.3]
	at org.junit.platform.engine.support.hierarchical.Node.around(Node.java:137) ~[junit-platform-engine-1.9.3.jar:1.9.3]
	at org.junit.platform.engine.support.hierarchical.NodeTestTask.lambda$executeRecursively$9(NodeTestTask.java:139) ~[junit-platform-engine-1.9.3.jar:1.9.3]
	at org.junit.platform.engine.support.hierarchical.ThrowableCollector.execute(ThrowableCollector.java:73) ~[junit-platform-engine-1.9.3.jar:1.9.3]
	at org.junit.platform.engine.support.hierarchical.NodeTestTask.executeRecursively(NodeTestTask.java:138) ~[junit-platform-engine-1.9.3.jar:1.9.3]
	at org.junit.platform.engine.support.hierarchical.NodeTestTask.execute(NodeTestTask.java:95) ~[junit-platform-engine-1.9.3.jar:1.9.3]
	at java.base/java.util.ArrayList.forEach(ArrayList.java:1511) ~[na:na]
	at org.junit.platform.engine.support.hierarchical.SameThreadHierarchicalTestExecutorService.invokeAll(SameThreadHierarchicalTestExecutorService.java:41) ~[junit-platform-engine-1.9.3.jar:1.9.3]
	at org.junit.platform.engine.support.hierarchical.NodeTestTask.lambda$executeRecursively$6(NodeTestTask.java:155) ~[junit-platform-engine-1.9.3.jar:1.9.3]
	at org.junit.platform.engine.support.hierarchical.ThrowableCollector.execute(ThrowableCollector.java:73) ~[junit-platform-engine-1.9.3.jar:1.9.3]
	at org.junit.platform.engine.support.hierarchical.NodeTestTask.lambda$executeRecursively$8(NodeTestTask.java:141) ~[junit-platform-engine-1.9.3.jar:1.9.3]
	at org.junit.platform.engine.support.hierarchical.Node.around(Node.java:137) ~[junit-platform-engine-1.9.3.jar:1.9.3]
	at org.junit.platform.engine.support.hierarchical.NodeTestTask.lambda$executeRecursively$9(NodeTestTask.java:139) ~[junit-platform-engine-1.9.3.jar:1.9.3]
	at org.junit.platform.engine.support.hierarchical.ThrowableCollector.execute(ThrowableCollector.java:73) ~[junit-platform-engine-1.9.3.jar:1.9.3]
	at org.junit.platform.engine.support.hierarchical.NodeTestTask.executeRecursively(NodeTestTask.java:138) ~[junit-platform-engine-1.9.3.jar:1.9.3]
	at org.junit.platform.engine.support.hierarchical.NodeTestTask.execute(NodeTestTask.java:95) ~[junit-platform-engine-1.9.3.jar:1.9.3]
	at org.junit.platform.engine.support.hierarchical.SameThreadHierarchicalTestExecutorService.submit(SameThreadHierarchicalTestExecutorService.java:35) ~[junit-platform-engine-1.9.3.jar:1.9.3]
	at org.junit.platform.engine.support.hierarchical.HierarchicalTestExecutor.execute(HierarchicalTestExecutor.java:57) ~[junit-platform-engine-1.9.3.jar:1.9.3]
	at org.junit.platform.engine.support.hierarchical.HierarchicalTestEngine.execute(HierarchicalTestEngine.java:54) ~[junit-platform-engine-1.9.3.jar:1.9.3]
	at org.junit.platform.launcher.core.EngineExecutionOrchestrator.execute(EngineExecutionOrchestrator.java:147) ~[junit-platform-launcher-1.9.3.jar:1.9.3]
	at org.junit.platform.launcher.core.EngineExecutionOrchestrator.execute(EngineExecutionOrchestrator.java:127) ~[junit-platform-launcher-1.9.3.jar:1.9.3]
	at org.junit.platform.launcher.core.EngineExecutionOrchestrator.execute(EngineExecutionOrchestrator.java:90) ~[junit-platform-launcher-1.9.3.jar:1.9.3]
	at org.junit.platform.launcher.core.EngineExecutionOrchestrator.lambda$execute$0(EngineExecutionOrchestrator.java:55) ~[junit-platform-launcher-1.9.3.jar:1.9.3]
	at org.junit.platform.launcher.core.EngineExecutionOrchestrator.withInterceptedStreams(EngineExecutionOrchestrator.java:102) ~[junit-platform-launcher-1.9.3.jar:1.9.3]
	at org.junit.platform.launcher.core.EngineExecutionOrchestrator.execute(EngineExecutionOrchestrator.java:54) ~[junit-platform-launcher-1.9.3.jar:1.9.3]
	at org.junit.platform.launcher.core.DefaultLauncher.execute(DefaultLauncher.java:114) ~[junit-platform-launcher-1.9.3.jar:1.9.3]
	at org.junit.platform.launcher.core.DefaultLauncher.execute(DefaultLauncher.java:86) ~[junit-platform-launcher-1.9.3.jar:1.9.3]
	at org.junit.platform.launcher.core.DefaultLauncherSession$DelegatingLauncher.execute(DefaultLauncherSession.java:86) ~[junit-platform-launcher-1.9.3.jar:1.9.3]
	at org.apache.maven.surefire.junitplatform.LazyLauncher.execute(LazyLauncher.java:50) ~[surefire-junit-platform-3.0.0.jar:3.0.0]
	at org.apache.maven.surefire.junitplatform.JUnitPlatformProvider.execute(JUnitPlatformProvider.java:184) ~[surefire-junit-platform-3.0.0.jar:3.0.0]
	at org.apache.maven.surefire.junitplatform.JUnitPlatformProvider.invokeAllTests(JUnitPlatformProvider.java:148) ~[surefire-junit-platform-3.0.0.jar:3.0.0]
	at org.apache.maven.surefire.junitplatform.JUnitPlatformProvider.invoke(JUnitPlatformProvider.java:122) ~[surefire-junit-platform-3.0.0.jar:3.0.0]
	at org.apache.maven.surefire.booter.ForkedBooter.runSuitesInProcess(ForkedBooter.java:385) ~[surefire-booter-3.0.0.jar:3.0.0]
	at org.apache.maven.surefire.booter.ForkedBooter.execute(ForkedBooter.java:162) ~[surefire-booter-3.0.0.jar:3.0.0]
	at org.apache.maven.surefire.booter.ForkedBooter.run(ForkedBooter.java:507) ~[surefire-booter-3.0.0.jar:3.0.0]
	at org.apache.maven.surefire.booter.ForkedBooter.main(ForkedBooter.java:495) ~[surefire-booter-3.0.0.jar:3.0.0]
Caused by: org.hibernate.exception.SQLGrammarException: JDBC exception executing SQL [select b1_0.id,b1_0.eec_bank_iban,b1_0.eec_bank_name,b1_0.eec_bank_owner,b1_0.eec_city,b1_0.eec_company_register_number,b1_0.eec_email,b1_0.eec_id,b1_0.eec_name,b1_0.eec_phone,b1_0.eec_street,b1_0.eec_subject_to_vat,b1_0.eec_tax_id,b1_0.eec_vat_id,b1_0.eec_zip_code,b1_0.equipment_number,b1_0.metering_equipment_name,b1_0.metering_point_id,b1_0.metering_point_type,b1_0.participant_bank_iban,b1_0.participant_bank_name,b1_0.participant_bank_owner,b1_0.participant_city,b1_0.participant_company_register_number,b1_0.participant_email,b1_0.participant_firstname,b1_0.participant_id,b1_0.participant_lastname,b1_0.participant_number,b1_0.participant_sepa_mandate_issue_date,b1_0.participant_sepa_mandate_reference,b1_0.participant_street,b1_0.participant_tax_id,b1_0.participant_title_after,b1_0.participant_title_before,b1_0.participant_vat_id,b1_0.participant_zip_code,b1_0.tariff_basic_fee,b1_0.tariff_billing_period,b1_0.tariff_credit_amount_per_producedkwh,b1_0.tariff_discount,b1_0.tariff_freekwh,b1_0.tariff_metering_point_fee,b1_0.tariff_name,b1_0.tariff_participant_fee,b1_0.tariff_participant_fee_discount,b1_0.tariff_participant_fee_name,b1_0.tariff_participant_fee_use_vat,b1_0.tariff_participant_fee_vat_in_percent,b1_0.tariff_type,b1_0.tariff_use_metering_point_fee,b1_0.tariff_use_vat,b1_0.tariff_vat_in_percent,b1_0.tariff_working_fee_per_consumedkwh,b1_0.tenant_id from ( select md5(random()::text || clock_timestamp()::text)::uuid as id, m.* from base.billing_masterdata m ) b1_0 where b1_0.tenant_id=?] [ERROR: column b1_0.tariff_metering_point_fee does not exist
  Position: 1001] [n/a]
	at org.hibernate.exception.internal.SQLStateConversionDelegate.convert(SQLStateConversionDelegate.java:89) ~[hibernate-core-6.2.17.Final.jar:6.2.17.Final]
	at org.hibernate.exception.internal.StandardSQLExceptionConverter.convert(StandardSQLExceptionConverter.java:56) ~[hibernate-core-6.2.17.Final.jar:6.2.17.Final]
	at org.hibernate.engine.jdbc.spi.SqlExceptionHelper.convert(SqlExceptionHelper.java:108) ~[hibernate-core-6.2.17.Final.jar:6.2.17.Final]
	at org.hibernate.engine.jdbc.spi.SqlExceptionHelper.convert(SqlExceptionHelper.java:94) ~[hibernate-core-6.2.17.Final.jar:6.2.17.Final]
	at org.hibernate.sql.results.jdbc.internal.DeferredResultSetAccess.executeQuery(DeferredResultSetAccess.java:257) ~[hibernate-core-6.2.17.Final.jar:6.2.17.Final]
	at org.hibernate.sql.results.jdbc.internal.DeferredResultSetAccess.getResultSet(DeferredResultSetAccess.java:163) ~[hibernate-core-6.2.17.Final.jar:6.2.17.Final]
	at org.hibernate.sql.results.jdbc.internal.JdbcValuesResultSetImpl.advanceNext(JdbcValuesResultSetImpl.java:254) ~[hibernate-core-6.2.17.Final.jar:6.2.17.Final]
	at org.hibernate.sql.results.jdbc.internal.JdbcValuesResultSetImpl.processNext(JdbcValuesResultSetImpl.java:134) ~[hibernate-core-6.2.17.Final.jar:6.2.17.Final]
	at org.hibernate.sql.results.jdbc.internal.AbstractJdbcValues.next(AbstractJdbcValues.java:19) ~[hibernate-core-6.2.17.Final.jar:6.2.17.Final]
	at org.hibernate.sql.results.internal.RowProcessingStateStandardImpl.next(RowProcessingStateStandardImpl.java:66) ~[hibernate-core-6.2.17.Final.jar:6.2.17.Final]
	at org.hibernate.sql.results.spi.ListResultsConsumer.consume(ListResultsConsumer.java:198) ~[hibernate-core-6.2.17.Final.jar:6.2.17.Final]
	at org.hibernate.sql.results.spi.ListResultsConsumer.consume(ListResultsConsumer.java:33) ~[hibernate-core-6.2.17.Final.jar:6.2.17.Final]
	at org.hibernate.sql.exec.internal.JdbcSelectExecutorStandardImpl.doExecuteQuery(JdbcSelectExecutorStandardImpl.java:361) ~[hibernate-core-6.2.17.Final.jar:6.2.17.Final]
	at org.hibernate.sql.exec.internal.JdbcSelectExecutorStandardImpl.executeQuery(JdbcSelectExecutorStandardImpl.java:168) ~[hibernate-core-6.2.17.Final.jar:6.2.17.Final]
	at org.hibernate.sql.exec.internal.JdbcSelectExecutorStandardImpl.list(JdbcSelectExecutorStandardImpl.java:93) ~[hibernate-core-6.2.17.Final.jar:6.2.17.Final]
	at org.hibernate.sql.exec.spi.JdbcSelectExecutor.list(JdbcSelectExecutor.java:31) ~[hibernate-core-6.2.17.Final.jar:6.2.17.Final]
	at org.hibernate.query.sqm.internal.ConcreteSqmSelectQueryPlan.lambda$new$0(ConcreteSqmSelectQueryPlan.java:110) ~[hibernate-core-6.2.17.Final.jar:6.2.17.Final]
	at org.hibernate.query.sqm.internal.ConcreteSqmSelectQueryPlan.withCacheableSqmInterpretation(ConcreteSqmSelectQueryPlan.java:303) ~[hibernate-core-6.2.17.Final.jar:6.2.17.Final]
	at org.hibernate.query.sqm.internal.ConcreteSqmSelectQueryPlan.performList(ConcreteSqmSelectQueryPlan.java:244) ~[hibernate-core-6.2.17.Final.jar:6.2.17.Final]
	at org.hibernate.query.sqm.internal.QuerySqmImpl.doList(QuerySqmImpl.java:518) ~[hibernate-core-6.2.17.Final.jar:6.2.17.Final]
	at org.hibernate.query.spi.AbstractSelectionQuery.list(AbstractSelectionQuery.java:367) ~[hibernate-core-6.2.17.Final.jar:6.2.17.Final]
	at org.hibernate.query.Query.getResultList(Query.java:119) ~[hibernate-core-6.2.17.Final.jar:6.2.17.Final]
	at org.springframework.data.jpa.repository.query.JpaQueryExecution$CollectionExecution.doExecute(JpaQueryExecution.java:129) ~[spring-data-jpa-3.1.7.jar:3.1.7]
	at org.springframework.data.jpa.repository.query.JpaQueryExecution.execute(JpaQueryExecution.java:92) ~[spring-data-jpa-3.1.7.jar:3.1.7]
	at org.springframework.data.jpa.repository.query.AbstractJpaQuery.doExecute(AbstractJpaQuery.java:149) ~[spring-data-jpa-3.1.7.jar:3.1.7]
	at org.springframework.data.jpa.repository.query.AbstractJpaQuery.execute(AbstractJpaQuery.java:137) ~[spring-data-jpa-3.1.7.jar:3.1.7]
	at org.springframework.data.repository.core.support.RepositoryMethodInvoker.doInvoke(RepositoryMethodInvoker.java:136) ~[spring-data-commons-3.1.7.jar:3.1.7]
	at org.springframework.data.repository.core.support.RepositoryMethodInvoker.invoke(RepositoryMethodInvoker.java:120) ~[spring-data-commons-3.1.7.jar:3.1.7]
	at org.springframework.data.repository.core.support.QueryExecutorMethodInterceptor.doInvoke(QueryExecutorMethodInterceptor.java:164) ~[spring-data-commons-3.1.7.jar:3.1.7]
	at org.springframework.data.repository.core.support.QueryExecutorMethodInterceptor.invoke(QueryExecutorMethodInterceptor.java:143) ~[spring-data-commons-3.1.7.jar:3.1.7]
	at org.springframework.aop.framework.ReflectiveMethodInvocation.proceed(ReflectiveMethodInvocation.java:184) ~[spring-aop-6.0.15.jar:6.0.15]
	at org.springframework.data.projection.DefaultMethodInvokingMethodInterceptor.invoke(DefaultMethodInvokingMethodInterceptor.java:70) ~[spring-data-commons-3.1.7.jar:3.1.7]
	at org.springframework.aop.framework.ReflectiveMethodInvocation.proceed(ReflectiveMethodInvocation.java:184) ~[spring-aop-6.0.15.jar:6.0.15]
	at org.springframework.transaction.interceptor.TransactionInterceptor$1.proceedWithInvocation(TransactionInterceptor.java:123) ~[spring-tx-6.0.15.jar:6.0.15]
	at org.springframework.transaction.interceptor.TransactionAspectSupport.invokeWithinTransaction(TransactionAspectSupport.java:391) ~[spring-tx-6.0.15.jar:6.0.15]
	at org.springframework.transaction.interceptor.TransactionInterceptor.invoke(TransactionInterceptor.java:119) ~[spring-tx-6.0.15.jar:6.0.15]
	at org.springframework.aop.framework.ReflectiveMethodInvocation.proceed(ReflectiveMethodInvocation.java:184) ~[spring-aop-6.0.15.jar:6.0.15]
	at org.springframework.dao.support.PersistenceExceptionTranslationInterceptor.invoke(PersistenceExceptionTranslationInterceptor.java:137) ~[spring-tx-6.0.15.jar:6.0.15]
	... 95 common frames omitted
Caused by: org.postgresql.util.PSQLException: ERROR: column b1_0.tariff_metering_point_fee does not exist
  Position: 1001
	at org.postgresql.core.v3.QueryExecutorImpl.receiveErrorResponse(QueryExecutorImpl.java:2713) ~[postgresql-42.6.0.jar:42.6.0]
	at org.postgresql.core.v3.QueryExecutorImpl.processResults(QueryExecutorImpl.java:2401) ~[postgresql-42.6.0.jar:42.6.0]
	at org.postgresql.core.v3.QueryExecutorImpl.execute(QueryExecutorImpl.java:368) ~[postgresql-42.6.0.jar:42.6.0]
	at org.postgresql.jdbc.PgStatement.executeInternal(PgStatement.java:498) ~[postgresql-42.6.0.jar:42.6.0]
	at org.postgresql.jdbc.PgStatement.execute(PgStatement.java:415) ~[postgresql-42.6.0.jar:42.6.0]
	at org.postgresql.jdbc.PgPreparedStatement.executeWithFlags(PgPreparedStatement.java:190) ~[postgresql-42.6.0.jar:42.6.0]
	at org.postgresql.jdbc.PgPreparedStatement.executeQuery(PgPreparedStatement.java:134) ~[postgresql-42.6.0.jar:42.6.0]
	at com.zaxxer.hikari.pool.ProxyPreparedStatement.executeQuery(ProxyPreparedStatement.java:52) ~[HikariCP-5.0.1.jar:na]
	at com.zaxxer.hikari.pool.HikariProxyPreparedStatement.executeQuery(HikariProxyPreparedStatement.java) ~[HikariCP-5.0.1.jar:na]
	at org.hibernate.sql.results.jdbc.internal.DeferredResultSetAccess.executeQuery(DeferredResultSetAccess.java:239) ~[hibernate-core-6.2.17.Final.jar:6.2.17.Final]
	... 128 common frames omitted

]]></system-out>
  </testcase>
  <testcase name="testBillingDocumentNumberGenerator_TenInARow" classname="org.vfeeg.eegfaktura.billing.EegfakturaBillingApplicationTests" time="0.102">
    <system-out><![CDATA[Hibernate: select max(b1_0.sequence_number) from billing_document_number b1_0 where b1_0.tenant_id=? and b1_0.year=? and b1_0.prefix=? group by b1_0.tenant_id,b1_0.year,b1_0.prefix
Hibernate: insert into billing_document_number (date_created,document_number,document_type,last_updated,prefix,sequence_number,tenant_id,year,id) values (?,?,?,?,?,?,?,?,?)
Hibernate: select max(b1_0.sequence_number) from billing_document_number b1_0 where b1_0.tenant_id=? and b1_0.year=? and b1_0.prefix=? group by b1_0.tenant_id,b1_0.year,b1_0.prefix
Hibernate: insert into billing_document_number (date_created,document_number,document_type,last_updated,prefix,sequence_number,tenant_id,year,id) values (?,?,?,?,?,?,?,?,?)
Hibernate: select max(b1_0.sequence_number) from billing_document_number b1_0 where b1_0.tenant_id=? and b1_0.year=? and b1_0.prefix=? group by b1_0.tenant_id,b1_0.year,b1_0.prefix
Hibernate: insert into billing_document_number (date_created,document_number,document_type,last_updated,prefix,sequence_number,tenant_id,year,id) values (?,?,?,?,?,?,?,?,?)
Hibernate: select max(b1_0.sequence_number) from billing_document_number b1_0 where b1_0.tenant_id=? and b1_0.year=? and b1_0.prefix=? group by b1_0.tenant_id,b1_0.year,b1_0.prefix
Hibernate: insert into billing_document_number (date_created,document_number,document_type,last_updated,prefix,sequence_number,tenant_id,year,id) values (?,?,?,?,?,?,?,?,?)
Hibernate: select max(b1_0.sequence_number) from billing_document_number b1_0 where b1_0.tenant_id=? and b1_0.year=? and b1_0.prefix=? group by b1_0.tenant_id,b1_0.year,b1_0.prefix
Hibernate: insert into billing_document_number (date_created,document_number,document_type,last_updated,prefix,sequence_number,tenant_id,year,id) values (?,?,?,?,?,?,?,?,?)
Hibernate: select max(b1_0.sequence_number) from billing_document_number b1_0 where b1_0.tenant_id=? and b1_0.year=? and b1_0.prefix=? group by b1_0.tenant_id,b1_0.year,b1_0.prefix
Hibernate: insert into billing_document_number (date_created,document_number,document_type,last_updated,prefix,sequence_number,tenant_id,year,id) values (?,?,?,?,?,?,?,?,?)
Hibernate: select max(b1_0.sequence_number) from billing_document_number b1_0 where b1_0.tenant_id=? and b1_0.year=? and b1_0.prefix=? group by b1_0.tenant_id,b1_0.year,b1_0.prefix
Hibernate: insert into billing_document_number (date_created,document_number,document_type,last_updated,prefix,sequence_number,tenant_id,year,id) values (?,?,?,?,?,?,?,?,?)
Hibernate: select max(b1_0.sequence_number) from billing_document_number b1_0 where b1_0.tenant_id=? and b1_0.year=? and b1_0.prefix=? group by b1_0.tenant_id,b1_0.year,b1_0.prefix
Hibernate: insert into billing_document_number (date_created,document_number,document_type,last_updated,prefix,sequence_number,tenant_id,year,id) values (?,?,?,?,?,?,?,?,?)
Hibernate: select max(b1_0.sequence_number) from billing_document_number b1_0 where b1_0.tenant_id=? and b1_0.year=? and b1_0.prefix=? group by b1_0.tenant_id,b1_0.year,b1_0.prefix
Hibernate: insert into billing_document_number (date_created,document_number,document_type,last_updated,prefix,sequence_number,tenant_id,year,id) values (?,?,?,?,?,?,?,?,?)
Hibernate: select max(b1_0.sequence_number) from billing_document_number b1_0 where b1_0.tenant_id=? and b1_0.year=? and b1_0.prefix=? group by b1_0.tenant_id,b1_0.year,b1_0.prefix
Hibernate: insert into billing_document_number (date_created,document_number,document_type,last_updated,prefix,sequence_number,tenant_id,year,id) values (?,?,?,?,?,?,?,?,?)
]]></system-out>
  </testcase>
  <testcase name="contextLoads" classname="org.vfeeg.eegfaktura.billing.EegfakturaBillingApplicationTests" time="0.007"/>
  <testcase name="testBillingDocumentNumberGenerator_BeginWithOne" classname="org.vfeeg.eegfaktura.billing.EegfakturaBillingApplicationTests" time="0.015">
    <system-out><![CDATA[Hibernate: select max(b1_0.sequence_number) from billing_document_number b1_0 where b1_0.tenant_id=? and b1_0.year=? and b1_0.prefix=? group by b1_0.tenant_id,b1_0.year,b1_0.prefix
Hibernate: insert into billing_document_number (date_created,document_number,document_type,last_updated,prefix,sequence_number,tenant_id,year,id) values (?,?,?,?,?,?,?,?,?)
]]></system-out>
  </testcase>
  <testcase name="testBillingDocumentNumberGenerator_ExceedingSequenceLength" classname="org.vfeeg.eegfaktura.billing.EegfakturaBillingApplicationTests" time="0.017">
    <system-out><![CDATA[Hibernate: select max(b1_0.sequence_number) from billing_document_number b1_0 where b1_0.tenant_id=? and b1_0.year=? and b1_0.prefix=? group by b1_0.tenant_id,b1_0.year,b1_0.prefix
Hibernate: insert into billing_document_number (date_created,document_number,document_type,last_updated,prefix,sequence_number,tenant_id,year,id) values (?,?,?,?,?,?,?,?,?)
]]></system-out>
  </testcase>
</testsuite>